#
# A fatal error has been detected by the Java Runtime Environment:
#
#  SIGSEGV (0xb) at pc=0x00000001018c711b, pid=7483, tid=0x0000000000002903
#
# JRE version: Java(TM) SE Runtime Environment (8.0_102-b14) (build 1.8.0_102-b14)
# Java VM: Java HotSpot(TM) 64-Bit Server VM (25.102-b14 mixed mode bsd-amd64 compressed oops)
# Problematic frame:
# V  [libjvm.dylib+0x4c711b]  oopDesc* PSPromotionManager::copy_to_survivor_space<false>(oopDesc*)+0x417
#
# Failed to write core dump. Core dumps have been disabled. To enable core dumping, try "ulimit -c unlimited" before starting Java again
#
# If you would like to submit a bug report, please visit:
#   http://bugreport.java.com/bugreport/crash.jsp
#

---------------  T H R E A D  ---------------

Current thread (0x00007fea7e80a000):  GCTaskThread [stack: 0x0000700004387000,0x0000700004487000] [id=10499]

siginfo: si_signo: 11 (SIGSEGV), si_code: 1 (SEGV_MAPERR), si_addr: 0x0000000000000118

Registers:
RAX=0x00000007c00917a8, RBX=0x0000000000000001, RCX=0x0000000000000003, RDX=0x00000007a0183128
RSP=0x0000700004486c80, RBP=0x0000700004486ce0, RSI=0x00007fea7e025f40, RDI=0x00000007c00917a8
R8 =0x0000000101ce5e16, R9 =0x00000007a0183128, R10=0x00000007a0193130, R11=0x0000000009719398
R12=0x0000000000000001, R13=0x00000007a0183128, R14=0x00007fea7e025f40, R15=0x0000000000000000
RIP=0x00000001018c711b, EFLAGS=0x0000000000010213, ERR=0x0000000000000004
  TRAPNO=0x000000000000000e

Top of Stack: (sp=0x0000700004486c80)
0x0000700004486c80:   00000007a017db1c 0000000796a69d90
0x0000700004486c90:   00000007a017db20 00000007c00be360
0x0000700004486ca0:   00007fea7e025f40 0000000000000005
0x0000700004486cb0:   0000000000000009 00000007a017db39
0x0000700004486cc0:   0000000101ce5e16 00000007a017db39
0x0000700004486cd0:   00000007a017db38 00007fea7e025fd8
0x0000700004486ce0:   0000700004486d00 00000001018c724f
0x0000700004486cf0:   00007fea7e025f40 00007fea7e025fa0
0x0000700004486d00:   0000700004486d60 00000001018c61e2
0x0000700004486d10:   000000000000000d 01000007424314bd
0x0000700004486d20:   00000007a017db39 0000700004486d78
0x0000700004486d30:   00000007424314bc 0000000000000003
0x0000700004486d40:   0000700004486d84 0000700004486d78
0x0000700004486d50:   00007fea7def80e0 00007fea7e025f40
0x0000700004486d60:   0000700004486db0 00000001018c9eef
0x0000700004486d70:   0000000000000003 00000007424314bd
0x0000700004486d80:   453c074904486db0 00007fea7e80a000
0x0000700004486d90:   0000000000000000 0000000101a137ba
0x0000700004486da0:   00007fea7def80e0 0000000000000001
0x0000700004486db0:   0000700004486e90 00000001016761ff
0x0000700004486dc0:   0000700004486df0 00007fea7d60fdd0
0x0000700004486dd0:   00007fea7d60fe00 00007fea7d60fe10
0x0000700004486de0:   00007fea7d6101e8 00000000000003d8
0x0000700004486df0:   00007fea7e80a000 00007fea7d6101f0
0x0000700004486e00:   00007fea7d610230 00007fea7d610240
0x0000700004486e10:   00007fea7d610318 00000000000000d8
0x0000700004486e20:   0000700004486e30 0000000000000000
0x0000700004486e30:   00007fea7e80a000 00007fea7d6101f0
0x0000700004486e40:   00007fea7d610230 00007fea7d610240
0x0000700004486e50:   00007fea7d610318 00000000000000d8
0x0000700004486e60:   00007fea7d610430 00007fea7e80a000
0x0000700004486e70:   00000000000471d3 0000000000002903 

Instructions: (pc=0x00000001018c711b)
0x00000001018c70fb:   7d 08 48 d3 e7 49 03 3f eb 04 49 8b 7d 08 81 7f
0x00000001018c710b:   08 ff ff ff bf 77 10 4c 8b 3f 4c 89 f6 4c 89 ea
0x00000001018c711b:   41 ff 97 18 01 00 00 4c 89 e8 48 83 c4 38 5b 41
0x00000001018c712b:   5c 41 5d 41 5e 41 5f 5d c3 48 8b 75 a8 48 83 ce 

Register to memory mapping:

RAX=0x00000007c00917a8 is pointing into metadata
RBX=0x0000000000000001 is an unknown value
RCX=0x0000000000000003 is an unknown value
RDX=0x00000007a0183128 is an oop

[error occurred during error reporting (printing register info), id 0xb]

Stack: [0x0000700004387000,0x0000700004487000],  sp=0x0000700004486c80,  free space=1023k
Native frames: (J=compiled Java code, j=interpreted, Vv=VM code, C=native code)
V  [libjvm.dylib+0x4c711b]  oopDesc* PSPromotionManager::copy_to_survivor_space<false>(oopDesc*)+0x417
V  [libjvm.dylib+0x4c724f]  PSPromotionManager::process_popped_location_depth(StarTask)+0x73
V  [libjvm.dylib+0x4c61e2]  PSPromotionManager::drain_stacks_depth(bool)+0x8a
V  [libjvm.dylib+0x4c9eef]  StealTask::do_it(GCTaskManager*, unsigned int)+0x9f
V  [libjvm.dylib+0x2761ff]  GCTaskThread::run()+0x1a1
V  [libjvm.dylib+0x489ed2]  java_start(Thread*)+0xf6
C  [libsystem_pthread.dylib+0x3aab]  _pthread_body+0xb4
C  [libsystem_pthread.dylib+0x39f7]  _pthread_body+0x0
C  [libsystem_pthread.dylib+0x31fd]  thread_start+0xd


---------------  P R O C E S S  ---------------

Java Threads: ( => current thread )
  0x00007fea7f087000 JavaThread "[Timer] - Main Queue Handler" daemon [_thread_blocked, id=39427, stack(0x0000700005743000,0x0000700005843000)]
  0x00007fea8092d000 JavaThread "Component Resolve Thread" daemon [_thread_blocked, id=38155, stack(0x0000700005640000,0x0000700005740000)]
  0x00007fea7e249800 JavaThread "Resolver thread - Equinox Container: 4e93635b-9701-464a-924d-8c5108cb58bd" daemon [_thread_blocked, id=37635, stack(0x000070000553d000,0x000070000563d000)]
  0x00007fea7f363800 JavaThread "Bundle File Closer" daemon [_thread_blocked, id=36871, stack(0x000070000543a000,0x000070000553a000)]
  0x00007fea7eb17800 JavaThread "Start Level: Equinox Container: 4e93635b-9701-464a-924d-8c5108cb58bd" daemon [_thread_blocked, id=36623, stack(0x0000700005337000,0x0000700005437000)]
  0x00007fea7e1e6000 JavaThread "Refresh Thread: Equinox Container: 4e93635b-9701-464a-924d-8c5108cb58bd" daemon [_thread_blocked, id=20995, stack(0x00007000051b1000,0x00007000052b1000)]
  0x00007fea7e1e5000 JavaThread "Framework Event Dispatcher: org.eclipse.osgi.internal.framework.EquinoxEventPublisher@402f32ff" daemon [_thread_blocked, id=20483, stack(0x00007000050ae000,0x00007000051ae000)]
  0x00007fea7f1eb000 JavaThread "Active Thread: Equinox Container: 4e93635b-9701-464a-924d-8c5108cb58bd" [_thread_blocked, id=19971, stack(0x0000700004fab000,0x00007000050ab000)]
  0x00007fea7f0ca000 JavaThread "Resolver thread - Equinox Container: 4e93635b-9701-464a-924d-8c5108cb58bd" daemon [_thread_blocked, id=19459, stack(0x0000700004ea8000,0x0000700004fa8000)]
  0x00007fea7f0aa800 JavaThread "Resolver thread - Equinox Container: 4e93635b-9701-464a-924d-8c5108cb58bd" daemon [_thread_blocked, id=18947, stack(0x0000700004da5000,0x0000700004ea5000)]
  0x00007fea7e068800 JavaThread "Service Thread" daemon [_thread_blocked, id=17923, stack(0x0000700004b9f000,0x0000700004c9f000)]
  0x00007fea7d81c800 JavaThread "C1 CompilerThread2" daemon [_thread_blocked, id=17411, stack(0x0000700004a9c000,0x0000700004b9c000)]
  0x00007fea7e845800 JavaThread "C2 CompilerThread1" daemon [_thread_blocked, id=16899, stack(0x0000700004999000,0x0000700004a99000)]
  0x00007fea7e814800 JavaThread "C2 CompilerThread0" daemon [_thread_blocked, id=16387, stack(0x0000700004896000,0x0000700004996000)]
  0x00007fea7e814000 JavaThread "Signal Dispatcher" daemon [_thread_blocked, id=15879, stack(0x0000700004793000,0x0000700004893000)]
  0x00007fea7d814000 JavaThread "Finalizer" daemon [_thread_blocked, id=12035, stack(0x0000700004690000,0x0000700004790000)]
  0x00007fea7e029000 JavaThread "Reference Handler" daemon [_thread_blocked, id=11523, stack(0x000070000458d000,0x000070000468d000)]
  0x00007fea7f003000 JavaThread "main" [_thread_blocked, id=775, stack(0x00007fff5e907000,0x00007fff5f107000)]

Other Threads:
  0x00007fea7e026800 VMThread [stack: 0x000070000448a000,0x000070000458a000] [id=11011]
  0x00007fea7d80d000 WatcherThread [stack: 0x0000700004ca2000,0x0000700004da2000] [id=18435]

=>0x00007fea7e80a000 (exited) GCTaskThread [stack: 0x0000700004387000,0x0000700004487000] [id=10499]

VM state:at safepoint (normal execution)

VM Mutex/Monitor currently owned by a thread:  ([mutex/lock_event])
[0x00007fea7d60bf80] Threads_lock - owner thread: 0x00007fea7e026800
[0x00007fea7d60c480] Heap_lock - owner thread: 0x00007fea8092d000

Heap:
 PSYoungGen      total 71680K, used 71667K [0x0000000795580000, 0x00000007a0780000, 0x00000007c0000000)
  eden space 66560K, 100% used [0x0000000795580000,0x0000000799680000,0x0000000799680000)
  from space 5120K, 99% used [0x0000000799680000,0x0000000799b7ce08,0x0000000799b80000)
  to   space 24576K, 76% used [0x000000079ef80000,0x00000007a01e7148,0x00000007a0780000)
 ParOldGen       total 87552K, used 40883K [0x0000000740000000, 0x0000000745580000, 0x0000000795580000)
  object space 87552K, 46% used [0x0000000740000000,0x00000007427ece08,0x0000000745580000)
 Metaspace       used 12307K, capacity 13020K, committed 13184K, reserved 1060864K
  class space    used 1211K, capacity 1356K, committed 1408K, reserved 1048576K

Card table byte_map: [0x0000000102761000,0x0000000102b62000] byte_map_base: 0x00000000fed61000

Marking Bits: (ParMarkBitMap*) 0x0000000101cefd20
 Begin Bits: [0x00000001133fa000, 0x00000001153fa000)
 End Bits:   [0x00000001153fa000, 0x00000001173fa000)

Polling page: 0x0000000100bba000

CodeCache: size=245760Kb used=9281Kb max_used=9281Kb free=236478Kb
 bounds [0x00000001043fa000, 0x0000000104d1a000, 0x00000001133fa000]
 total_blobs=2656 nmethods=2313 adapters=254
 compilation: enabled

Compilation events (10 events):
Event: 6.900 Thread 0x00007fea7d81c800 2667       3       com.sun.org.apache.xerces.internal.impl.XMLScanner::scanAttributeValue (991 bytes)
Event: 6.908 Thread 0x00007fea7d81c800 nmethod 2667 0x0000000104d0a2d0 code [0x0000000104d0aa80, 0x0000000104d10078]
Event: 6.908 Thread 0x00007fea7d81c800 2668       1       com.sun.org.apache.xerces.internal.util.XMLStringBuffer::clear (11 bytes)
Event: 6.908 Thread 0x00007fea7d81c800 nmethod 2668 0x0000000104567d10 code [0x0000000104567e60, 0x0000000104567f70]
Event: 6.909 Thread 0x00007fea7d81c800 2665       3       org.eclipse.osgi.storage.url.BundleURLConnection::getInputStream (16 bytes)
Event: 6.909 Thread 0x00007fea7d81c800 nmethod 2665 0x000000010454e610 code [0x000000010454e780, 0x000000010454e968]
Event: 6.909 Thread 0x00007fea7d81c800 2666  s    3       org.eclipse.osgi.storage.url.BundleURLConnection::connect (52 bytes)
Event: 6.910 Thread 0x00007fea7d81c800 nmethod 2666 0x00000001045b0710 code [0x00000001045b0900, 0x00000001045b1198]
Event: 6.942 Thread 0x00007fea7d81c800 2671       3       org.eclipse.core.internal.registry.CombinedEventDelta::getExtensionsBucket (59 bytes)
Event: 6.943 Thread 0x00007fea7d81c800 nmethod 2671 0x00000001045514d0 code [0x00000001045516a0, 0x0000000104551d48]

GC Heap History (10 events):
Event: 1.773 GC heap after
Heap after GC invocations=1 (full 0):
 PSYoungGen      total 38400K, used 5093K [0x0000000795580000, 0x0000000798000000, 0x00000007c0000000)
  eden space 33280K, 0% used [0x0000000795580000,0x0000000795580000,0x0000000797600000)
  from space 5120K, 99% used [0x0000000797600000,0x0000000797af9778,0x0000000797b00000)
  to   space 5120K, 0% used [0x0000000797b00000,0x0000000797b00000,0x0000000798000000)
 ParOldGen       total 87552K, used 2236K [0x0000000740000000, 0x0000000745580000, 0x0000000795580000)
  object space 87552K, 2% used [0x0000000740000000,0x000000074022f1d8,0x0000000745580000)
 Metaspace       used 8239K, capacity 8402K, committed 8704K, reserved 1056768K
  class space    used 885K, capacity 928K, committed 1024K, reserved 1048576K
}
Event: 2.471 GC heap before
{Heap before GC invocations=2 (full 0):
 PSYoungGen      total 38400K, used 38373K [0x0000000795580000, 0x0000000798000000, 0x00000007c0000000)
  eden space 33280K, 100% used [0x0000000795580000,0x0000000797600000,0x0000000797600000)
  from space 5120K, 99% used [0x0000000797600000,0x0000000797af9778,0x0000000797b00000)
  to   space 5120K, 0% used [0x0000000797b00000,0x0000000797b00000,0x0000000798000000)
 ParOldGen       total 87552K, used 2236K [0x0000000740000000, 0x0000000745580000, 0x0000000795580000)
  object space 87552K, 2% used [0x0000000740000000,0x000000074022f1d8,0x0000000745580000)
 Metaspace       used 8393K, capacity 8530K, committed 8704K, reserved 1056768K
  class space    used 885K, capacity 928K, committed 1024K, reserved 1048576K
Event: 2.485 GC heap after
Heap after GC invocations=2 (full 0):
 PSYoungGen      total 38400K, used 5089K [0x0000000795580000, 0x000000079a080000, 0x00000007c0000000)
  eden space 33280K, 0% used [0x0000000795580000,0x0000000795580000,0x0000000797600000)
  from space 5120K, 99% used [0x0000000797b00000,0x0000000797ff8540,0x0000000798000000)
  to   space 5120K, 0% used [0x0000000797600000,0x0000000797600000,0x0000000797b00000)
 ParOldGen       total 87552K, used 6620K [0x0000000740000000, 0x0000000745580000, 0x0000000795580000)
  object space 87552K, 7% used [0x0000000740000000,0x0000000740677098,0x0000000745580000)
 Metaspace       used 8393K, capacity 8530K, committed 8704K, reserved 1056768K
  class space    used 885K, capacity 928K, committed 1024K, reserved 1048576K
}
Event: 3.429 GC heap before
{Heap before GC invocations=3 (full 0):
 PSYoungGen      total 38400K, used 38369K [0x0000000795580000, 0x000000079a080000, 0x00000007c0000000)
  eden space 33280K, 100% used [0x0000000795580000,0x0000000797600000,0x0000000797600000)
  from space 5120K, 99% used [0x0000000797b00000,0x0000000797ff8540,0x0000000798000000)
  to   space 5120K, 0% used [0x0000000797600000,0x0000000797600000,0x0000000797b00000)
 ParOldGen       total 87552K, used 6620K [0x0000000740000000, 0x0000000745580000, 0x0000000795580000)
  object space 87552K, 7% used [0x0000000740000000,0x0000000740677098,0x0000000745580000)
 Metaspace       used 8534K, capacity 8722K, committed 8960K, reserved 1056768K
  class space    used 886K, capacity 928K, committed 1024K, reserved 1048576K
Event: 3.440 GC heap after
Heap after GC invocations=3 (full 0):
 PSYoungGen      total 38400K, used 5088K [0x0000000795580000, 0x000000079a080000, 0x00000007c0000000)
  eden space 33280K, 0% used [0x0000000795580000,0x0000000795580000,0x0000000797600000)
  from space 5120K, 99% used [0x0000000797600000,0x0000000797af82b0,0x0000000797b00000)
  to   space 5120K, 0% used [0x0000000799b80000,0x0000000799b80000,0x000000079a080000)
 ParOldGen       total 87552K, used 12192K [0x0000000740000000, 0x0000000745580000, 0x0000000795580000)
  object space 87552K, 13% used [0x0000000740000000,0x0000000740be80e0,0x0000000745580000)
 Metaspace       used 8534K, capacity 8722K, committed 8960K, reserved 1056768K
  class space    used 886K, capacity 928K, committed 1024K, reserved 1048576K
}
Event: 4.155 GC heap before
{Heap before GC invocations=4 (full 0):
 PSYoungGen      total 38400K, used 38368K [0x0000000795580000, 0x000000079a080000, 0x00000007c0000000)
  eden space 33280K, 100% used [0x0000000795580000,0x0000000797600000,0x0000000797600000)
  from space 5120K, 99% used [0x0000000797600000,0x0000000797af82b0,0x0000000797b00000)
  to   space 5120K, 0% used [0x0000000799b80000,0x0000000799b80000,0x000000079a080000)
 ParOldGen       total 87552K, used 12192K [0x0000000740000000, 0x0000000745580000, 0x0000000795580000)
  object space 87552K, 13% used [0x0000000740000000,0x0000000740be80e0,0x0000000745580000)
 Metaspace       used 8586K, capacity 8722K, committed 8960K, reserved 1056768K
  class space    used 886K, capacity 928K, committed 1024K, reserved 1048576K
Event: 4.168 GC heap after
Heap after GC invocations=4 (full 0):
 PSYoungGen      total 71680K, used 5108K [0x0000000795580000, 0x000000079a080000, 0x00000007c0000000)
  eden space 66560K, 0% used [0x0000000795580000,0x0000000795580000,0x0000000799680000)
  from space 5120K, 99% used [0x0000000799b80000,0x000000079a07d0a8,0x000000079a080000)
  to   space 5120K, 0% used [0x0000000799680000,0x0000000799680000,0x0000000799b80000)
 ParOldGen       total 87552K, used 17177K [0x0000000740000000, 0x0000000745580000, 0x0000000795580000)
  object space 87552K, 19% used [0x0000000740000000,0x00000007410c6768,0x0000000745580000)
 Metaspace       used 8586K, capacity 8722K, committed 8960K, reserved 1056768K
  class space    used 886K, capacity 928K, committed 1024K, reserved 1048576K
}
Event: 5.236 GC heap before
{Heap before GC invocations=5 (full 0):
 PSYoungGen      total 71680K, used 71668K [0x0000000795580000, 0x000000079a080000, 0x00000007c0000000)
  eden space 66560K, 100% used [0x0000000795580000,0x0000000799680000,0x0000000799680000)
  from space 5120K, 99% used [0x0000000799b80000,0x000000079a07d0a8,0x000000079a080000)
  to   space 5120K, 0% used [0x0000000799680000,0x0000000799680000,0x0000000799b80000)
 ParOldGen       total 87552K, used 17177K [0x0000000740000000, 0x0000000745580000, 0x0000000795580000)
  object space 87552K, 19% used [0x0000000740000000,0x00000007410c6768,0x0000000745580000)
 Metaspace       used 8933K, capacity 9106K, committed 9216K, reserved 1056768K
  class space    used 898K, capacity 928K, committed 1024K, reserved 1048576K
Event: 5.280 GC heap after
Heap after GC invocations=5 (full 0):
 PSYoungGen      total 71680K, used 5107K [0x0000000795580000, 0x00000007a0780000, 0x00000007c0000000)
  eden space 66560K, 0% used [0x0000000795580000,0x0000000795580000,0x0000000799680000)
  from space 5120K, 99% used [0x0000000799680000,0x0000000799b7ce08,0x0000000799b80000)
  to   space 24576K, 0% used [0x000000079ef80000,0x000000079ef80000,0x00000007a0780000)
 ParOldGen       total 87552K, used 40883K [0x0000000740000000, 0x0000000745580000, 0x0000000795580000)
  object space 87552K, 46% used [0x0000000740000000,0x00000007427ece08,0x0000000745580000)
 Metaspace       used 8933K, capacity 9106K, committed 9216K, reserved 1056768K
  class space    used 898K, capacity 928K, committed 1024K, reserved 1048576K
}
Event: 6.943 GC heap before
{Heap before GC invocations=6 (full 0):
 PSYoungGen      total 71680K, used 71667K [0x0000000795580000, 0x00000007a0780000, 0x00000007c0000000)
  eden space 66560K, 100% used [0x0000000795580000,0x0000000799680000,0x0000000799680000)
  from space 5120K, 99% used [0x0000000799680000,0x0000000799b7ce08,0x0000000799b80000)
  to   space 24576K, 0% used [0x000000079ef80000,0x000000079ef80000,0x00000007a0780000)
 ParOldGen       total 87552K, used 40883K [0x0000000740000000, 0x0000000745580000, 0x0000000795580000)
  object space 87552K, 46% used [0x0000000740000000,0x00000007427ece08,0x0000000745580000)
 Metaspace       used 12307K, capacity 13020K, committed 13184K, reserved 1060864K
  class space    used 1211K, capacity 1356K, committed 1408K, reserved 1048576K

Deoptimization events (10 events):
Event: 6.324 Thread 0x00007fea8092d000 Uncommon trap: reason=unstable_if action=reinterpret pc=0x00000001048b4354 method=com.sun.org.apache.xerces.internal.impl.XMLEntityScanner.checkBeforeLoad(Lcom/sun/xml/internal/stream/Entity$ScannedEntity;II)I @ 18
Event: 6.391 Thread 0x00007fea8092d000 Uncommon trap: reason=unstable_if action=reinterpret pc=0x0000000104a353c0 method=com.sun.org.apache.xerces.internal.impl.XMLEntityScanner.peekChar()I @ 14
Event: 6.509 Thread 0x00007fea8092d000 Uncommon trap: reason=unstable_if action=reinterpret pc=0x0000000104c625e0 method=java.util.Properties$LineReader.readLine()I @ 440
Event: 6.568 Thread 0x00007fea8092d000 Uncommon trap: reason=unstable_if action=reinterpret pc=0x0000000104c55808 method=com.sun.org.apache.xerces.internal.impl.XMLEntityScanner.scanChar(Lcom/sun/org/apache/xerces/internal/impl/XMLScanner$NameType;)I @ 59
Event: 6.594 Thread 0x00007fea8092d000 Uncommon trap: reason=unstable_if action=reinterpret pc=0x0000000104c3d03c method=com.sun.org.apache.xerces.internal.impl.io.UTF8Reader.read([CII)I @ 131
Event: 6.595 Thread 0x00007fea8092d000 Uncommon trap: reason=unstable_if action=reinterpret pc=0x00000001048966e8 method=java.lang.String.trim()Ljava/lang/String; @ 63
Event: 6.764 Thread 0x00007fea8092d000 Uncommon trap: reason=unstable_if action=reinterpret pc=0x0000000104718fc8 method=com.sun.org.apache.xerces.internal.impl.XMLEntityScanner.skipSpaces()Z @ 85
Event: 6.802 Thread 0x00007fea8092d000 Uncommon trap: reason=unstable_if action=reinterpret pc=0x0000000104cb33f8 method=java.util.Properties$LineReader.readLine()I @ 174
Event: 6.889 Thread 0x00007fea8092d000 Uncommon trap: reason=unstable_if action=reinterpret pc=0x0000000104cbc578 method=com.sun.org.apache.xerces.internal.impl.XMLEntityScanner.arrangeCapacity(IZ)Z @ 59
Event: 6.890 Thread 0x00007fea8092d000 Uncommon trap: reason=unstable_if action=reinterpret pc=0x0000000104ce4894 method=com.sun.org.apache.xerces.internal.impl.XMLScanner.scanAttributeValue(Lcom/sun/org/apache/xerces/internal/xni/XMLString;Lcom/sun/org/apache/xerces/internal/xni/XMLString;Lja

Internal exceptions (10 events):
Event: 0.307 Thread 0x00007fea7f003000 Exception <a 'java/security/PrivilegedActionException'> (0x00000007956e15f0) thrown at [/Users/java_re/workspace/8-2-build-macosx-x86_64/jdk8u102/7268/hotspot/src/share/vm/prims/jvm.cpp, line 1386]
Event: 0.702 Thread 0x00007fea7f003000 Exception <a 'java/security/PrivilegedActionException'> (0x0000000795c95758) thrown at [/Users/java_re/workspace/8-2-build-macosx-x86_64/jdk8u102/7268/hotspot/src/share/vm/prims/jvm.cpp, line 1386]
Event: 0.702 Thread 0x00007fea7f003000 Exception <a 'java/security/PrivilegedActionException'> (0x0000000795c95968) thrown at [/Users/java_re/workspace/8-2-build-macosx-x86_64/jdk8u102/7268/hotspot/src/share/vm/prims/jvm.cpp, line 1386]
Event: 0.703 Thread 0x00007fea7f003000 Exception <a 'java/security/PrivilegedActionException'> (0x0000000795c98e58) thrown at [/Users/java_re/workspace/8-2-build-macosx-x86_64/jdk8u102/7268/hotspot/src/share/vm/prims/jvm.cpp, line 1386]
Event: 0.703 Thread 0x00007fea7f003000 Exception <a 'java/security/PrivilegedActionException'> (0x0000000795c99068) thrown at [/Users/java_re/workspace/8-2-build-macosx-x86_64/jdk8u102/7268/hotspot/src/share/vm/prims/jvm.cpp, line 1386]
Event: 1.253 Thread 0x00007fea7f003000 Exception <a 'java/lang/UnsatisfiedLinkError': org.eclipse.equinox.launcher.JNIBridge._update_splash()V> (0x0000000796b58e30) thrown at [/Users/java_re/workspace/8-2-build-macosx-x86_64/jdk8u102/7268/hotspot/src/share/vm/prims/nativeLookup.cpp, line 378]
Event: 5.540 Thread 0x00007fea7e1e6000 Implicit null exception at 0x00000001049d02eb to 0x00000001049d08e5
Event: 5.542 Thread 0x00007fea7e1e6000 Implicit null exception at 0x00000001045e1a60 to 0x00000001045e4585
Event: 5.790 Thread 0x00007fea7eb17800 Implicit null exception at 0x0000000104895f10 to 0x0000000104895f69
Event: 6.132 Thread 0x00007fea8092d000 Exception <a 'java/io/FileNotFoundException'> (0x00000007984af688) thrown at [/Users/java_re/workspace/8-2-build-macosx-x86_64/jdk8u102/7268/hotspot/src/share/vm/prims/jni.cpp, line 709]

Events (10 events):
Event: 6.892 Thread 0x00007fea8092d000 DEOPT PACKING pc=0x0000000104cf248a sp=0x0000700005735b30
Event: 6.892 Thread 0x00007fea8092d000 DEOPT UNPACKING pc=0x0000000104441633 sp=0x00007000057358b8 mode 0
Event: 6.900 Thread 0x00007fea7d81c800 flushing nmethod 0x0000000104523b90
Event: 6.900 Thread 0x00007fea7d81c800 flushing nmethod 0x0000000104529ad0
Event: 6.900 Thread 0x00007fea7d81c800 flushing nmethod 0x000000010454b8d0
Event: 6.900 Thread 0x00007fea7d81c800 flushing nmethod 0x000000010454e610
Event: 6.900 Thread 0x00007fea7d81c800 flushing nmethod 0x00000001045514d0
Event: 6.908 Thread 0x00007fea7d81c800 flushing nmethod 0x0000000104567d10
Event: 6.908 Thread 0x00007fea7d81c800 flushing nmethod 0x00000001045b0710
Event: 6.943 Executing VM operation: ParallelGCFailedAllocation


Dynamic libraries:
0x0000000021e35000 	/System/Library/Frameworks/Cocoa.framework/Versions/A/Cocoa
0x0000000021e35000 	/System/Library/Frameworks/Security.framework/Versions/A/Security
0x0000000021e35000 	/System/Library/Frameworks/ApplicationServices.framework/Versions/A/ApplicationServices
0x0000000021e35000 	/usr/lib/libz.1.dylib
0x0000000021e35000 	/usr/lib/libSystem.B.dylib
0x0000000021e35000 	/usr/lib/libobjc.A.dylib
0x0000000021e35000 	/System/Library/Frameworks/CoreFoundation.framework/Versions/A/CoreFoundation
0x0000000021e35000 	/System/Library/Frameworks/Foundation.framework/Versions/C/Foundation
0x0000000021e35000 	/System/Library/Frameworks/AppKit.framework/Versions/C/AppKit
0x0000000021e35000 	/System/Library/Frameworks/CoreData.framework/Versions/A/CoreData
0x0000000021e35000 	/System/Library/PrivateFrameworks/RemoteViewServices.framework/Versions/A/RemoteViewServices
0x0000000021e35000 	/System/Library/PrivateFrameworks/UIFoundation.framework/Versions/A/UIFoundation
0x0000000021e35000 	/System/Library/PrivateFrameworks/DFRFoundation.framework/Versions/A/DFRFoundation
0x0000000021e35000 	/usr/lib/libenergytrace.dylib
0x0000000021e35000 	/System/Library/PrivateFrameworks/SkyLight.framework/Versions/A/SkyLight
0x0000000021e35000 	/System/Library/Frameworks/CoreGraphics.framework/Versions/A/CoreGraphics
0x0000000021e35000 	/usr/lib/libScreenReader.dylib
0x0000000021e35000 	/System/Library/Frameworks/Accelerate.framework/Versions/A/Accelerate
0x0000000021e35000 	/System/Library/Frameworks/IOSurface.framework/Versions/A/IOSurface
0x0000000021e35000 	/System/Library/Frameworks/AudioToolbox.framework/Versions/A/AudioToolbox
0x0000000021e35000 	/System/Library/Frameworks/AudioUnit.framework/Versions/A/AudioUnit
0x0000000021e35000 	/System/Library/PrivateFrameworks/DataDetectorsCore.framework/Versions/A/DataDetectorsCore
0x0000000021e35000 	/System/Library/PrivateFrameworks/DesktopServicesPriv.framework/Versions/A/DesktopServicesPriv
0x0000000021e35000 	/System/Library/Frameworks/Carbon.framework/Versions/A/Frameworks/HIToolbox.framework/Versions/A/HIToolbox
0x0000000021e35000 	/usr/lib/libicucore.A.dylib
0x0000000021e35000 	/System/Library/Frameworks/QuartzCore.framework/Versions/A/QuartzCore
0x0000000021e35000 	/System/Library/Frameworks/Carbon.framework/Versions/A/Frameworks/SpeechRecognition.framework/Versions/A/SpeechRecognition
0x0000000021e35000 	/usr/lib/libauto.dylib
0x0000000021e35000 	/usr/lib/libxml2.2.dylib
0x0000000021e35000 	/System/Library/PrivateFrameworks/CoreUI.framework/Versions/A/CoreUI
0x0000000021e35000 	/System/Library/Frameworks/CoreAudio.framework/Versions/A/CoreAudio
0x0000000021e35000 	/System/Library/Frameworks/DiskArbitration.framework/Versions/A/DiskArbitration
0x0000000021e35000 	/usr/lib/liblangid.dylib
0x0000000021e35000 	/System/Library/PrivateFrameworks/MultitouchSupport.framework/Versions/A/MultitouchSupport
0x0000000021e35000 	/System/Library/Frameworks/IOKit.framework/Versions/A/IOKit
0x0000000021e35000 	/usr/lib/libDiagnosticMessagesClient.dylib
0x0000000021e35000 	/System/Library/Frameworks/CoreServices.framework/Versions/A/CoreServices
0x0000000021e35000 	/System/Library/PrivateFrameworks/PerformanceAnalysis.framework/Versions/A/PerformanceAnalysis
0x0000000021e35000 	/System/Library/PrivateFrameworks/GenerationalStorage.framework/Versions/A/GenerationalStorage
0x0000000021e35000 	/System/Library/Frameworks/OpenGL.framework/Versions/A/OpenGL
0x0000000021e35000 	/System/Library/Frameworks/CoreImage.framework/Versions/A/CoreImage
0x0000000021e35000 	/System/Library/Frameworks/CoreText.framework/Versions/A/CoreText
0x0000000021e35000 	/System/Library/Frameworks/ImageIO.framework/Versions/A/ImageIO
0x0000000021e35000 	/System/Library/PrivateFrameworks/Backup.framework/Versions/A/Backup
0x0000000021e35000 	/usr/lib/libarchive.2.dylib
0x0000000021e35000 	/System/Library/Frameworks/CFNetwork.framework/Versions/A/CFNetwork
0x0000000021e35000 	/System/Library/Frameworks/SystemConfiguration.framework/Versions/A/SystemConfiguration
0x0000000021e35000 	/usr/lib/libCRFSuite.dylib
0x0000000021e35000 	/usr/lib/libc++.1.dylib
0x0000000021e35000 	/usr/lib/libc++abi.dylib
0x0000000021e35000 	/usr/lib/system/libcache.dylib
0x0000000021e35000 	/usr/lib/system/libcommonCrypto.dylib
0x0000000021e35000 	/usr/lib/system/libcompiler_rt.dylib
0x0000000021e35000 	/usr/lib/system/libcopyfile.dylib
0x0000000021e35000 	/usr/lib/system/libcorecrypto.dylib
0x0000000021e35000 	/usr/lib/system/libdispatch.dylib
0x0000000021e35000 	/usr/lib/system/libdyld.dylib
0x0000000021e35000 	/usr/lib/system/libkeymgr.dylib
0x0000000021e35000 	/usr/lib/system/liblaunch.dylib
0x0000000021e35000 	/usr/lib/system/libmacho.dylib
0x0000000021e35000 	/usr/lib/system/libquarantine.dylib
0x0000000021e35000 	/usr/lib/system/libremovefile.dylib
0x0000000021e35000 	/usr/lib/system/libsystem_asl.dylib
0x0000000021e35000 	/usr/lib/system/libsystem_blocks.dylib
0x0000000021e35000 	/usr/lib/system/libsystem_c.dylib
0x0000000021e35000 	/usr/lib/system/libsystem_configuration.dylib
0x0000000021e35000 	/usr/lib/system/libsystem_coreservices.dylib
0x0000000021e35000 	/usr/lib/system/libsystem_coretls.dylib
0x0000000021e35000 	/usr/lib/system/libsystem_dnssd.dylib
0x0000000021e35000 	/usr/lib/system/libsystem_info.dylib
0x0000000021e35000 	/usr/lib/system/libsystem_kernel.dylib
0x0000000021e35000 	/usr/lib/system/libsystem_m.dylib
0x0000000021e35000 	/usr/lib/system/libsystem_malloc.dylib
0x0000000021e35000 	/usr/lib/system/libsystem_network.dylib
0x0000000021e35000 	/usr/lib/system/libsystem_networkextension.dylib
0x0000000021e35000 	/usr/lib/system/libsystem_notify.dylib
0x0000000021e35000 	/usr/lib/system/libsystem_platform.dylib
0x0000000021e35000 	/usr/lib/system/libsystem_pthread.dylib
0x0000000021e35000 	/usr/lib/system/libsystem_sandbox.dylib
0x0000000021e35000 	/usr/lib/system/libsystem_secinit.dylib
0x0000000021e35000 	/usr/lib/system/libsystem_symptoms.dylib
0x0000000021e35000 	/usr/lib/system/libsystem_trace.dylib
0x0000000021e35000 	/usr/lib/system/libunwind.dylib
0x0000000021e35000 	/usr/lib/system/libxpc.dylib
0x0000000021e35000 	/usr/lib/libbsm.0.dylib
0x0000000021e35000 	/usr/lib/system/libkxld.dylib
0x0000000021e35000 	/usr/lib/libcoretls.dylib
0x0000000021e35000 	/usr/lib/libcoretls_cfhelpers.dylib
0x0000000021e35000 	/usr/lib/libxar.1.dylib
0x0000000021e35000 	/usr/lib/libsqlite3.dylib
0x0000000021e35000 	/usr/lib/libpam.2.dylib
0x0000000021e35000 	/usr/lib/libOpenScriptingUtil.dylib
0x0000000021e35000 	/usr/lib/libbz2.1.0.dylib
0x0000000021e35000 	/usr/lib/liblzma.5.dylib
0x0000000021e35000 	/usr/lib/libnetwork.dylib
0x0000000021e35000 	/usr/lib/libpcap.A.dylib
0x0000000021e35000 	/System/Library/Frameworks/CoreServices.framework/Versions/A/Frameworks/FSEvents.framework/Versions/A/FSEvents
0x0000000021e35000 	/System/Library/Frameworks/CoreServices.framework/Versions/A/Frameworks/CarbonCore.framework/Versions/A/CarbonCore
0x0000000021e35000 	/System/Library/Frameworks/CoreServices.framework/Versions/A/Frameworks/Metadata.framework/Versions/A/Metadata
0x0000000021e35000 	/System/Library/Frameworks/CoreServices.framework/Versions/A/Frameworks/OSServices.framework/Versions/A/OSServices
0x0000000021e35000 	/System/Library/Frameworks/CoreServices.framework/Versions/A/Frameworks/SearchKit.framework/Versions/A/SearchKit
0x0000000021e35000 	/System/Library/Frameworks/CoreServices.framework/Versions/A/Frameworks/AE.framework/Versions/A/AE
0x0000000021e35000 	/System/Library/Frameworks/CoreServices.framework/Versions/A/Frameworks/LaunchServices.framework/Versions/A/LaunchServices
0x0000000021e35000 	/System/Library/Frameworks/CoreServices.framework/Versions/A/Frameworks/DictionaryServices.framework/Versions/A/DictionaryServices
0x0000000021e35000 	/System/Library/Frameworks/CoreServices.framework/Versions/A/Frameworks/SharedFileList.framework/Versions/A/SharedFileList
0x0000000021e35000 	/System/Library/Frameworks/NetFS.framework/Versions/A/NetFS
0x0000000021e35000 	/System/Library/PrivateFrameworks/NetAuth.framework/Versions/A/NetAuth
0x0000000021e35000 	/System/Library/PrivateFrameworks/login.framework/Versions/A/Frameworks/loginsupport.framework/Versions/A/loginsupport
0x0000000021e35000 	/System/Library/PrivateFrameworks/TCC.framework/Versions/A/TCC
0x0000000021e35000 	/usr/lib/libmecabra.dylib
0x0000000021e35000 	/System/Library/Frameworks/ApplicationServices.framework/Versions/A/Frameworks/ATS.framework/Versions/A/ATS
0x0000000021e35000 	/System/Library/Frameworks/ApplicationServices.framework/Versions/A/Frameworks/ColorSync.framework/Versions/A/ColorSync
0x0000000021e35000 	/System/Library/Frameworks/ApplicationServices.framework/Versions/A/Frameworks/HIServices.framework/Versions/A/HIServices
0x0000000021e35000 	/System/Library/Frameworks/ApplicationServices.framework/Versions/A/Frameworks/LangAnalysis.framework/Versions/A/LangAnalysis
0x0000000021e35000 	/System/Library/Frameworks/ApplicationServices.framework/Versions/A/Frameworks/PrintCore.framework/Versions/A/PrintCore
0x0000000021e35000 	/System/Library/Frameworks/ApplicationServices.framework/Versions/A/Frameworks/QD.framework/Versions/A/QD
0x0000000021e35000 	/System/Library/Frameworks/ApplicationServices.framework/Versions/A/Frameworks/SpeechSynthesis.framework/Versions/A/SpeechSynthesis
0x0000000021e35000 	/System/Library/Frameworks/Accelerate.framework/Versions/A/Frameworks/vImage.framework/Versions/A/vImage
0x0000000021e35000 	/System/Library/Frameworks/Accelerate.framework/Versions/A/Frameworks/vecLib.framework/Versions/A/vecLib
0x0000000021e35000 	/System/Library/Frameworks/Accelerate.framework/Versions/A/Frameworks/vecLib.framework/Versions/A/libvDSP.dylib
0x0000000021e35000 	/System/Library/Frameworks/Accelerate.framework/Versions/A/Frameworks/vecLib.framework/Versions/A/libBNNS.dylib
0x0000000021e35000 	/System/Library/Frameworks/Accelerate.framework/Versions/A/Frameworks/vecLib.framework/Versions/A/libQuadrature.dylib
0x0000000021e35000 	/System/Library/Frameworks/Accelerate.framework/Versions/A/Frameworks/vecLib.framework/Versions/A/libvMisc.dylib
0x0000000021e35000 	/System/Library/Frameworks/Accelerate.framework/Versions/A/Frameworks/vecLib.framework/Versions/A/libLAPACK.dylib
0x0000000021e35000 	/System/Library/Frameworks/Accelerate.framework/Versions/A/Frameworks/vecLib.framework/Versions/A/libBLAS.dylib
0x0000000021e35000 	/System/Library/Frameworks/Accelerate.framework/Versions/A/Frameworks/vecLib.framework/Versions/A/libLinearAlgebra.dylib
0x0000000021e35000 	/System/Library/Frameworks/Accelerate.framework/Versions/A/Frameworks/vecLib.framework/Versions/A/libSparseBLAS.dylib
0x0000000021e35000 	/System/Library/Frameworks/ApplicationServices.framework/Versions/A/Frameworks/ATS.framework/Versions/A/Resources/libFontParser.dylib
0x0000000021e35000 	/System/Library/Frameworks/ApplicationServices.framework/Versions/A/Frameworks/ATS.framework/Versions/A/Resources/libFontRegistry.dylib
0x0000000021e35000 	/System/Library/Frameworks/ImageIO.framework/Versions/A/Resources/libJPEG.dylib
0x0000000021e35000 	/System/Library/Frameworks/ImageIO.framework/Versions/A/Resources/libTIFF.dylib
0x0000000021e35000 	/System/Library/Frameworks/ImageIO.framework/Versions/A/Resources/libPng.dylib
0x0000000021e35000 	/System/Library/Frameworks/ImageIO.framework/Versions/A/Resources/libGIF.dylib
0x0000000021e35000 	/System/Library/Frameworks/ImageIO.framework/Versions/A/Resources/libJP2.dylib
0x0000000021e35000 	/System/Library/Frameworks/ImageIO.framework/Versions/A/Resources/libRadiance.dylib
0x0000000021e35000 	/usr/lib/libcompression.dylib
0x0000000021e35000 	/System/Library/PrivateFrameworks/AppleJPEG.framework/Versions/A/AppleJPEG
0x0000000021e35000 	/usr/lib/libcups.2.dylib
0x0000000021e35000 	/System/Library/Frameworks/Kerberos.framework/Versions/A/Kerberos
0x0000000021e35000 	/System/Library/Frameworks/GSS.framework/Versions/A/GSS
0x0000000021e35000 	/usr/lib/libresolv.9.dylib
0x0000000021e35000 	/usr/lib/libiconv.2.dylib
0x0000000021e35000 	/System/Library/PrivateFrameworks/Heimdal.framework/Versions/A/Heimdal
0x0000000021e35000 	/usr/lib/libheimdal-asn1.dylib
0x0000000021e35000 	/System/Library/Frameworks/OpenDirectory.framework/Versions/A/OpenDirectory
0x0000000021e35000 	/System/Library/PrivateFrameworks/CommonAuth.framework/Versions/A/CommonAuth
0x0000000021e35000 	/System/Library/Frameworks/OpenDirectory.framework/Versions/A/Frameworks/CFOpenDirectory.framework/Versions/A/CFOpenDirectory
0x0000000021e35000 	/System/Library/Frameworks/SecurityFoundation.framework/Versions/A/SecurityFoundation
0x0000000021e35000 	/System/Library/PrivateFrameworks/LanguageModeling.framework/Versions/A/LanguageModeling
0x0000000021e35000 	/usr/lib/libmarisa.dylib
0x0000000021e35000 	/usr/lib/libChineseTokenizer.dylib
0x0000000021e35000 	/usr/lib/libcmph.dylib
0x0000000021e35000 	/System/Library/PrivateFrameworks/CoreEmoji.framework/Versions/A/CoreEmoji
0x0000000021e35000 	/System/Library/Frameworks/ServiceManagement.framework/Versions/A/ServiceManagement
0x0000000021e35000 	/usr/lib/libxslt.1.dylib
0x0000000021e35000 	/System/Library/Frameworks/Carbon.framework/Versions/A/Frameworks/Ink.framework/Versions/A/Ink
0x0000000021e35000 	/System/Library/PrivateFrameworks/TextureIO.framework/Versions/A/TextureIO
0x0000000021e35000 	/System/Library/Frameworks/Metal.framework/Versions/A/Metal
0x0000000021e35000 	/usr/lib/libate.dylib
0x0000000021e35000 	/System/Library/PrivateFrameworks/GPUCompiler.framework/libmetal_timestamp.dylib
0x0000000021e35000 	/System/Library/Frameworks/OpenGL.framework/Versions/A/Libraries/libCoreFSCache.dylib
0x0000000021e35000 	/System/Library/PrivateFrameworks/IOAccelerator.framework/Versions/A/IOAccelerator
0x0000000021e35000 	/System/Library/Frameworks/CoreVideo.framework/Versions/A/CoreVideo
0x0000000021e35000 	/usr/lib/libFosl_dynamic.dylib
0x0000000021e35000 	/System/Library/PrivateFrameworks/MetalPerformanceShaders.framework/Versions/A/MetalPerformanceShaders
0x0000000021e35000 	/System/Library/PrivateFrameworks/FaceCore.framework/Versions/A/FaceCore
0x0000000021e35000 	/System/Library/Frameworks/OpenCL.framework/Versions/A/OpenCL
0x0000000021e35000 	/System/Library/Frameworks/OpenGL.framework/Versions/A/Libraries/libGLU.dylib
0x0000000021e35000 	/System/Library/Frameworks/OpenGL.framework/Versions/A/Libraries/libGFXShared.dylib
0x0000000021e35000 	/System/Library/Frameworks/OpenGL.framework/Versions/A/Libraries/libGL.dylib
0x0000000021e35000 	/System/Library/Frameworks/OpenGL.framework/Versions/A/Libraries/libGLImage.dylib
0x0000000021e35000 	/System/Library/Frameworks/OpenGL.framework/Versions/A/Libraries/libCVMSPluginSupport.dylib
0x0000000021e35000 	/System/Library/Frameworks/OpenGL.framework/Versions/A/Libraries/libCoreVMClient.dylib
0x0000000021e35000 	/System/Library/PrivateFrameworks/CrashReporterSupport.framework/Versions/A/CrashReporterSupport
0x0000000021e35000 	/System/Library/PrivateFrameworks/Sharing.framework/Versions/A/Sharing
0x0000000021e35000 	/System/Library/PrivateFrameworks/IconServices.framework/Versions/A/IconServices
0x0000000021e35000 	/System/Library/PrivateFrameworks/ProtocolBuffer.framework/Versions/A/ProtocolBuffer
0x0000000021e35000 	/System/Library/PrivateFrameworks/Apple80211.framework/Versions/A/Apple80211
0x0000000021e35000 	/System/Library/Frameworks/CoreWLAN.framework/Versions/A/CoreWLAN
0x0000000021e35000 	/System/Library/PrivateFrameworks/CoreUtils.framework/Versions/A/CoreUtils
0x0000000021e35000 	/System/Library/Frameworks/IOBluetooth.framework/Versions/A/IOBluetooth
0x0000000021e35000 	/System/Library/PrivateFrameworks/CoreWiFi.framework/Versions/A/CoreWiFi
0x0000000021e35000 	/System/Library/Frameworks/CoreBluetooth.framework/Versions/A/CoreBluetooth
0x0000000021e35000 	/System/Library/Frameworks/CoreDisplay.framework/Versions/A/CoreDisplay
0x0000000021e35000 	/System/Library/PrivateFrameworks/IOPresentment.framework/Versions/A/IOPresentment
0x0000000021e35000 	/System/Library/PrivateFrameworks/DebugSymbols.framework/Versions/A/DebugSymbols
0x0000000021e35000 	/System/Library/PrivateFrameworks/CoreSymbolication.framework/Versions/A/CoreSymbolication
0x0000000021e35000 	/System/Library/PrivateFrameworks/Symbolication.framework/Versions/A/Symbolication
0x0000000021e35000 	/System/Library/PrivateFrameworks/AppleFSCompression.framework/Versions/A/AppleFSCompression
0x0000000021e35000 	/System/Library/PrivateFrameworks/SpeechRecognitionCore.framework/Versions/A/SpeechRecognitionCore
0x0000000021e35000 	/System/Library/PrivateFrameworks/ChunkingLibrary.framework/Versions/A/ChunkingLibrary
0x0000000101400000 	/Library/Java/JavaVirtualMachines/jdk1.8.0_102.jdk/Contents/Home/jre/lib/server/libjvm.dylib
0x0000000021e35000 	/usr/lib/libstdc++.6.dylib
0x0000000100b77000 	/Library/Java/JavaVirtualMachines/jdk1.8.0_102.jdk/Contents/Home/jre/lib/libverify.dylib
0x0000000100b85000 	/Library/Java/JavaVirtualMachines/jdk1.8.0_102.jdk/Contents/Home/jre/lib/libjava.dylib
0x0000000100bc3000 	/Library/Java/JavaVirtualMachines/jdk1.8.0_102.jdk/Contents/Home/jre/lib/libzip.dylib
0x0000000117d7a000 	/System/Library/Frameworks/JavaVM.framework/Frameworks/JavaRuntimeSupport.framework/JavaRuntimeSupport
0x0000000117d94000 	/System/Library/Frameworks/JavaVM.framework/Versions/A/Frameworks/JavaNativeFoundation.framework/Versions/A/JavaNativeFoundation
0x000000010435c000 	/System/Library/Frameworks/JavaVM.framework/Versions/A/JavaVM
0x0000000021e35000 	/System/Library/Frameworks/Carbon.framework/Versions/A/Carbon
0x0000000117da9000 	/System/Library/PrivateFrameworks/JavaLaunching.framework/Versions/A/JavaLaunching
0x0000000021e35000 	/System/Library/Frameworks/Carbon.framework/Versions/A/Frameworks/CommonPanels.framework/Versions/A/CommonPanels
0x0000000021e35000 	/System/Library/Frameworks/Carbon.framework/Versions/A/Frameworks/Help.framework/Versions/A/Help
0x0000000021e35000 	/System/Library/Frameworks/Carbon.framework/Versions/A/Frameworks/ImageCapture.framework/Versions/A/ImageCapture
0x0000000021e35000 	/System/Library/Frameworks/Carbon.framework/Versions/A/Frameworks/OpenScripting.framework/Versions/A/OpenScripting
0x0000000021e35000 	/System/Library/Frameworks/Carbon.framework/Versions/A/Frameworks/Print.framework/Versions/A/Print
0x0000000021e35000 	/System/Library/Frameworks/Carbon.framework/Versions/A/Frameworks/SecurityHI.framework/Versions/A/SecurityHI
0x0000000119c0a000 	/Library/Java/JavaVirtualMachines/jdk1.8.0_102.jdk/Contents/Home/jre/lib/libnet.dylib
0x0000000119c21000 	/Library/Java/JavaVirtualMachines/jdk1.8.0_102.jdk/Contents/Home/jre/lib/libnio.dylib
0x0000000119c32000 	/Applications/Eclipse.app/Contents/Eclipse/plugins/org.eclipse.equinox.launcher.cocoa.macosx.x86_64_1.1.401.v20161122-1740/eclipse_1615.so
0x0000000021e35000 	/System/Library/PrivateFrameworks/CoreServicesInternal.framework/Versions/A/CoreServicesInternal
0x0000000021e35000 	/System/Library/PrivateFrameworks/FamilyControls.framework/Versions/A/FamilyControls
0x0000000021e35000 	/System/Library/PrivateFrameworks/CommerceKit.framework/Versions/A/Frameworks/CommerceCore.framework/Versions/A/CommerceCore
0x0000000021e35000 	/System/Library/PrivateFrameworks/SystemAdministration.framework/Versions/A/SystemAdministration
0x0000000021e35000 	/System/Library/PrivateFrameworks/AppContainer.framework/Versions/A/AppContainer
0x0000000021e35000 	/System/Library/PrivateFrameworks/SecCodeWrapper.framework/Versions/A/SecCodeWrapper
0x0000000021e35000 	/System/Library/Frameworks/DirectoryService.framework/Versions/A/DirectoryService
0x0000000021e35000 	/System/Library/PrivateFrameworks/DiskImages.framework/Versions/A/DiskImages
0x0000000021e35000 	/System/Library/PrivateFrameworks/LoginUIKit.framework/Versions/A/Frameworks/LoginUICore.framework/Versions/A/LoginUICore
0x0000000021e35000 	/usr/lib/libCoreStorage.dylib
0x0000000021e35000 	/usr/lib/libcsfde.dylib
0x0000000021e35000 	/usr/lib/libodfde.dylib
0x0000000021e35000 	/System/Library/Frameworks/DiscRecording.framework/Versions/A/DiscRecording
0x0000000021e35000 	/usr/lib/libcurl.4.dylib
0x0000000021e35000 	/System/Library/PrivateFrameworks/MediaKit.framework/Versions/A/MediaKit
0x0000000021e35000 	/System/Library/PrivateFrameworks/ProtectedCloudStorage.framework/Versions/A/ProtectedCloudStorage
0x0000000021e35000 	/System/Library/PrivateFrameworks/EFILogin.framework/Versions/A/EFILogin
0x0000000021e35000 	/usr/lib/libutil.dylib
0x0000000021e35000 	/System/Library/Frameworks/LDAP.framework/Versions/A/LDAP
0x0000000021e35000 	/usr/lib/libsasl2.2.dylib
0x0000000021e35000 	/System/Library/PrivateFrameworks/CoreDaemon.framework/Versions/B/CoreDaemon
0x0000000021e35000 	/System/Library/PrivateFrameworks/AppleSRP.framework/Versions/A/AppleSRP
0x0000000021e35000 	/System/Library/PrivateFrameworks/APFS.framework/Versions/A/APFS

VM Arguments:
jvm_args: -ea -Declipse.pde.launch=true -Declipse.p2.data.area=@config.dir/p2 -Dfile.encoding=UTF-8 -Xbootclasspath/p:/Applications/Eclipse.app/Contents/Eclipse/plugins/org.eclipse.jdt.debug_3.10.1.v20160811-0441/jdi.jar 
java_command: org.eclipse.equinox.launcher.Main -os macosx -ws cocoa -arch x86_64 -nl en_US -consoleLog -version 3 -port 57142 -testLoaderClass org.eclipse.jdt.internal.junit4.runner.JUnit4TestLoader -loaderpluginname org.eclipse.jdt.junit4.runtime -testNameFile /var/folders/hg/0t_p4b250y3ftm0xfydw3jd00000gp/T/testNames4313318342019046217.txt -application org.eclipse.swtbot.eclipse.core.swtbottestapplication -product org.eclipse.sdk.ide -data /Users/helena/Documents/workspace/../junit-workspace -configuration file:/Users/helena/Documents/workspace/.metadata/.plugins/org.eclipse.pde.core/pde-junit/ -dev file:/Users/helena/Documents/workspace/.metadata/.plugins/org.eclipse.pde.core/pde-junit/dev.properties -os macosx -ws cocoa -arch x86_64 -nl en_US -consoleLog -testpluginname br.inpe.cap.Asniffer
java_class_path (initial): /Applications/Eclipse.app/Contents/Eclipse/plugins/org.eclipse.equinox.launcher_1.3.201.v20161025-1711.jar
Launcher Type: SUN_STANDARD

Environment Variables:
PATH=/usr/bin:/bin:/usr/sbin:/sbin
SHELL=/bin/bash
DISPLAY=/private/tmp/com.apple.launchd.0oyrZ23EWj/org.macosforge.xquartz:0

Signal Handlers:
SIGSEGV: [libjvm.dylib+0x5b0579], sa_mask[0]=11111111011111110111111111111111, sa_flags=SA_ONSTACK|SA_RESTART|SA_SIGINFO
SIGBUS: [libjvm.dylib+0x5b0579], sa_mask[0]=11111111011111110111111111111111, sa_flags=SA_RESTART|SA_SIGINFO
SIGFPE: [libjvm.dylib+0x4874e4], sa_mask[0]=11111111011111110111111111111111, sa_flags=SA_RESTART|SA_SIGINFO
SIGPIPE: [libjvm.dylib+0x4874e4], sa_mask[0]=11111111011111110111111111111111, sa_flags=SA_RESTART|SA_SIGINFO
SIGXFSZ: [libjvm.dylib+0x4874e4], sa_mask[0]=11111111011111110111111111111111, sa_flags=SA_RESTART|SA_SIGINFO
SIGILL: [libjvm.dylib+0x4874e4], sa_mask[0]=11111111011111110111111111111111, sa_flags=SA_RESTART|SA_SIGINFO
SIGUSR1: SIG_DFL, sa_mask[0]=00000000000000000000000000000000, sa_flags=none
SIGUSR2: [libjvm.dylib+0x487002], sa_mask[0]=00100000000000000000000000000000, sa_flags=SA_RESTART|SA_SIGINFO
SIGHUP: [libjvm.dylib+0x4855d9], sa_mask[0]=11111111011111110111111111111111, sa_flags=SA_RESTART|SA_SIGINFO
SIGINT: [libjvm.dylib+0x4855d9], sa_mask[0]=11111111011111110111111111111111, sa_flags=SA_RESTART|SA_SIGINFO
SIGTERM: [libjvm.dylib+0x4855d9], sa_mask[0]=11111111011111110111111111111111, sa_flags=SA_RESTART|SA_SIGINFO
SIGQUIT: [libjvm.dylib+0x4855d9], sa_mask[0]=11111111011111110111111111111111, sa_flags=SA_RESTART|SA_SIGINFO


---------------  S Y S T E M  ---------------

OS:Bsduname:Darwin 16.3.0 Darwin Kernel Version 16.3.0: Thu Nov 17 20:23:58 PST 2016; root:xnu-3789.31.2~1/RELEASE_X86_64 x86_64
rlimit: STACK 8192k, CORE 0k, NPROC 709, NOFILE 10240, AS infinity
load average:1.98 1.77 1.83

CPU:total 4 (2 cores per cpu, 2 threads per core) family 6 model 42 stepping 7, cmov, cx8, fxsr, mmx, sse, sse2, sse3, ssse3, sse4.1, sse4.2, popcnt, avx, aes, clmul, ht, tsc, tscinvbit

Memory: 4k page, physical 8388608k(858380k free)

/proc/meminfo:


vm_info: Java HotSpot(TM) 64-Bit Server VM (25.102-b14) for bsd-amd64 JRE (1.8.0_102-b14), built on Jun 22 2016 11:42:36 by "java_re" with gcc 4.2.1 (Based on Apple Inc. build 5658) (LLVM build 2336.11.00)

time: Fri Feb  3 21:56:33 2017
elapsed time: 7 seconds (0d 0h 0m 7s)

