#
# A fatal error has been detected by the Java Runtime Environment:
#
#  SIGSEGV (0xb) at pc=0x0000000103fe16a8, pid=658, tid=0x0000000000000307
#
# JRE version: Java(TM) SE Runtime Environment (8.0_102-b14) (build 1.8.0_102-b14)
# Java VM: Java HotSpot(TM) 64-Bit Server VM (25.102-b14 mixed mode bsd-amd64 compressed oops)
# Problematic frame:
# J 5977 C2 org.eclipse.core.internal.registry.ConfigurationElementHandle.getAttribute(Ljava/lang/String;)Ljava/lang/String; (9 bytes) @ 0x0000000103fe16a8 [0x0000000103fe14a0+0x208]
#
# Failed to write core dump. Core dumps have been disabled. To enable core dumping, try "ulimit -c unlimited" before starting Java again
#
# If you would like to submit a bug report, please visit:
#   http://bugreport.java.com/bugreport/crash.jsp
#

---------------  T H R E A D  ---------------

Current thread (0x00007fb79e802800):  JavaThread "main" [_thread_in_Java, id=775, stack(0x00007fff5e1d5000,0x00007fff5e9d5000)]

siginfo: si_signo: 11 (SIGSEGV), si_code: 1 (SEGV_MAPERR), si_addr: 0x00000000030803a4

Registers:
RAX=0x00007fff5e9ce920, RBX=0x00000000f802e8fc, RCX=0x000000074246bd40, RDX=0x0000000000000000
RSP=0x00007fff5e9ce8f0, RBP=0x00000000e80102d5, RSI=0x00000000e80d93ef, RDI=0x0000000000610073
R8 =0x0000000000000006, R9 =0x0000000000000006, R10=0x00000007406c9f60, R11=0x000000074246bd88
R12=0x0000000000000000, R13=0x0000000000000002, R14=0x00000000e848d7b1, R15=0x00007fb79e802800
RIP=0x0000000103fe16a8, EFLAGS=0x0000000000010287, ERR=0x0000000000000004
  TRAPNO=0x000000000000000e

Top of Stack: (sp=0x00007fff5e9ce8f0)
0x00007fff5e9ce8f0:   00000007406c9f60 0000000104e0a3ec
0x00007fff5e9ce900:   0000000100005db1 0000000000000000
0x00007fff5e9ce910:   00007fff5e9ce940 00007fff00000000
0x00007fff5e9ce920:   0000000000000011 00000007b588cbd8
0x00007fff5e9ce930:   00007fff5e9ce998 0000000103b10114
0x00007fff5e9ce940:   0000000103b10114 00000007406c9f60
0x00007fff5e9ce950:   00000007b58c71d0 00007fff5e9ce958
0x00007fff5e9ce960:   0000000125b6c04b 00007fff5e9ce9d0
0x00007fff5e9ce970:   0000000125b6ea60 0000000000000000
0x00007fff5e9ce980:   0000000125b6c130 00007fff5e9ce948
0x00007fff5e9ce990:   00007fff5e9ce9c8 00007fff5e9cea18
0x00007fff5e9ce9a0:   0000000103b102bd 0000000000000000
0x00007fff5e9ce9b0:   0000000000000000 0000000000000000
0x00007fff5e9ce9c0:   0000000000000000 00000007b58c71d0
0x00007fff5e9ce9d0:   00000007b588cbd8 00007fff5e9ce9d8
0x00007fff5e9ce9e0:   0000000125b6c2f8 00007fff5e9cea30
0x00007fff5e9ce9f0:   0000000125b6ea60 0000000000000000
0x00007fff5e9cea00:   0000000125b6c360 00007fff5e9ce9c8
0x00007fff5e9cea10:   00007fff5e9cea40 00007fff5e9ceb88
0x00007fff5e9cea20:   00000001050182e4 00000007b58c71d0
0x00007fff5e9cea30:   00000007b588cbd8 00000001050182e4
0x00007fff5e9cea40:   00007fff5e9ceaa0 0000000103c0882a
0x00007fff5e9cea50:   00000007b588d648 00000007b588cce8
0x00007fff5e9cea60:   00007fff5e9ceac0 0000000103b102bd
0x00007fff5e9cea70:   0000000103b102bd 00000007b588d648
0x00007fff5e9cea80:   00007fff5e9cea80 000000011e9778f9
0x00007fff5e9cea90:   00007fff5e9cead0 000000011e977ab8
0x00007fff5e9ceaa0:   0000000000000000 000000011e977918
0x00007fff5e9ceab0:   00007fff5e9ceb20 0000000103b102bd
0x00007fff5e9ceac0:   00007fff5e9ceb20 0000000103b102bd
0x00007fff5e9cead0:   00000007b588d648 00000007b588d658
0x00007fff5e9ceae0:   00000007414e4590 00000007b588cbd8 

Instructions: (pc=0x0000000103fe16a8)
0x0000000103fe1688:   8d 14 ec 4f 8d 1c f4 33 d2 4c 3b 14 24 0f 84 b4
0x0000000103fe1698:   01 00 00 4c 8b 14 24 41 8b 72 0c 45 8b 6c f4 0c
0x0000000103fe16a8:   41 8b 4c fc 0c 49 8d 1c f4 49 8d 6c f4 10 41 3b
0x0000000103fe16b8:   cd 0f 85 ae 00 00 00 49 8d 1c fc 49 8d 7c fc 10 

Register to memory mapping:

RAX=0x00007fff5e9ce920 is pointing into the stack for thread: 0x00007fb79e802800
RBX=0x00000000f802e8fc is an unknown value
RCX=0x000000074246bd40 is an oop
org.eclipse.core.internal.registry.ConfigurationElement 
 - klass: 'org/eclipse/core/internal/registry/ConfigurationElement'
RDX=0x0000000000000000 is an unknown value
RSP=0x00007fff5e9ce8f0 is pointing into the stack for thread: 0x00007fb79e802800
RBP=0x00000000e80102d5 is an unknown value
RSI=0x00000000e80d93ef is an unknown value
RDI=0x0000000000610073 is an unknown value
R8 =0x0000000000000006 is an unknown value
R9 =0x0000000000000006 is an unknown value
R10=0x00000007406c9f60 is an oop
java.lang.String 
 - klass: 'java/lang/String'
R11=0x000000074246bd88 is an oop
[Ljava.lang.String; 
 - klass: 'java/lang/String'[]
 - length: 6
R12=0x0000000000000000 is an unknown value
R13=0x0000000000000002 is an unknown value
R14=0x00000000e848d7b1 is an unknown value
R15=0x00007fb79e802800 is a thread


Stack: [0x00007fff5e1d5000,0x00007fff5e9d5000],  sp=0x00007fff5e9ce8f0,  free space=8166k
Native frames: (J=compiled Java code, j=interpreted, Vv=VM code, C=native code)
J 5977 C2 org.eclipse.core.internal.registry.ConfigurationElementHandle.getAttribute(Ljava/lang/String;)Ljava/lang/String; (9 bytes) @ 0x0000000103fe16a8 [0x0000000103fe14a0+0x208]
j  org.eclipse.ui.internal.registry.PropertyPagesRegistryReader.processPageElement(Lorg/eclipse/core/runtime/IConfigurationElement;)V+3
j  org.eclipse.ui.internal.registry.PropertyPagesRegistryReader.readElement(Lorg/eclipse/core/runtime/IConfigurationElement;)Z+16
J 8599 C1 org.eclipse.ui.internal.registry.RegistryReader.readExtension(Lorg/eclipse/core/runtime/IExtension;)V (11 bytes) @ 0x00000001050182e4 [0x0000000105017aa0+0x844]
j  org.eclipse.ui.internal.registry.RegistryReader.readRegistry(Lorg/eclipse/core/runtime/IExtensionRegistry;Ljava/lang/String;Ljava/lang/String;)V+44
j  org.eclipse.ui.internal.registry.PropertyPagesRegistryReader.registerPropertyPages(Lorg/eclipse/core/runtime/IExtensionRegistry;)V+6
j  org.eclipse.ui.internal.dialogs.PropertyPageContributorManager.loadContributors()V+13
j  org.eclipse.ui.internal.dialogs.PropertyPageContributorManager.<init>()V+5
j  org.eclipse.ui.internal.dialogs.PropertyPageContributorManager.getManager()Lorg/eclipse/ui/internal/dialogs/PropertyPageContributorManager;+10
j  org.eclipse.ui.internal.Workbench.shutdown()V+226
j  org.eclipse.ui.internal.Workbench.busyClose(Z)Z+207
j  org.eclipse.ui.internal.Workbench.access$22(Lorg/eclipse/ui/internal/Workbench;Z)Z+2
j  org.eclipse.ui.internal.Workbench$19.run()V+13
j  org.eclipse.swt.custom.BusyIndicator.showWhile(Lorg/eclipse/swt/widgets/Display;Ljava/lang/Runnable;)V+112
j  org.eclipse.ui.internal.Workbench.close(IZ)Z+20
j  org.eclipse.ui.internal.Workbench.close()Z+3
j  org.eclipse.ui.internal.handlers.QuitHandler.execute(Lorg/eclipse/core/commands/ExecutionEvent;)Ljava/lang/Object;+50
j  org.eclipse.ui.internal.handlers.HandlerProxy.execute(Lorg/eclipse/core/commands/ExecutionEvent;)Ljava/lang/Object;+33
j  org.eclipse.ui.internal.handlers.E4HandlerProxy.execute(Lorg/eclipse/e4/core/contexts/IEclipseContext;Ljava/util/Map;Lorg/eclipse/swt/widgets/Event;Lorg/eclipse/core/expressions/IEvaluationContext;)Ljava/lang/Object;+117
v  ~StubRoutines::call_stub
V  [libjvm.dylib+0x2ed5e2]
V  [libjvm.dylib+0x4d1f7c]
V  [libjvm.dylib+0x4d24b0]
V  [libjvm.dylib+0x3459ec]
J 5420  sun.reflect.NativeMethodAccessorImpl.invoke0(Ljava/lang/reflect/Method;Ljava/lang/Object;[Ljava/lang/Object;)Ljava/lang/Object; (0 bytes) @ 0x0000000104ac6ced [0x0000000104ac6c00+0xed]
J 5419 C1 sun.reflect.NativeMethodAccessorImpl.invoke(Ljava/lang/Object;[Ljava/lang/Object;)Ljava/lang/Object; (104 bytes) @ 0x000000010414b694 [0x000000010414a4c0+0x11d4]
J 5406 C2 java.lang.reflect.Method.invoke(Ljava/lang/Object;[Ljava/lang/Object;)Ljava/lang/Object; (62 bytes) @ 0x0000000104ac7ba8 [0x0000000104ac7b00+0xa8]
J 9517 C1 org.eclipse.e4.core.internal.di.MethodRequestor.execute()Ljava/lang/Object; (189 bytes) @ 0x00000001053da304 [0x00000001053d9560+0xda4]
J 6852 C1 org.eclipse.e4.core.internal.di.InjectorImpl.invokeUsingClass(Ljava/lang/Object;Ljava/lang/Class;Ljava/lang/Class;Ljava/lang/Object;Lorg/eclipse/e4/core/di/suppliers/PrimaryObjectSupplier;Lorg/eclipse/e4/core/di/suppliers/PrimaryObjectSupplier;Z)Ljava/lang/Object; (157 bytes) @ 0x0000000104c52dcc [0x0000000104c52120+0xcac]
J 7950 C1 org.eclipse.e4.core.contexts.ContextInjectionFactory.invoke(Ljava/lang/Object;Ljava/lang/Class;Lorg/eclipse/e4/core/contexts/IEclipseContext;Lorg/eclipse/e4/core/contexts/IEclipseContext;Ljava/lang/Object;)Ljava/lang/Object; (35 bytes) @ 0x0000000104f6a444 [0x0000000104f6a360+0xe4]
j  org.eclipse.e4.core.commands.internal.HandlerServiceHandler.execute(Lorg/eclipse/core/commands/ExecutionEvent;)Ljava/lang/Object;+94
j  org.eclipse.core.commands.Command.executeWithChecks(Lorg/eclipse/core/commands/ExecutionEvent;)Ljava/lang/Object;+164
j  org.eclipse.core.commands.ParameterizedCommand.executeWithChecks(Ljava/lang/Object;Ljava/lang/Object;)Ljava/lang/Object;+21
j  org.eclipse.e4.core.commands.internal.HandlerServiceImpl.executeHandler(Lorg/eclipse/core/commands/ParameterizedCommand;Lorg/eclipse/e4/core/contexts/IEclipseContext;)Ljava/lang/Object;+38
j  org.eclipse.e4.ui.workbench.renderers.swt.HandledContributionItem.executeItem(Lorg/eclipse/swt/widgets/Event;)V+53
j  org.eclipse.e4.ui.workbench.renderers.swt.AbstractContributionItem.handleWidgetSelection(Lorg/eclipse/swt/widgets/Event;)V+123
j  org.eclipse.e4.ui.workbench.renderers.swt.AbstractContributionItem$3.handleEvent(Lorg/eclipse/swt/widgets/Event;)V+71
J 9726 C2 org.eclipse.swt.widgets.EventTable.sendEvent(Lorg/eclipse/swt/widgets/Event;)V (532 bytes) @ 0x0000000105494b60 [0x00000001054949c0+0x1a0]
J 9880 C1 org.eclipse.swt.widgets.Display.sendEvent(Lorg/eclipse/swt/widgets/EventTable;Lorg/eclipse/swt/widgets/Event;)V (84 bytes) @ 0x0000000103f476b4 [0x0000000103f47540+0x174]
J 8829 C1 org.eclipse.swt.widgets.Widget.sendEvent(ILorg/eclipse/swt/widgets/Event;Z)V (88 bytes) @ 0x0000000105155c6c [0x0000000105155a80+0x1ec]
j  org.eclipse.swt.widgets.Widget.sendEvent(ILorg/eclipse/swt/widgets/Event;)V+4
j  org.eclipse.swt.widgets.Widget.notifyListeners(ILorg/eclipse/swt/widgets/Event;)V+19
j  org.eclipse.swtbot.swt.finder.widgets.AbstractSWTBot$2.run()V+112
j  org.eclipse.swtbot.swt.finder.finders.UIThreadRunnable$5.doRun()V+4
j  org.eclipse.swtbot.swt.finder.finders.UIThreadRunnable.run()V+64
j  org.eclipse.swtbot.swt.finder.finders.UIThreadRunnable.asyncExec(Lorg/eclipse/swt/widgets/Display;Lorg/eclipse/swtbot/swt/finder/results/VoidResult;)V+10
j  org.eclipse.swtbot.swt.finder.widgets.AbstractSWTBot.asyncExec(Lorg/eclipse/swtbot/swt/finder/results/VoidResult;)V+5
j  org.eclipse.swtbot.swt.finder.widgets.AbstractSWTBot.notify(ILorg/eclipse/swt/widgets/Event;Lorg/eclipse/swt/widgets/Widget;)V+48
j  org.eclipse.swtbot.swt.finder.widgets.AbstractSWTBot.notify(ILorg/eclipse/swt/widgets/Event;)V+7
j  org.eclipse.swtbot.swt.finder.widgets.AbstractSWTBot.notify(I)V+6
j  org.eclipse.swtbot.swt.finder.widgets.SWTBotMenu$1.run()V+61
j  org.eclipse.swtbot.swt.finder.finders.UIThreadRunnable$5.doRun()V+4
j  org.eclipse.swtbot.swt.finder.finders.UIThreadRunnable$1.run()V+4
J 10137 C1 org.eclipse.swt.widgets.Synchronizer.runAsyncMessages(Z)Z (184 bytes) @ 0x0000000104f67464 [0x0000000104f670c0+0x3a4]
J 10029 C1 org.eclipse.swt.widgets.Display.readAndDispatch()Z (249 bytes) @ 0x000000010522144c [0x0000000105220640+0xe0c]
j  org.eclipse.e4.ui.internal.workbench.swt.PartRenderingEngine$4.run()V+530
j  org.eclipse.core.databinding.observable.Realm.runWithDefault(Lorg/eclipse/core/databinding/observable/Realm;Ljava/lang/Runnable;)V+12
j  org.eclipse.e4.ui.internal.workbench.swt.PartRenderingEngine.run(Lorg/eclipse/e4/ui/model/application/MApplicationElement;Lorg/eclipse/e4/core/contexts/IEclipseContext;)Ljava/lang/Object;+57
j  org.eclipse.e4.ui.internal.workbench.E4Workbench.createAndRunUI(Lorg/eclipse/e4/ui/model/application/MApplicationElement;)V+20
j  org.eclipse.ui.internal.Workbench$5.run()V+436
j  org.eclipse.core.databinding.observable.Realm.runWithDefault(Lorg/eclipse/core/databinding/observable/Realm;Ljava/lang/Runnable;)V+12
j  org.eclipse.ui.internal.Workbench.createAndRunWorkbench(Lorg/eclipse/swt/widgets/Display;Lorg/eclipse/ui/application/WorkbenchAdvisor;)I+18
j  org.eclipse.ui.PlatformUI.createAndRunWorkbench(Lorg/eclipse/swt/widgets/Display;Lorg/eclipse/ui/application/WorkbenchAdvisor;)I+2
j  org.eclipse.ui.internal.ide.application.IDEApplication.start(Lorg/eclipse/equinox/app/IApplicationContext;)Ljava/lang/Object;+105
j  org.eclipse.swtbot.eclipse.core.UITestApplication.start(Lorg/eclipse/equinox/app/IApplicationContext;)Ljava/lang/Object;+87
j  org.eclipse.equinox.internal.app.EclipseAppHandle.run(Ljava/lang/Object;)Ljava/lang/Object;+135
j  org.eclipse.core.runtime.internal.adaptor.EclipseAppLauncher.runApplication(Ljava/lang/Object;)Ljava/lang/Object;+85
j  org.eclipse.core.runtime.internal.adaptor.EclipseAppLauncher.start(Ljava/lang/Object;)Ljava/lang/Object;+82
j  org.eclipse.core.runtime.adaptor.EclipseStarter.run(Ljava/lang/Object;)Ljava/lang/Object;+105
j  org.eclipse.core.runtime.adaptor.EclipseStarter.run([Ljava/lang/String;Ljava/lang/Runnable;)Ljava/lang/Object;+132
v  ~StubRoutines::call_stub
V  [libjvm.dylib+0x2ed5e2]
V  [libjvm.dylib+0x4d1f7c]
V  [libjvm.dylib+0x4d24b0]
V  [libjvm.dylib+0x3459ec]
j  sun.reflect.NativeMethodAccessorImpl.invoke0(Ljava/lang/reflect/Method;Ljava/lang/Object;[Ljava/lang/Object;)Ljava/lang/Object;+0
j  sun.reflect.NativeMethodAccessorImpl.invoke(Ljava/lang/Object;[Ljava/lang/Object;)Ljava/lang/Object;+100
j  sun.reflect.DelegatingMethodAccessorImpl.invoke(Ljava/lang/Object;[Ljava/lang/Object;)Ljava/lang/Object;+6
j  java.lang.reflect.Method.invoke(Ljava/lang/Object;[Ljava/lang/Object;)Ljava/lang/Object;+56
j  org.eclipse.equinox.launcher.Main.invokeFramework([Ljava/lang/String;[Ljava/net/URL;)V+265
j  org.eclipse.equinox.launcher.Main.basicRun([Ljava/lang/String;)V+160
j  org.eclipse.equinox.launcher.Main.run([Ljava/lang/String;)I+4
j  org.eclipse.equinox.launcher.Main.main([Ljava/lang/String;)V+10
v  ~StubRoutines::call_stub
V  [libjvm.dylib+0x2ed5e2]
V  [libjvm.dylib+0x3243da]
V  [libjvm.dylib+0x31d151]
C  [java+0x3931]  JavaMain+0x9c4
C  [java+0x5590]  -[JavaLaunchHelper launchJava:]+0x2a
C  [Foundation+0x71f2a]  __NSThreadPerformPerform+0x146
C  [CoreFoundation+0xa44c1]  __CFRUNLOOP_IS_CALLING_OUT_TO_A_SOURCE0_PERFORM_FUNCTION__+0x11
C  [CoreFoundation+0x858cc]  __CFRunLoopDoSources0+0x22c
C  [CoreFoundation+0x84db6]  __CFRunLoopRun+0x3a6
C  [CoreFoundation+0x847b4]  CFRunLoopRunSpecific+0x1a4
C  [java+0x6465]  CreateExecutionEnvironment+0x367
C  [java+0x218c]  JLI_Launch+0x7a0
C  [java+0x84c2]  main+0x65
C  [java+0x19e4]  start+0x34
C  0x0000000000000032


---------------  P R O C E S S  ---------------

Java Threads: ( => current thread )
  0x00007fb79e888000 JavaThread "Worker-5" [_thread_blocked, id=81411, stack(0x000070000da0e000,0x000070000db0e000)]
  0x00007fb7a2098000 JavaThread "process reaper" daemon [_thread_blocked, id=77831, stack(0x000070000d8e0000,0x000070000d908000)]
  0x00007fb79e235000 JavaThread "[ThreadPool Manager] - Idle Thread" daemon [_thread_blocked, id=62731, stack(0x000070000d2c2000,0x000070000d3c2000)]
  0x00007fb7a0d89000 JavaThread "Worker-4" [_thread_blocked, id=62479, stack(0x000070000d1bf000,0x000070000d2bf000)]
  0x00007fb7a1b3b800 JavaThread "ServerConnection STARTING" [_thread_in_native, id=61699, stack(0x000070000d0bc000,0x000070000d1bc000)]
  0x00007fb79e8e9000 JavaThread "EventAdmin Async Event Dispatcher Thread" daemon [_thread_blocked, id=52515, stack(0x000070000ccaa000,0x000070000cdaa000)]
  0x00007fb7a2e4f000 JavaThread "Worker-3" [_thread_blocked, id=37131, stack(0x000070000c79b000,0x000070000c89b000)]
  0x00007fb7a1c5d000 JavaThread "Worker-2" [_thread_blocked, id=4107, stack(0x000070000c592000,0x000070000c692000)]
  0x00007fb7a294d800 JavaThread "Java indexing" daemon [_thread_in_Java, id=4619, stack(0x000070000c083000,0x000070000c183000)]
  0x00007fb7a2109800 JavaThread "Worker-1" [_thread_blocked, id=28935, stack(0x000070000b1d3000,0x000070000b2d3000)]
  0x00007fb79f2c8800 JavaThread "EMF Reference Cleaner" daemon [_thread_blocked, id=37643, stack(0x000070000c89e000,0x000070000c99e000)]
  0x00007fb79f4f1000 JavaThread "Worker-0" [_thread_blocked, id=44039, stack(0x000070000cba7000,0x000070000cca7000)]
  0x00007fb79f47c800 JavaThread "Worker-JM" [_thread_blocked, id=22031, stack(0x000070000caa4000,0x000070000cba4000)]
  0x00007fb79d943000 JavaThread "[Timer] - Main Queue Handler" daemon [_thread_blocked, id=38147, stack(0x000070000c9a1000,0x000070000caa1000)]
  0x00007fb79ec14000 JavaThread "Bundle File Closer" daemon [_thread_blocked, id=36879, stack(0x000070000c698000,0x000070000c798000)]
  0x00007fb79e309800 JavaThread "Refresh Thread: Equinox Container: 60dba0ff-01bc-0016-1ce9-babcc8fc166f" daemon [_thread_blocked, id=20483, stack(0x000070000c48f000,0x000070000c58f000)]
  0x00007fb79d8f4000 JavaThread "Start Level: Equinox Container: 60dba0ff-01bc-0016-1ce9-babcc8fc166f" daemon [_thread_blocked, id=19971, stack(0x000070000c38c000,0x000070000c48c000)]
  0x00007fb79e134800 JavaThread "Framework Event Dispatcher: org.eclipse.osgi.internal.framework.EquinoxEventPublisher@69ea3742" daemon [_thread_blocked, id=19459, stack(0x000070000c289000,0x000070000c389000)]
  0x00007fb79e378000 JavaThread "Active Thread: Equinox Container: 60dba0ff-01bc-0016-1ce9-babcc8fc166f" [_thread_blocked, id=18947, stack(0x000070000c186000,0x000070000c286000)]
  0x00007fb79f00d800 JavaThread "Service Thread" daemon [_thread_blocked, id=17923, stack(0x000070000be7d000,0x000070000bf7d000)]
  0x00007fb79e055800 JavaThread "C1 CompilerThread2" daemon [_thread_blocked, id=17411, stack(0x000070000bd7a000,0x000070000be7a000)]
  0x00007fb79e817000 JavaThread "C2 CompilerThread1" daemon [_thread_in_native, id=16899, stack(0x000070000bc77000,0x000070000bd77000)]
  0x00007fb79e815800 JavaThread "C2 CompilerThread0" daemon [_thread_in_native, id=16387, stack(0x000070000bb74000,0x000070000bc74000)]
  0x00007fb79e83a000 JavaThread "Signal Dispatcher" daemon [_thread_blocked, id=15879, stack(0x000070000ba71000,0x000070000bb71000)]
  0x00007fb79d80e000 JavaThread "Finalizer" daemon [_thread_blocked, id=12291, stack(0x000070000b96e000,0x000070000ba6e000)]
  0x00007fb79f004000 JavaThread "Reference Handler" daemon [_thread_blocked, id=11779, stack(0x000070000b86b000,0x000070000b96b000)]
=>0x00007fb79e802800 JavaThread "main" [_thread_in_Java, id=775, stack(0x00007fff5e1d5000,0x00007fff5e9d5000)]

Other Threads:
  0x00007fb79e839800 VMThread [stack: 0x000070000b768000,0x000070000b868000] [id=11267]
  0x00007fb79e83b000 WatcherThread [stack: 0x000070000bf80000,0x000070000c080000] [id=18435]

VM state:not at safepoint (normal execution)

VM Mutex/Monitor currently owned by a thread: None

Heap:
 PSYoungGen      total 637440K, used 547052K [0x0000000795580000, 0x00000007c0000000, 0x00000007c0000000)
  eden space 583680K, 93% used [0x0000000795580000,0x00000007b6bbb138,0x00000007b8f80000)
  from space 53760K, 0% used [0x00000007bc500000,0x00000007bc500000,0x00000007bf980000)
  to   space 54784K, 0% used [0x00000007b8f80000,0x00000007b8f80000,0x00000007bc500000)
 ParOldGen       total 239104K, used 79940K [0x0000000740000000, 0x000000074e980000, 0x0000000795580000)
  object space 239104K, 33% used [0x0000000740000000,0x0000000744e110c8,0x000000074e980000)
 Metaspace       used 86864K, capacity 97084K, committed 97320K, reserved 1132544K
  class space    used 10884K, capacity 13763K, committed 13864K, reserved 1048576K

Card table byte_map: [0x0000000101fc0000,0x00000001023c1000] byte_map_base: 0x00000000fe5c0000

Marking Bits: (ParMarkBitMap*) 0x0000000103456d20
 Begin Bits: [0x0000000112b08000, 0x0000000114b08000)
 End Bits:   [0x0000000114b08000, 0x0000000116b08000)

Polling page: 0x00000001012ec000

CodeCache: size=245760Kb used=27668Kb max_used=27668Kb free=218091Kb
 bounds [0x0000000103b08000, 0x0000000105638000, 0x0000000112b08000]
 total_blobs=9026 nmethods=8255 adapters=680
 compilation: enabled

Compilation events (10 events):
Event: 58.109 Thread 0x00007fb79e055800 nmethod 10925 0x000000010562f350 code [0x000000010562f520, 0x000000010562f968]
Event: 58.109 Thread 0x00007fb79e055800 10926       2       org.eclipse.e4.ui.model.application.ui.menu.impl.ToolBarContributionImpl::eIsSet (110 bytes)
Event: 58.110 Thread 0x00007fb79e055800 nmethod 10926 0x000000010562fbd0 code [0x000000010562fd40, 0x000000010562ff28]
Event: 58.110 Thread 0x00007fb79e055800 10927       2       org.eclipse.e4.ui.model.application.ui.menu.impl.ToolBarContributionImpl::getChildren (31 bytes)
Event: 58.110 Thread 0x00007fb79e055800 nmethod 10927 0x000000010562ffd0 code [0x0000000105630140, 0x00000001056303e8]
Event: 58.110 Thread 0x00007fb79e055800 10928       2       org.eclipse.ui.internal.activities.ProxyActivityManager::getActivity (11 bytes)
Event: 58.110 Thread 0x00007fb79e055800 nmethod 10928 0x0000000105630590 code [0x0000000105630700, 0x0000000105630888]
Event: 58.147 Thread 0x00007fb79e055800 10929       2       org.eclipse.ui.internal.Workbench::getExtensionTracker (16 bytes)
Event: 58.148 Thread 0x00007fb79e055800 nmethod 10929 0x0000000105630910 code [0x0000000105630ac0, 0x0000000105630ea8]
Event: 58.148 Thread 0x00007fb79e055800 10930       2       org.eclipse.core.internal.expressions.TestExpression::<init> (103 bytes)

GC Heap History (10 events):
Event: 28.186 GC heap before
{Heap before GC invocations=18 (full 2):
 PSYoungGen      total 567296K, used 510368K [0x0000000795580000, 0x00000007c0000000, 0x00000007c0000000)
  eden space 509440K, 100% used [0x0000000795580000,0x00000007b4700000,0x00000007b4700000)
  from space 57856K, 1% used [0x00000007b4700000,0x00000007b47e8000,0x00000007b7f80000)
  to   space 58368K, 0% used [0x00000007bc700000,0x00000007bc700000,0x00000007c0000000)
 ParOldGen       total 152064K, used 53057K [0x0000000740000000, 0x0000000749480000, 0x0000000795580000)
  object space 152064K, 34% used [0x0000000740000000,0x00000007433d05c8,0x0000000749480000)
 Metaspace       used 29058K, capacity 31610K, committed 31872K, reserved 1077248K
  class space    used 3269K, capacity 3930K, committed 3968K, reserved 1048576K
Event: 28.199 GC heap after
Heap after GC invocations=18 (full 2):
 PSYoungGen      total 639488K, used 5152K [0x0000000795580000, 0x00000007bfe80000, 0x00000007c0000000)
  eden space 582656K, 0% used [0x0000000795580000,0x0000000795580000,0x00000007b8e80000)
  from space 56832K, 9% used [0x00000007bc700000,0x00000007bcc08000,0x00000007bfe80000)
  to   space 57344K, 0% used [0x00000007b8e80000,0x00000007b8e80000,0x00000007bc680000)
 ParOldGen       total 152064K, used 53057K [0x0000000740000000, 0x0000000749480000, 0x0000000795580000)
  object space 152064K, 34% used [0x0000000740000000,0x00000007433d05c8,0x0000000749480000)
 Metaspace       used 29058K, capacity 31610K, committed 31872K, reserved 1077248K
  class space    used 3269K, capacity 3930K, committed 3968K, reserved 1048576K
}
Event: 31.215 GC heap before
{Heap before GC invocations=19 (full 2):
 PSYoungGen      total 639488K, used 351039K [0x0000000795580000, 0x00000007bfe80000, 0x00000007c0000000)
  eden space 582656K, 59% used [0x0000000795580000,0x00000007aa747c50,0x00000007b8e80000)
  from space 56832K, 9% used [0x00000007bc700000,0x00000007bcc08000,0x00000007bfe80000)
  to   space 57344K, 0% used [0x00000007b8e80000,0x00000007b8e80000,0x00000007bc680000)
 ParOldGen       total 152064K, used 53057K [0x0000000740000000, 0x0000000749480000, 0x0000000795580000)
  object space 152064K, 34% used [0x0000000740000000,0x00000007433d05c8,0x0000000749480000)
 Metaspace       used 32140K, capacity 35462K, committed 35496K, reserved 1081344K
  class space    used 3674K, capacity 4503K, committed 4520K, reserved 1048576K
Event: 31.254 GC heap after
Heap after GC invocations=19 (full 2):
 PSYoungGen      total 598016K, used 15209K [0x0000000795580000, 0x00000007bf980000, 0x00000007c0000000)
  eden space 582656K, 0% used [0x0000000795580000,0x0000000795580000,0x00000007b8e80000)
  from space 15360K, 99% used [0x00000007b8e80000,0x00000007b9d5a508,0x00000007b9d80000)
  to   space 53760K, 0% used [0x00000007bc500000,0x00000007bc500000,0x00000007bf980000)
 ParOldGen       total 152064K, used 53065K [0x0000000740000000, 0x0000000749480000, 0x0000000795580000)
  object space 152064K, 34% used [0x0000000740000000,0x00000007433d25c8,0x0000000749480000)
 Metaspace       used 32140K, capacity 35462K, committed 35496K, reserved 1081344K
  class space    used 3674K, capacity 4503K, committed 4520K, reserved 1048576K
}
Event: 31.254 GC heap before
{Heap before GC invocations=20 (full 3):
 PSYoungGen      total 598016K, used 15209K [0x0000000795580000, 0x00000007bf980000, 0x00000007c0000000)
  eden space 582656K, 0% used [0x0000000795580000,0x0000000795580000,0x00000007b8e80000)
  from space 15360K, 99% used [0x00000007b8e80000,0x00000007b9d5a508,0x00000007b9d80000)
  to   space 53760K, 0% used [0x00000007bc500000,0x00000007bc500000,0x00000007bf980000)
 ParOldGen       total 152064K, used 53065K [0x0000000740000000, 0x0000000749480000, 0x0000000795580000)
  object space 152064K, 34% used [0x0000000740000000,0x00000007433d25c8,0x0000000749480000)
 Metaspace       used 32140K, capacity 35462K, committed 35496K, reserved 1081344K
  class space    used 3674K, capacity 4503K, committed 4520K, reserved 1048576K
Event: 31.512 GC heap after
Heap after GC invocations=20 (full 3):
 PSYoungGen      total 598016K, used 0K [0x0000000795580000, 0x00000007bf980000, 0x00000007c0000000)
  eden space 582656K, 0% used [0x0000000795580000,0x0000000795580000,0x00000007b8e80000)
  from space 15360K, 0% used [0x00000007b8e80000,0x00000007b8e80000,0x00000007b9d80000)
  to   space 53760K, 0% used [0x00000007bc500000,0x00000007bc500000,0x00000007bf980000)
 ParOldGen       total 185344K, used 62898K [0x0000000740000000, 0x000000074b500000, 0x0000000795580000)
  object space 185344K, 33% used [0x0000000740000000,0x0000000743d6cbe0,0x000000074b500000)
 Metaspace       used 32140K, capacity 35462K, committed 35496K, reserved 1081344K
  class space    used 3674K, capacity 4503K, committed 4520K, reserved 1048576K
}
Event: 34.799 GC heap before
{Heap before GC invocations=21 (full 3):
 PSYoungGen      total 598016K, used 177103K [0x0000000795580000, 0x00000007bf980000, 0x00000007c0000000)
  eden space 582656K, 30% used [0x0000000795580000,0x00000007a0273e08,0x00000007b8e80000)
  from space 15360K, 0% used [0x00000007b8e80000,0x00000007b8e80000,0x00000007b9d80000)
  to   space 53760K, 0% used [0x00000007bc500000,0x00000007bc500000,0x00000007bf980000)
 ParOldGen       total 185344K, used 62898K [0x0000000740000000, 0x000000074b500000, 0x0000000795580000)
  object space 185344K, 33% used [0x0000000740000000,0x0000000743d6cbe0,0x000000074b500000)
 Metaspace       used 52943K, capacity 59046K, committed 59160K, reserved 1099776K
  class space    used 6325K, capacity 8063K, committed 8104K, reserved 1048576K
Event: 34.830 GC heap after
Heap after GC invocations=21 (full 3):
 PSYoungGen      total 637440K, used 30060K [0x0000000795580000, 0x00000007c0000000, 0x00000007c0000000)
  eden space 583680K, 0% used [0x0000000795580000,0x0000000795580000,0x00000007b8f80000)
  from space 53760K, 55% used [0x00000007bc500000,0x00000007be25b2a8,0x00000007bf980000)
  to   space 54784K, 0% used [0x00000007b8f80000,0x00000007b8f80000,0x00000007bc500000)
 ParOldGen       total 185344K, used 62906K [0x0000000740000000, 0x000000074b500000, 0x0000000795580000)
  object space 185344K, 33% used [0x0000000740000000,0x0000000743d6ebe0,0x000000074b500000)
 Metaspace       used 52943K, capacity 59046K, committed 59160K, reserved 1099776K
  class space    used 6325K, capacity 8063K, committed 8104K, reserved 1048576K
}
Event: 34.830 GC heap before
{Heap before GC invocations=22 (full 4):
 PSYoungGen      total 637440K, used 30060K [0x0000000795580000, 0x00000007c0000000, 0x00000007c0000000)
  eden space 583680K, 0% used [0x0000000795580000,0x0000000795580000,0x00000007b8f80000)
  from space 53760K, 55% used [0x00000007bc500000,0x00000007be25b2a8,0x00000007bf980000)
  to   space 54784K, 0% used [0x00000007b8f80000,0x00000007b8f80000,0x00000007bc500000)
 ParOldGen       total 185344K, used 62906K [0x0000000740000000, 0x000000074b500000, 0x0000000795580000)
  object space 185344K, 33% used [0x0000000740000000,0x0000000743d6ebe0,0x000000074b500000)
 Metaspace       used 52943K, capacity 59046K, committed 59160K, reserved 1099776K
  class space    used 6325K, capacity 8063K, committed 8104K, reserved 1048576K
Event: 34.998 GC heap after
Heap after GC invocations=22 (full 4):
 PSYoungGen      total 637440K, used 0K [0x0000000795580000, 0x00000007c0000000, 0x00000007c0000000)
  eden space 583680K, 0% used [0x0000000795580000,0x0000000795580000,0x00000007b8f80000)
  from space 53760K, 0% used [0x00000007bc500000,0x00000007bc500000,0x00000007bf980000)
  to   space 54784K, 0% used [0x00000007b8f80000,0x00000007b8f80000,0x00000007bc500000)
 ParOldGen       total 239104K, used 79940K [0x0000000740000000, 0x000000074e980000, 0x0000000795580000)
  object space 239104K, 33% used [0x0000000740000000,0x0000000744e110c8,0x000000074e980000)
 Metaspace       used 52943K, capacity 59046K, committed 59160K, reserved 1099776K
  class space    used 6325K, capacity 8063K, committed 8104K, reserved 1048576K
}

Deoptimization events (10 events):
Event: 57.084 Thread 0x00007fb79ec8c000 Uncommon trap: reason=unstable_if action=reinterpret pc=0x00000001054c6734 method=org.eclipse.jdt.internal.core.util.Util.equalArrays([Ljava/lang/Object;[Ljava/lang/Object;I)Z @ 2
Event: 57.176 Thread 0x00007fb79ec8c000 Uncommon trap: reason=unstable_if action=reinterpret pc=0x000000010505b300 method=org.eclipse.jdt.internal.compiler.util.Util.isClassFileName(Ljava/lang/String;)Z @ 20
Event: 57.217 Thread 0x00007fb79ec8c000 Uncommon trap: reason=unstable_if action=reinterpret pc=0x0000000105055618 method=org.eclipse.jdt.internal.core.util.Util.equalArrays([Ljava/lang/Object;[Ljava/lang/Object;I)Z @ 2
Event: 57.302 Thread 0x00007fb79e802800 Uncommon trap: reason=unstable_if action=reinterpret pc=0x00000001040bf8bc method=org.eclipse.core.internal.expressions.CompositeExpression.evaluateAnd(Lorg/eclipse/core/expressions/IEvaluationContext;)Lorg/eclipse/core/expressions/EvaluationResult; @ 4
Event: 57.680 Thread 0x00007fb7a294d800 Uncommon trap: reason=unstable_if action=reinterpret pc=0x000000010559f280 method=java.io.BufferedInputStream.read([BII)I @ 31
Event: 57.696 Thread 0x00007fb79e802800 Uncommon trap: reason=class_check action=maybe_recompile pc=0x00000001045318ac method=org.eclipse.emf.ecore.util.EcoreEList.contains(Ljava/lang/Object;)Z @ 53
Event: 57.712 Thread 0x00007fb79e802800 Uncommon trap: reason=class_check action=maybe_recompile pc=0x00000001045318ac method=org.eclipse.emf.ecore.util.EcoreEList.contains(Ljava/lang/Object;)Z @ 53
Event: 57.837 Thread 0x00007fb79e802800 Uncommon trap: reason=unstable_if action=reinterpret pc=0x00000001053c9240 method=org.eclipse.swt.widgets.Display.LookupWidget(JJ)Lorg/eclipse/swt/widgets/Widget; @ 29
Event: 58.075 Thread 0x00007fb7a294d800 Uncommon trap: reason=unstable_if action=reinterpret pc=0x00000001055c837c method=org.eclipse.jdt.internal.core.search.indexing.BinaryIndexer.addTypeReference([C)V @ 5
Event: 58.082 Thread 0x00007fb79e802800 Uncommon trap: reason=unstable_if action=reinterpret pc=0x000000010547cddc method=org.eclipse.ui.internal.activities.MutableActivityManager.updateIdentifier(Lorg/eclipse/ui/internal/activities/Identifier;Ljava/util/Set;)Lorg/eclipse/ui/activities/Identifi

Internal exceptions (10 events):
Event: 57.444 Thread 0x00007fb79ec8c000 Exception <a 'java/lang/ArrayIndexOutOfBoundsException': 196> (0x00000007ae45f150) thrown at [/Users/java_re/workspace/8-2-build-macosx-x86_64/jdk8u102/7268/hotspot/src/share/vm/interpreter/interpreterRuntime.cpp, line 366]
Event: 57.446 Thread 0x00007fb79ec8c000 Exception <a 'java/lang/ArrayIndexOutOfBoundsException': 93> (0x00000007ae47d938) thrown at [/Users/java_re/workspace/8-2-build-macosx-x86_64/jdk8u102/7268/hotspot/src/share/vm/interpreter/interpreterRuntime.cpp, line 366]
Event: 57.448 Thread 0x00007fb79ec8c000 Exception <a 'java/lang/ArrayIndexOutOfBoundsException': 62> (0x00000007ae49b780) thrown at [/Users/java_re/workspace/8-2-build-macosx-x86_64/jdk8u102/7268/hotspot/src/share/vm/interpreter/interpreterRuntime.cpp, line 366]
Event: 57.449 Thread 0x00007fb79ec8c000 Exception <a 'java/lang/ArrayIndexOutOfBoundsException': 96> (0x00000007afab91b8) thrown at [/Users/java_re/workspace/8-2-build-macosx-x86_64/jdk8u102/7268/hotspot/src/share/vm/interpreter/interpreterRuntime.cpp, line 366]
Event: 57.529 Thread 0x00007fb79ec8c000 Exception <a 'java/lang/reflect/InvocationTargetException'> (0x00000007afade368) thrown at [/Users/java_re/workspace/8-2-build-macosx-x86_64/jdk8u102/7268/hotspot/src/share/vm/runtime/reflection.cpp, line 1092]
Event: 57.537 Thread 0x00007fb79ec8c000 Exception <a 'java/lang/reflect/InvocationTargetException'> (0x00000007afb07068) thrown at [/Users/java_re/workspace/8-2-build-macosx-x86_64/jdk8u102/7268/hotspot/src/share/vm/runtime/reflection.cpp, line 1092]
Event: 57.538 Thread 0x00007fb79ec8c000 Exception <a 'java/lang/reflect/InvocationTargetException'> (0x00000007afb2c128) thrown at [/Users/java_re/workspace/8-2-build-macosx-x86_64/jdk8u102/7268/hotspot/src/share/vm/runtime/reflection.cpp, line 1092]
Event: 57.543 Thread 0x00007fb79ec8c000 Exception <a 'java/lang/reflect/InvocationTargetException'> (0x00000007afb5f058) thrown at [/Users/java_re/workspace/8-2-build-macosx-x86_64/jdk8u102/7268/hotspot/src/share/vm/runtime/reflection.cpp, line 1092]
Event: 57.917 Thread 0x00007fb79f014000 Exception <a 'java/net/SocketException': Socket closed> (0x00000007a4675100) thrown at [/Users/java_re/workspace/8-2-build-macosx-x86_64/jdk8u102/7268/hotspot/src/share/vm/prims/jni.cpp, line 735]
Event: 58.111 Thread 0x00007fb79e802800 Exception <a 'sun/nio/fs/UnixException'> (0x00000007b5855f00) thrown at [/Users/java_re/workspace/8-2-build-macosx-x86_64/jdk8u102/7268/hotspot/src/share/vm/prims/jni.cpp, line 709]

Events (10 events):
Event: 58.135 Executing VM operation: RevokeBias
Event: 58.135 Executing VM operation: RevokeBias done
Event: 58.135 Executing VM operation: RevokeBias
Event: 58.135 Executing VM operation: RevokeBias done
Event: 58.135 Executing VM operation: RevokeBias
Event: 58.135 Executing VM operation: RevokeBias done
Event: 58.135 Executing VM operation: BulkRevokeBias
Event: 58.135 Executing VM operation: BulkRevokeBias done
Event: 58.135 Executing VM operation: RevokeBias
Event: 58.136 Executing VM operation: RevokeBias done


Dynamic libraries:
0x00000000339f5000 	/System/Library/Frameworks/Cocoa.framework/Versions/A/Cocoa
0x00000000339f5000 	/System/Library/Frameworks/Security.framework/Versions/A/Security
0x00000000339f5000 	/System/Library/Frameworks/ApplicationServices.framework/Versions/A/ApplicationServices
0x00000000339f5000 	/usr/lib/libz.1.dylib
0x00000000339f5000 	/usr/lib/libSystem.B.dylib
0x00000000339f5000 	/usr/lib/libobjc.A.dylib
0x00000000339f5000 	/System/Library/Frameworks/CoreFoundation.framework/Versions/A/CoreFoundation
0x00000000339f5000 	/System/Library/Frameworks/Foundation.framework/Versions/C/Foundation
0x00000000339f5000 	/System/Library/Frameworks/AppKit.framework/Versions/C/AppKit
0x00000000339f5000 	/System/Library/Frameworks/CoreData.framework/Versions/A/CoreData
0x00000000339f5000 	/System/Library/PrivateFrameworks/RemoteViewServices.framework/Versions/A/RemoteViewServices
0x00000000339f5000 	/System/Library/PrivateFrameworks/UIFoundation.framework/Versions/A/UIFoundation
0x00000000339f5000 	/usr/lib/libenergytrace.dylib
0x00000000339f5000 	/System/Library/PrivateFrameworks/SkyLight.framework/Versions/A/SkyLight
0x00000000339f5000 	/System/Library/Frameworks/CoreGraphics.framework/Versions/A/CoreGraphics
0x00000000339f5000 	/usr/lib/libScreenReader.dylib
0x00000000339f5000 	/System/Library/Frameworks/Accelerate.framework/Versions/A/Accelerate
0x00000000339f5000 	/System/Library/Frameworks/IOSurface.framework/Versions/A/IOSurface
0x00000000339f5000 	/System/Library/Frameworks/AudioToolbox.framework/Versions/A/AudioToolbox
0x00000000339f5000 	/System/Library/Frameworks/AudioUnit.framework/Versions/A/AudioUnit
0x00000000339f5000 	/System/Library/PrivateFrameworks/DataDetectorsCore.framework/Versions/A/DataDetectorsCore
0x00000000339f5000 	/System/Library/PrivateFrameworks/DesktopServicesPriv.framework/Versions/A/DesktopServicesPriv
0x00000000339f5000 	/System/Library/Frameworks/Carbon.framework/Versions/A/Frameworks/HIToolbox.framework/Versions/A/HIToolbox
0x00000000339f5000 	/usr/lib/libicucore.A.dylib
0x00000000339f5000 	/System/Library/Frameworks/QuartzCore.framework/Versions/A/QuartzCore
0x00000000339f5000 	/System/Library/Frameworks/Carbon.framework/Versions/A/Frameworks/SpeechRecognition.framework/Versions/A/SpeechRecognition
0x00000000339f5000 	/usr/lib/libauto.dylib
0x00000000339f5000 	/usr/lib/libxml2.2.dylib
0x00000000339f5000 	/System/Library/PrivateFrameworks/CoreUI.framework/Versions/A/CoreUI
0x00000000339f5000 	/System/Library/Frameworks/CoreAudio.framework/Versions/A/CoreAudio
0x00000000339f5000 	/System/Library/Frameworks/DiskArbitration.framework/Versions/A/DiskArbitration
0x00000000339f5000 	/usr/lib/liblangid.dylib
0x00000000339f5000 	/System/Library/PrivateFrameworks/MultitouchSupport.framework/Versions/A/MultitouchSupport
0x00000000339f5000 	/System/Library/Frameworks/IOKit.framework/Versions/A/IOKit
0x00000000339f5000 	/usr/lib/libDiagnosticMessagesClient.dylib
0x00000000339f5000 	/System/Library/Frameworks/CoreServices.framework/Versions/A/CoreServices
0x00000000339f5000 	/System/Library/PrivateFrameworks/PerformanceAnalysis.framework/Versions/A/PerformanceAnalysis
0x00000000339f5000 	/System/Library/PrivateFrameworks/GenerationalStorage.framework/Versions/A/GenerationalStorage
0x00000000339f5000 	/System/Library/Frameworks/OpenGL.framework/Versions/A/OpenGL
0x00000000339f5000 	/System/Library/Frameworks/CoreImage.framework/Versions/A/CoreImage
0x00000000339f5000 	/System/Library/Frameworks/CoreText.framework/Versions/A/CoreText
0x00000000339f5000 	/System/Library/Frameworks/ImageIO.framework/Versions/A/ImageIO
0x00000000339f5000 	/System/Library/PrivateFrameworks/Backup.framework/Versions/A/Backup
0x00000000339f5000 	/usr/lib/libarchive.2.dylib
0x00000000339f5000 	/System/Library/Frameworks/CFNetwork.framework/Versions/A/CFNetwork
0x00000000339f5000 	/System/Library/Frameworks/SystemConfiguration.framework/Versions/A/SystemConfiguration
0x00000000339f5000 	/usr/lib/libCRFSuite.dylib
0x00000000339f5000 	/usr/lib/libc++.1.dylib
0x00000000339f5000 	/usr/lib/libc++abi.dylib
0x00000000339f5000 	/usr/lib/system/libcache.dylib
0x00000000339f5000 	/usr/lib/system/libcommonCrypto.dylib
0x00000000339f5000 	/usr/lib/system/libcompiler_rt.dylib
0x00000000339f5000 	/usr/lib/system/libcopyfile.dylib
0x00000000339f5000 	/usr/lib/system/libcorecrypto.dylib
0x00000000339f5000 	/usr/lib/system/libdispatch.dylib
0x00000000339f5000 	/usr/lib/system/libdyld.dylib
0x00000000339f5000 	/usr/lib/system/libkeymgr.dylib
0x00000000339f5000 	/usr/lib/system/liblaunch.dylib
0x00000000339f5000 	/usr/lib/system/libmacho.dylib
0x00000000339f5000 	/usr/lib/system/libquarantine.dylib
0x00000000339f5000 	/usr/lib/system/libremovefile.dylib
0x00000000339f5000 	/usr/lib/system/libsystem_asl.dylib
0x00000000339f5000 	/usr/lib/system/libsystem_blocks.dylib
0x00000000339f5000 	/usr/lib/system/libsystem_c.dylib
0x00000000339f5000 	/usr/lib/system/libsystem_configuration.dylib
0x00000000339f5000 	/usr/lib/system/libsystem_coreservices.dylib
0x00000000339f5000 	/usr/lib/system/libsystem_coretls.dylib
0x00000000339f5000 	/usr/lib/system/libsystem_dnssd.dylib
0x00000000339f5000 	/usr/lib/system/libsystem_info.dylib
0x00000000339f5000 	/usr/lib/system/libsystem_kernel.dylib
0x00000000339f5000 	/usr/lib/system/libsystem_m.dylib
0x00000000339f5000 	/usr/lib/system/libsystem_malloc.dylib
0x00000000339f5000 	/usr/lib/system/libsystem_network.dylib
0x00000000339f5000 	/usr/lib/system/libsystem_networkextension.dylib
0x00000000339f5000 	/usr/lib/system/libsystem_notify.dylib
0x00000000339f5000 	/usr/lib/system/libsystem_platform.dylib
0x00000000339f5000 	/usr/lib/system/libsystem_pthread.dylib
0x00000000339f5000 	/usr/lib/system/libsystem_sandbox.dylib
0x00000000339f5000 	/usr/lib/system/libsystem_secinit.dylib
0x00000000339f5000 	/usr/lib/system/libsystem_symptoms.dylib
0x00000000339f5000 	/usr/lib/system/libsystem_trace.dylib
0x00000000339f5000 	/usr/lib/system/libunwind.dylib
0x00000000339f5000 	/usr/lib/system/libxpc.dylib
0x00000000339f5000 	/usr/lib/libbsm.0.dylib
0x00000000339f5000 	/usr/lib/system/libkxld.dylib
0x00000000339f5000 	/usr/lib/libcoretls.dylib
0x00000000339f5000 	/usr/lib/libcoretls_cfhelpers.dylib
0x00000000339f5000 	/usr/lib/libxar.1.dylib
0x00000000339f5000 	/usr/lib/libsqlite3.dylib
0x00000000339f5000 	/usr/lib/libpam.2.dylib
0x00000000339f5000 	/usr/lib/libOpenScriptingUtil.dylib
0x00000000339f5000 	/usr/lib/libbz2.1.0.dylib
0x00000000339f5000 	/usr/lib/liblzma.5.dylib
0x00000000339f5000 	/usr/lib/libnetwork.dylib
0x00000000339f5000 	/usr/lib/libpcap.A.dylib
0x00000000339f5000 	/System/Library/Frameworks/CoreServices.framework/Versions/A/Frameworks/FSEvents.framework/Versions/A/FSEvents
0x00000000339f5000 	/System/Library/Frameworks/CoreServices.framework/Versions/A/Frameworks/CarbonCore.framework/Versions/A/CarbonCore
0x00000000339f5000 	/System/Library/Frameworks/CoreServices.framework/Versions/A/Frameworks/Metadata.framework/Versions/A/Metadata
0x00000000339f5000 	/System/Library/Frameworks/CoreServices.framework/Versions/A/Frameworks/OSServices.framework/Versions/A/OSServices
0x00000000339f5000 	/System/Library/Frameworks/CoreServices.framework/Versions/A/Frameworks/SearchKit.framework/Versions/A/SearchKit
0x00000000339f5000 	/System/Library/Frameworks/CoreServices.framework/Versions/A/Frameworks/AE.framework/Versions/A/AE
0x00000000339f5000 	/System/Library/Frameworks/CoreServices.framework/Versions/A/Frameworks/LaunchServices.framework/Versions/A/LaunchServices
0x00000000339f5000 	/System/Library/Frameworks/CoreServices.framework/Versions/A/Frameworks/DictionaryServices.framework/Versions/A/DictionaryServices
0x00000000339f5000 	/System/Library/Frameworks/CoreServices.framework/Versions/A/Frameworks/SharedFileList.framework/Versions/A/SharedFileList
0x00000000339f5000 	/System/Library/Frameworks/NetFS.framework/Versions/A/NetFS
0x00000000339f5000 	/System/Library/PrivateFrameworks/NetAuth.framework/Versions/A/NetAuth
0x00000000339f5000 	/System/Library/PrivateFrameworks/login.framework/Versions/A/Frameworks/loginsupport.framework/Versions/A/loginsupport
0x00000000339f5000 	/System/Library/PrivateFrameworks/TCC.framework/Versions/A/TCC
0x00000000339f5000 	/usr/lib/libmecabra.dylib
0x00000000339f5000 	/System/Library/Frameworks/ApplicationServices.framework/Versions/A/Frameworks/ATS.framework/Versions/A/ATS
0x00000000339f5000 	/System/Library/Frameworks/ApplicationServices.framework/Versions/A/Frameworks/ColorSync.framework/Versions/A/ColorSync
0x00000000339f5000 	/System/Library/Frameworks/ApplicationServices.framework/Versions/A/Frameworks/HIServices.framework/Versions/A/HIServices
0x00000000339f5000 	/System/Library/Frameworks/ApplicationServices.framework/Versions/A/Frameworks/LangAnalysis.framework/Versions/A/LangAnalysis
0x00000000339f5000 	/System/Library/Frameworks/ApplicationServices.framework/Versions/A/Frameworks/PrintCore.framework/Versions/A/PrintCore
0x00000000339f5000 	/System/Library/Frameworks/ApplicationServices.framework/Versions/A/Frameworks/QD.framework/Versions/A/QD
0x00000000339f5000 	/System/Library/Frameworks/ApplicationServices.framework/Versions/A/Frameworks/SpeechSynthesis.framework/Versions/A/SpeechSynthesis
0x00000000339f5000 	/System/Library/Frameworks/Accelerate.framework/Versions/A/Frameworks/vImage.framework/Versions/A/vImage
0x00000000339f5000 	/System/Library/Frameworks/Accelerate.framework/Versions/A/Frameworks/vecLib.framework/Versions/A/vecLib
0x00000000339f5000 	/System/Library/Frameworks/Accelerate.framework/Versions/A/Frameworks/vecLib.framework/Versions/A/libvDSP.dylib
0x00000000339f5000 	/System/Library/Frameworks/Accelerate.framework/Versions/A/Frameworks/vecLib.framework/Versions/A/libBNNS.dylib
0x00000000339f5000 	/System/Library/Frameworks/Accelerate.framework/Versions/A/Frameworks/vecLib.framework/Versions/A/libQuadrature.dylib
0x00000000339f5000 	/System/Library/Frameworks/Accelerate.framework/Versions/A/Frameworks/vecLib.framework/Versions/A/libvMisc.dylib
0x00000000339f5000 	/System/Library/Frameworks/Accelerate.framework/Versions/A/Frameworks/vecLib.framework/Versions/A/libLAPACK.dylib
0x00000000339f5000 	/System/Library/Frameworks/Accelerate.framework/Versions/A/Frameworks/vecLib.framework/Versions/A/libBLAS.dylib
0x00000000339f5000 	/System/Library/Frameworks/Accelerate.framework/Versions/A/Frameworks/vecLib.framework/Versions/A/libLinearAlgebra.dylib
0x00000000339f5000 	/System/Library/Frameworks/Accelerate.framework/Versions/A/Frameworks/vecLib.framework/Versions/A/libSparseBLAS.dylib
0x00000000339f5000 	/System/Library/Frameworks/ApplicationServices.framework/Versions/A/Frameworks/ATS.framework/Versions/A/Resources/libFontParser.dylib
0x00000000339f5000 	/System/Library/Frameworks/ApplicationServices.framework/Versions/A/Frameworks/ATS.framework/Versions/A/Resources/libFontRegistry.dylib
0x00000000339f5000 	/System/Library/Frameworks/ImageIO.framework/Versions/A/Resources/libJPEG.dylib
0x00000000339f5000 	/System/Library/Frameworks/ImageIO.framework/Versions/A/Resources/libTIFF.dylib
0x00000000339f5000 	/System/Library/Frameworks/ImageIO.framework/Versions/A/Resources/libPng.dylib
0x00000000339f5000 	/System/Library/Frameworks/ImageIO.framework/Versions/A/Resources/libGIF.dylib
0x00000000339f5000 	/System/Library/Frameworks/ImageIO.framework/Versions/A/Resources/libJP2.dylib
0x00000000339f5000 	/System/Library/Frameworks/ImageIO.framework/Versions/A/Resources/libRadiance.dylib
0x00000000339f5000 	/usr/lib/libcompression.dylib
0x00000000339f5000 	/System/Library/PrivateFrameworks/AppleJPEG.framework/Versions/A/AppleJPEG
0x00000000339f5000 	/usr/lib/libcups.2.dylib
0x00000000339f5000 	/System/Library/Frameworks/Kerberos.framework/Versions/A/Kerberos
0x00000000339f5000 	/System/Library/Frameworks/GSS.framework/Versions/A/GSS
0x00000000339f5000 	/usr/lib/libresolv.9.dylib
0x00000000339f5000 	/usr/lib/libiconv.2.dylib
0x00000000339f5000 	/System/Library/PrivateFrameworks/Heimdal.framework/Versions/A/Heimdal
0x00000000339f5000 	/usr/lib/libheimdal-asn1.dylib
0x00000000339f5000 	/System/Library/Frameworks/OpenDirectory.framework/Versions/A/OpenDirectory
0x00000000339f5000 	/System/Library/PrivateFrameworks/CommonAuth.framework/Versions/A/CommonAuth
0x00000000339f5000 	/System/Library/Frameworks/OpenDirectory.framework/Versions/A/Frameworks/CFOpenDirectory.framework/Versions/A/CFOpenDirectory
0x00000000339f5000 	/System/Library/Frameworks/SecurityFoundation.framework/Versions/A/SecurityFoundation
0x00000000339f5000 	/System/Library/PrivateFrameworks/LanguageModeling.framework/Versions/A/LanguageModeling
0x00000000339f5000 	/usr/lib/libmarisa.dylib
0x00000000339f5000 	/usr/lib/libChineseTokenizer.dylib
0x00000000339f5000 	/usr/lib/libcmph.dylib
0x00000000339f5000 	/System/Library/PrivateFrameworks/CoreEmoji.framework/Versions/A/CoreEmoji
0x00000000339f5000 	/System/Library/Frameworks/ServiceManagement.framework/Versions/A/ServiceManagement
0x00000000339f5000 	/usr/lib/libxslt.1.dylib
0x00000000339f5000 	/System/Library/Frameworks/Carbon.framework/Versions/A/Frameworks/Ink.framework/Versions/A/Ink
0x00000000339f5000 	/System/Library/PrivateFrameworks/TextureIO.framework/Versions/A/TextureIO
0x00000000339f5000 	/System/Library/Frameworks/Metal.framework/Versions/A/Metal
0x00000000339f5000 	/usr/lib/libate.dylib
0x00000000339f5000 	/System/Library/PrivateFrameworks/GPUCompiler.framework/libmetal_timestamp.dylib
0x00000000339f5000 	/System/Library/Frameworks/OpenGL.framework/Versions/A/Libraries/libCoreFSCache.dylib
0x00000000339f5000 	/System/Library/PrivateFrameworks/IOAccelerator.framework/Versions/A/IOAccelerator
0x00000000339f5000 	/System/Library/Frameworks/CoreVideo.framework/Versions/A/CoreVideo
0x00000000339f5000 	/usr/lib/libFosl_dynamic.dylib
0x00000000339f5000 	/System/Library/PrivateFrameworks/MetalPerformanceShaders.framework/Versions/A/MetalPerformanceShaders
0x00000000339f5000 	/System/Library/PrivateFrameworks/FaceCore.framework/Versions/A/FaceCore
0x00000000339f5000 	/System/Library/Frameworks/OpenCL.framework/Versions/A/OpenCL
0x00000000339f5000 	/System/Library/Frameworks/OpenGL.framework/Versions/A/Libraries/libGLU.dylib
0x00000000339f5000 	/System/Library/Frameworks/OpenGL.framework/Versions/A/Libraries/libGFXShared.dylib
0x00000000339f5000 	/System/Library/Frameworks/OpenGL.framework/Versions/A/Libraries/libGL.dylib
0x00000000339f5000 	/System/Library/Frameworks/OpenGL.framework/Versions/A/Libraries/libGLImage.dylib
0x00000000339f5000 	/System/Library/Frameworks/OpenGL.framework/Versions/A/Libraries/libCVMSPluginSupport.dylib
0x00000000339f5000 	/System/Library/Frameworks/OpenGL.framework/Versions/A/Libraries/libCoreVMClient.dylib
0x00000000339f5000 	/System/Library/PrivateFrameworks/CrashReporterSupport.framework/Versions/A/CrashReporterSupport
0x00000000339f5000 	/System/Library/PrivateFrameworks/Sharing.framework/Versions/A/Sharing
0x00000000339f5000 	/System/Library/PrivateFrameworks/IconServices.framework/Versions/A/IconServices
0x00000000339f5000 	/System/Library/PrivateFrameworks/ProtocolBuffer.framework/Versions/A/ProtocolBuffer
0x00000000339f5000 	/System/Library/PrivateFrameworks/Apple80211.framework/Versions/A/Apple80211
0x00000000339f5000 	/System/Library/Frameworks/CoreWLAN.framework/Versions/A/CoreWLAN
0x00000000339f5000 	/System/Library/PrivateFrameworks/CoreUtils.framework/Versions/A/CoreUtils
0x00000000339f5000 	/System/Library/Frameworks/IOBluetooth.framework/Versions/A/IOBluetooth
0x00000000339f5000 	/System/Library/PrivateFrameworks/CoreWiFi.framework/Versions/A/CoreWiFi
0x00000000339f5000 	/System/Library/Frameworks/CoreBluetooth.framework/Versions/A/CoreBluetooth
0x00000000339f5000 	/System/Library/Frameworks/CoreDisplay.framework/Versions/A/CoreDisplay
0x00000000339f5000 	/System/Library/PrivateFrameworks/IOPresentment.framework/Versions/A/IOPresentment
0x00000000339f5000 	/System/Library/PrivateFrameworks/DebugSymbols.framework/Versions/A/DebugSymbols
0x00000000339f5000 	/System/Library/PrivateFrameworks/CoreSymbolication.framework/Versions/A/CoreSymbolication
0x00000000339f5000 	/System/Library/PrivateFrameworks/Symbolication.framework/Versions/A/Symbolication
0x00000000339f5000 	/System/Library/PrivateFrameworks/AppleFSCompression.framework/Versions/A/AppleFSCompression
0x00000000339f5000 	/System/Library/PrivateFrameworks/SpeechRecognitionCore.framework/Versions/A/SpeechRecognitionCore
0x00000000339f5000 	/System/Library/PrivateFrameworks/ChunkingLibrary.framework/Versions/A/ChunkingLibrary
0x0000000102b67000 	/Library/Java/JavaVirtualMachines/jdk1.8.0_102.jdk/Contents/Home/jre/lib/server/libjvm.dylib
0x00000000339f5000 	/usr/lib/libstdc++.6.dylib
0x00000001012a9000 	/Library/Java/JavaVirtualMachines/jdk1.8.0_102.jdk/Contents/Home/jre/lib/libverify.dylib
0x00000001012b7000 	/Library/Java/JavaVirtualMachines/jdk1.8.0_102.jdk/Contents/Home/jre/lib/libjava.dylib
0x00000001012f5000 	/Library/Java/JavaVirtualMachines/jdk1.8.0_102.jdk/Contents/Home/jre/lib/libzip.dylib
0x00000001184a3000 	/System/Library/Frameworks/JavaVM.framework/Frameworks/JavaRuntimeSupport.framework/JavaRuntimeSupport
0x00000001184bd000 	/System/Library/Frameworks/JavaVM.framework/Versions/A/Frameworks/JavaNativeFoundation.framework/Versions/A/JavaNativeFoundation
0x0000000102acc000 	/System/Library/Frameworks/JavaVM.framework/Versions/A/JavaVM
0x00000000339f5000 	/System/Library/Frameworks/Carbon.framework/Versions/A/Carbon
0x00000001184d2000 	/System/Library/PrivateFrameworks/JavaLaunching.framework/Versions/A/JavaLaunching
0x00000000339f5000 	/System/Library/Frameworks/Carbon.framework/Versions/A/Frameworks/CommonPanels.framework/Versions/A/CommonPanels
0x00000000339f5000 	/System/Library/Frameworks/Carbon.framework/Versions/A/Frameworks/Help.framework/Versions/A/Help
0x00000000339f5000 	/System/Library/Frameworks/Carbon.framework/Versions/A/Frameworks/ImageCapture.framework/Versions/A/ImageCapture
0x00000000339f5000 	/System/Library/Frameworks/Carbon.framework/Versions/A/Frameworks/OpenScripting.framework/Versions/A/OpenScripting
0x00000000339f5000 	/System/Library/Frameworks/Carbon.framework/Versions/A/Frameworks/Print.framework/Versions/A/Print
0x00000000339f5000 	/System/Library/Frameworks/Carbon.framework/Versions/A/Frameworks/SecurityHI.framework/Versions/A/SecurityHI
0x000000011a1a6000 	/Library/Java/JavaVirtualMachines/jdk1.8.0_102.jdk/Contents/Home/jre/lib/libnet.dylib
0x000000011a370000 	/Library/Java/JavaVirtualMachines/jdk1.8.0_102.jdk/Contents/Home/jre/lib/libnio.dylib
0x000000011a381000 	/Applications/Eclipse.app/Contents/Eclipse/plugins/org.eclipse.equinox.launcher.cocoa.macosx.x86_64_1.1.400.v20160518-1444/eclipse_1615.so
0x00000000339f5000 	/System/Library/PrivateFrameworks/CoreServicesInternal.framework/Versions/A/CoreServicesInternal
0x000000011a9c2000 	/Library/Java/JavaVirtualMachines/jdk1.8.0_102.jdk/Contents/Home/jre/lib/libmanagement.dylib
0x00000000339f5000 	/System/Library/PrivateFrameworks/FamilyControls.framework/Versions/A/FamilyControls
0x00000000339f5000 	/System/Library/PrivateFrameworks/CommerceKit.framework/Versions/A/Frameworks/CommerceCore.framework/Versions/A/CommerceCore
0x00000000339f5000 	/System/Library/PrivateFrameworks/SystemAdministration.framework/Versions/A/SystemAdministration
0x00000000339f5000 	/System/Library/PrivateFrameworks/AppContainer.framework/Versions/A/AppContainer
0x00000000339f5000 	/System/Library/PrivateFrameworks/SecCodeWrapper.framework/Versions/A/SecCodeWrapper
0x00000000339f5000 	/System/Library/Frameworks/DirectoryService.framework/Versions/A/DirectoryService
0x00000000339f5000 	/System/Library/PrivateFrameworks/DiskImages.framework/Versions/A/DiskImages
0x00000000339f5000 	/System/Library/PrivateFrameworks/LoginUIKit.framework/Versions/A/Frameworks/LoginUICore.framework/Versions/A/LoginUICore
0x00000000339f5000 	/usr/lib/libCoreStorage.dylib
0x00000000339f5000 	/usr/lib/libcsfde.dylib
0x00000000339f5000 	/usr/lib/libodfde.dylib
0x00000000339f5000 	/System/Library/Frameworks/DiscRecording.framework/Versions/A/DiscRecording
0x00000000339f5000 	/usr/lib/libcurl.4.dylib
0x00000000339f5000 	/System/Library/PrivateFrameworks/MediaKit.framework/Versions/A/MediaKit
0x00000000339f5000 	/System/Library/PrivateFrameworks/ProtectedCloudStorage.framework/Versions/A/ProtectedCloudStorage
0x00000000339f5000 	/System/Library/PrivateFrameworks/EFILogin.framework/Versions/A/EFILogin
0x00000000339f5000 	/usr/lib/libutil.dylib
0x00000000339f5000 	/System/Library/Frameworks/LDAP.framework/Versions/A/LDAP
0x00000000339f5000 	/usr/lib/libsasl2.2.dylib
0x00000000339f5000 	/System/Library/PrivateFrameworks/CoreDaemon.framework/Versions/B/CoreDaemon
0x00000000339f5000 	/System/Library/PrivateFrameworks/AppleSRP.framework/Versions/A/AppleSRP
0x00000000339f5000 	/System/Library/PrivateFrameworks/APFS.framework/Versions/A/APFS
0x000000011a0f5000 	/Users/helena/Documents/workspace/.metadata/.plugins/org.eclipse.pde.core/pde-junit/org.eclipse.osgi/873/0/.cp/libswt-cocoa-4626.jnilib
0x00000000339f5000 	/System/Library/Frameworks/WebKit.framework/Versions/A/WebKit
0x00000000339f5000 	/System/Library/Frameworks/JavaScriptCore.framework/Versions/A/JavaScriptCore
0x00000000339f5000 	/System/Library/Frameworks/SecurityInterface.framework/Versions/A/SecurityInterface
0x00000000339f5000 	/System/Library/Frameworks/WebKit.framework/Versions/A/Frameworks/WebKitLegacy.framework/Versions/A/WebKitLegacy
0x00000000339f5000 	/System/Library/Frameworks/WebKit.framework/Versions/A/Frameworks/WebCore.framework/Versions/A/WebCore
0x000000011a1bd000 	/Users/helena/Documents/workspace/.metadata/.plugins/org.eclipse.pde.core/pde-junit/org.eclipse.osgi/873/0/.cp/libswt-pi-cocoa-4626.jnilib
0x00000000339f5000 	/System/Library/Frameworks/Accelerate.framework/Versions/A/Frameworks/vImage.framework/Versions/A/Libraries/libCGInterfaces.dylib
0x00000000339f5000 	/System/Library/Frameworks/ApplicationServices.framework/Versions/A/Frameworks/ATS.framework/Versions/A/Resources/libTrueTypeScaler.dylib
0x00000000339f5000 	/System/Library/CoreServices/RawCamera.bundle/Contents/MacOS/RawCamera
0x00000000339f5000 	/System/Library/Frameworks/OpenGL.framework/Versions/A/Resources/GLEngine.bundle/GLEngine
0x00000000339f5000 	/System/Library/Frameworks/OpenGL.framework/Versions/A/Libraries/libGLProgrammability.dylib
0x0000000120dbc000 	/System/Library/Extensions/AppleIntelHD3000GraphicsGLDriver.bundle/Contents/MacOS/AppleIntelHD3000GraphicsGLDriver
0x00000000339f5000 	/System/Library/PrivateFrameworks/GPUSupport.framework/Versions/A/Libraries/libGPUSupport.dylib
0x00000000339f5000 	/System/Library/Frameworks/OpenGL.framework/Versions/A/Resources/GLRendererFloat.bundle/GLRendererFloat
0x00000000339f5000 	/System/Library/Frameworks/OpenCL.framework/Versions/A/Libraries/libcldcpuengine.dylib
0x00000000339f5000 	/usr/lib/libcrypto.0.9.8.dylib
0x00000000339f5000 	/System/Library/PrivateFrameworks/TrustEvaluationAgent.framework/Versions/A/TrustEvaluationAgent
0x00000001219e3000 	/Library/Java/JavaVirtualMachines/jdk1.8.0_102.jdk/Contents/Home/jre/lib/libsunec.dylib
0x00000000339f5000 	/System/Library/Frameworks/AVFoundation.framework/Versions/A/AVFoundation
0x00000000339f5000 	/System/Library/Frameworks/AVFoundation.framework/Versions/A/Frameworks/AVFAudio.framework/Versions/A/AVFAudio
0x00000000339f5000 	/System/Library/Frameworks/CoreMedia.framework/Versions/A/CoreMedia
0x00000000339f5000 	/System/Library/Frameworks/MediaToolbox.framework/Versions/A/MediaToolbox
0x00000000339f5000 	/System/Library/Frameworks/VideoToolbox.framework/Versions/A/VideoToolbox
0x00000000339f5000 	/System/Library/PrivateFrameworks/IntlPreferences.framework/Versions/A/IntlPreferences
0x00000000339f5000 	/System/Library/Frameworks/CoreMediaIO.framework/Versions/A/CoreMediaIO
0x00000000339f5000 	/usr/lib/libspindump.dylib
0x00000000339f5000 	/usr/lib/libdscsym.dylib
0x00000000339f5000 	/System/Library/PrivateFrameworks/CoreAVCHD.framework/Versions/A/CoreAVCHD
0x00000000339f5000 	/System/Library/Frameworks/MediaAccessibility.framework/Versions/A/MediaAccessibility
0x00000000339f5000 	/System/Library/PrivateFrameworks/Mangrove.framework/Versions/A/Mangrove
0x00000000339f5000 	/System/Library/PrivateFrameworks/CoreAUC.framework/Versions/A/CoreAUC
0x00000000339f5000 	/System/Library/PrivateFrameworks/AppleVA.framework/Versions/A/AppleVA
0x00000000339f5000 	/System/Library/PrivateFrameworks/XPCService.framework/Versions/A/XPCService
0x00000000339f5000 	/System/Library/PrivateFrameworks/AppSandbox.framework/Versions/A/AppSandbox
0x00000000339f5000 	/usr/lib/libsandbox.1.dylib
0x00000000339f5000 	/usr/lib/libMatch.1.dylib
0x0000000119e94000 	cl_kernels
0x00000000339f5000 	/System/Library/Frameworks/OpenCL.framework/Versions/A/Libraries/ImageFormats/unorm8_bgra.dylib
0x00000000339f5000 	/System/Library/PrivateFrameworks/ViewBridge.framework/Versions/A/ViewBridge
0x000000012162e000 	/Library/Java/JavaVirtualMachines/jdk1.8.0_102.jdk/Contents/Home/jre/lib/libawt.dylib
0x000000012211a000 	/Library/Java/JavaVirtualMachines/jdk1.8.0_102.jdk/Contents/Home/jre/lib/./libmlib_image.dylib
0x000000012191e000 	/Library/Java/JavaVirtualMachines/jdk1.8.0_102.jdk/Contents/Home/jre/lib/libawt_lwawt.dylib
0x000000011f759000 	/Library/Java/JavaVirtualMachines/jdk1.8.0_102.jdk/Contents/Home/jre/lib/./libosxapp.dylib
0x00000000339f5000 	/System/Library/Frameworks/ExceptionHandling.framework/Versions/A/ExceptionHandling
0x00000001221e6000 	/Library/Java/JavaVirtualMachines/jdk1.8.0_102.jdk/Contents/Home/jre/lib/libfontmanager.dylib
0x00000000339f5000 	/System/Library/PrivateFrameworks/CloudDocs.framework/Versions/A/CloudDocs
0x00000000339f5000 	/System/Library/Frameworks/CloudKit.framework/Versions/A/CloudKit
0x00000000339f5000 	/System/Library/PrivateFrameworks/MMCS.framework/Versions/A/MMCS
0x00000000339f5000 	/System/Library/Frameworks/CoreLocation.framework/Versions/A/CoreLocation
0x00000000339f5000 	/System/Library/PrivateFrameworks/AssetCacheServices.framework/Versions/A/AssetCacheServices
0x00000000339f5000 	/System/Library/PrivateFrameworks/GeoServices.framework/Versions/A/GeoServices
0x000000011f5f8000 	/System/Library/PrivateFrameworks/CoreNLP.framework/Versions/A/CoreNLP
0x0000000119ed1000 	/Users/helena/Documents/workspace/.metadata/.plugins/org.eclipse.pde.core/pde-junit/org.eclipse.osgi/115/0/.cp/os/macosx/libunixfile_1_0_0.jnilib

VM Arguments:
jvm_args: -ea -Declipse.pde.launch=true -Declipse.p2.data.area=@config.dir/p2 -Dfile.encoding=UTF-8 -Xbootclasspath/p:/Applications/Eclipse.app/Contents/Eclipse/plugins/org.eclipse.jdt.debug_3.10.1.v20160811-0441/jdi.jar 
java_command: org.eclipse.equinox.launcher.Main -os macosx -ws cocoa -arch x86_64 -nl en_US -consoleLog -version 3 -port 49247 -testLoaderClass org.eclipse.jdt.internal.junit4.runner.JUnit4TestLoader -loaderpluginname org.eclipse.jdt.junit4.runtime -classNames test.TestPlugin -application org.eclipse.swtbot.eclipse.core.swtbottestapplication -product org.eclipse.sdk.ide -data /Users/helena/Documents/workspace/../junit-workspace -configuration file:/Users/helena/Documents/workspace/.metadata/.plugins/org.eclipse.pde.core/pde-junit/ -dev file:/Users/helena/Documents/workspace/.metadata/.plugins/org.eclipse.pde.core/pde-junit/dev.properties -os macosx -ws cocoa -arch x86_64 -nl en_US -consoleLog -testpluginname br.inpe.cap.Asniffer
java_class_path (initial): /Applications/Eclipse.app/Contents/Eclipse/plugins/org.eclipse.equinox.launcher_1.3.200.v20160318-1642.jar
Launcher Type: SUN_STANDARD

Environment Variables:
PATH=/usr/bin:/bin:/usr/sbin:/sbin
SHELL=/bin/bash
DISPLAY=/private/tmp/com.apple.launchd.dKxKqcXl81/org.macosforge.xquartz:0

Signal Handlers:
SIGSEGV: [libjvm.dylib+0x5b0579], sa_mask[0]=11111111011111110111111111111111, sa_flags=SA_ONSTACK|SA_RESTART|SA_SIGINFO
SIGBUS: [libjvm.dylib+0x5b0579], sa_mask[0]=11111111011111110111111111111111, sa_flags=SA_RESTART|SA_SIGINFO
SIGFPE: [libjvm.dylib+0x4874e4], sa_mask[0]=11111111011111110111111111111111, sa_flags=SA_RESTART|SA_SIGINFO
SIGPIPE: [libjvm.dylib+0x4874e4], sa_mask[0]=11111111011111110111111111111111, sa_flags=SA_RESTART|SA_SIGINFO
SIGXFSZ: [libjvm.dylib+0x4874e4], sa_mask[0]=11111111011111110111111111111111, sa_flags=SA_RESTART|SA_SIGINFO
SIGILL: [libjvm.dylib+0x4874e4], sa_mask[0]=11111111011111110111111111111111, sa_flags=SA_RESTART|SA_SIGINFO
SIGUSR1: SIG_DFL, sa_mask[0]=00000000000000000000000000000000, sa_flags=none
SIGUSR2: [libjvm.dylib+0x487002], sa_mask[0]=00100000000000000000000000000000, sa_flags=SA_RESTART|SA_SIGINFO
SIGHUP: [libjvm.dylib+0x4855d9], sa_mask[0]=11111111011111110111111111111111, sa_flags=SA_RESTART|SA_SIGINFO
SIGINT: [libjvm.dylib+0x4855d9], sa_mask[0]=11111111011111110111111111111111, sa_flags=SA_RESTART|SA_SIGINFO
SIGTERM: [libjvm.dylib+0x4855d9], sa_mask[0]=11111111011111110111111111111111, sa_flags=SA_RESTART|SA_SIGINFO
SIGQUIT: [libjvm.dylib+0x4855d9], sa_mask[0]=11111111011111110111111111111111, sa_flags=SA_RESTART|SA_SIGINFO


---------------  S Y S T E M  ---------------

OS:Bsduname:Darwin 16.1.0 Darwin Kernel Version 16.1.0: Thu Oct 13 21:26:57 PDT 2016; root:xnu-3789.21.3~60/RELEASE_X86_64 x86_64
rlimit: STACK 8192k, CORE 0k, NPROC 709, NOFILE 10240, AS infinity
load average:2.65 2.52 2.57

CPU:total 4 (2 cores per cpu, 2 threads per core) family 6 model 42 stepping 7, cmov, cx8, fxsr, mmx, sse, sse2, sse3, ssse3, sse4.1, sse4.2, popcnt, avx, aes, clmul, ht, tsc, tscinvbit

Memory: 4k page, physical 8388608k(1670556k free)

/proc/meminfo:


vm_info: Java HotSpot(TM) 64-Bit Server VM (25.102-b14) for bsd-amd64 JRE (1.8.0_102-b14), built on Jun 22 2016 11:42:36 by "java_re" with gcc 4.2.1 (Based on Apple Inc. build 5658) (LLVM build 2336.11.00)

time: Tue Dec  6 20:19:57 2016
elapsed time: 58 seconds (0d 0h 0m 58s)

