#
# A fatal error has been detected by the Java Runtime Environment:
#
#  SIGBUS (0xa) at pc=0x00000001069a981e, pid=2079, tid=0x0000000000002c03
#
# JRE version: Java(TM) SE Runtime Environment (8.0_102-b14) (build 1.8.0_102-b14)
# Java VM: Java HotSpot(TM) 64-Bit Server VM (25.102-b14 mixed mode bsd-amd64 compressed oops)
# Problematic frame:
# V  [libjvm.dylib+0x1a981e]
#
# Failed to write core dump. Core dumps have been disabled. To enable core dumping, try "ulimit -c unlimited" before starting Java again
#
# If you would like to submit a bug report, please visit:
#   http://bugreport.java.com/bugreport/crash.jsp
#

---------------  T H R E A D  ---------------

Current thread (0x00007fe4af04e000):  VMThread [stack: 0x000070000946d000,0x000070000956d000] [id=11267]

siginfo: si_signo: 10 (SIGBUS), si_code: 2 (BUS_ADRERR), si_addr: 0x000000078a49cac8

Registers:
RAX=0x000000010703caa0, RBX=0x00007fe4aec1baa0, RCX=0x0000000001292703, RDX=0x0000000009493901
RSP=0x000070000956c300, RBP=0x000070000956c300, RSI=0x000000078a49cac0, RDI=0x000000078a49cac0
R8 =0x0000000000000069, R9 =0x000000000000f7a5, R10=0x4200000000000001, R11=0x0000000000000004
R12=0x00000007434d20d0, R13=0x00000007434d20f8, R14=0x000000078a49cac0, R15=0x00007fe4aec1ae01
RIP=0x00000001069a981e, EFLAGS=0x0000000000010202, ERR=0x0000000000000004
  TRAPNO=0x000000000000000e

Top of Stack: (sp=0x000070000956c300)
0x000070000956c300:   000070000956c330 0000000106ac2a8c
0x000070000956c310:   0000000000000000 000070000956c6c8
0x000070000956c320:   00000007434d20e8 00007fe4aec1ae01
0x000070000956c330:   000070000956c3a0 0000000106ccdc79
0x000070000956c340:   000070000956c6b8 000000004380bae8
0x000070000956c350:   00007fe4aec1d440 00007fe4b1b32800
0x000070000956c360:   00007fe4b1b32ae0 00007fe4b1b3a7e8
0x000070000956c370:   00000000000083b0 000070000956c6c8
0x000070000956c380:   0000000000000cba 0000000000000001
0x000070000956c390:   00000001070efce0 00007fe4aec1ae10
0x000070000956c3a0:   000070000956c460 0000000106ccded1
0x000070000956c3b0:   000070000956c440 0000000000001d00
0x000070000956c3c0:   0000000000000000 00007fe4aec1af40
0x000070000956c3d0:   000070000956c420 0000000106a76744
0x000070000956c3e0:   0000000107020a90 0000000106e13d05
0x000070000956c3f0:   0000700000000003 0000000c2ad052fc
0x000070000956c400:   00000020c59dcd6c 0000000000000000
0x000070000956c410:   0000000000000000 0000000000000020
0x000070000956c420:   000070000956c460 0000000106a7dff7
0x000070000956c430:   000070000956c440 0000000000000000
0x000070000956c440:   0000000000000020 0000000000000000
0x000070000956c450:   000070000956c6b8 00007fe4aec1ae10
0x000070000956c460:   000070000956c5b0 0000000106cce4ad
0x000070000956c470:   000070000956c6b8 0000000000000000
0x000070000956c480:   000070000956c4b0 00000007407cd8b0
0x000070000956c490:   000070000956c401 0000000000000612
0x000070000956c4a0:   0000000000000000 000070000956c5d0
0x000070000956c4b0:   00000001070efce0 000070000956c6c8
0x000070000956c4c0:   000070000956c4e0 000070000956c550
0x000070000956c4d0:   000070000956c590 0000000106c6ad52
0x000070000956c4e0:   0000000000000000 000000010b86aeb8
0x000070000956c4f0:   000000010b86aeb8 000000010b86ad50 

Instructions: (pc=0x00000001069a981e)
0x00000001069a97fe:   c3 90 55 48 89 e5 48 8d 05 09 c6 73 00 8a 10 84
0x00000001069a980e:   d2 48 89 fe 74 15 48 8d 05 85 32 69 00 8a 48 08
0x00000001069a981e:   8b 7e 08 48 d3 e7 48 03 38 eb 04 48 8b 7e 08 8b
0x00000001069a982e:   47 08 85 c0 7e 09 a8 01 75 4e c1 f8 03 eb 47 85 

Register to memory mapping:

RAX=0x000000010703caa0: _ZN8Universe13_narrow_klassE+0 in /Library/Java/JavaVirtualMachines/jdk1.8.0_102.jdk/Contents/Home/jre/lib/server/libjvm.dylib at 0x0000000106800000
RBX=0x00007fe4aec1baa0 is an unknown value
RCX=0x0000000001292703 is an unknown value
RDX=0x0000000009493901 is an unknown value
RSP=0x000070000956c300 is an unknown value
RBP=0x000070000956c300 is an unknown value
RSI=0x000000078a49cac0 is an unallocated location in the heap
RDI=0x000000078a49cac0 is an unallocated location in the heap
R8 =0x0000000000000069 is an unknown value
R9 =0x000000000000f7a5 is an unknown value
R10=0x4200000000000001 is an unknown value
R11=0x0000000000000004 is an unknown value
R12=0x00000007434d20d0 is an oop
java.lang.ref.Finalizer 
 - klass: 'java/lang/ref/Finalizer'
R13=0x00000007434d20f8 is an oop
java.lang.ref.Finalizer 
 - klass: 'java/lang/ref/Finalizer'
R14=0x000000078a49cac0 is an unallocated location in the heap
R15=0x00007fe4aec1ae01 is an unknown value


Stack: [0x000070000946d000,0x000070000956d000],  sp=0x000070000956c300,  free space=1020k
Native frames: (J=compiled Java code, j=interpreted, Vv=VM code, C=native code)
V  [libjvm.dylib+0x1a981e]
V  [libjvm.dylib+0x2c2a8c]
V  [libjvm.dylib+0x4cdc79]
V  [libjvm.dylib+0x4cded1]
V  [libjvm.dylib+0x4ce4ad]
V  [libjvm.dylib+0x4c36a0]
V  [libjvm.dylib+0x4c4c23]
V  [libjvm.dylib+0x4c5237]
V  [libjvm.dylib+0x19e43a]
V  [libjvm.dylib+0x5b0a88]
V  [libjvm.dylib+0x5b78fd]
V  [libjvm.dylib+0x5b5f69]
V  [libjvm.dylib+0x5b63b6]
V  [libjvm.dylib+0x5b5cd5]
V  [libjvm.dylib+0x489ed2]
C  [libsystem_pthread.dylib+0x3aab]  _pthread_body+0xb4
C  [libsystem_pthread.dylib+0x39f7]  _pthread_body+0x0
C  [libsystem_pthread.dylib+0x3221]  thread_start+0xd

VM_Operation (0x00007fff59d3a098): CollectForMetadataAllocation, mode: safepoint, requested by thread 0x00007fe4af003000


---------------  P R O C E S S  ---------------

Java Threads: ( => current thread )
  0x00007fe4b42d1800 JavaThread "[ThreadPool Manager] - Idle Thread" daemon [_thread_blocked, id=37387, stack(0x0000700009d88000,0x0000700009e88000)]
  0x00007fe4b1f83000 JavaThread "Worker-1" [_thread_blocked, id=38919, stack(0x0000700008e55000,0x0000700008f55000)]
  0x00007fe4af1f3000 JavaThread "EMF Reference Cleaner" daemon [_thread_blocked, id=28683, stack(0x000070000a520000,0x000070000a620000)]
  0x00007fe4b11c7000 JavaThread "Worker-0" [_thread_blocked, id=44039, stack(0x000070000a829000,0x000070000a929000)]
  0x00007fe4b00f1800 JavaThread "Worker-JM" [_thread_blocked, id=37891, stack(0x000070000a726000,0x000070000a826000)]
  0x00007fe4b027c800 JavaThread "[Timer] - Main Queue Handler" daemon [_thread_blocked, id=4103, stack(0x000070000a623000,0x000070000a723000)]
  0x00007fe4b027d000 JavaThread "Bundle File Closer" daemon [_thread_blocked, id=37139, stack(0x000070000a31a000,0x000070000a41a000)]
  0x00007fe4b0204000 JavaThread "Refresh Thread: Equinox Container: 20f94c94-eba9-0016-11cd-a75fc77e219a" daemon [_thread_blocked, id=20483, stack(0x000070000a194000,0x000070000a294000)]
  0x00007fe4af0b7800 JavaThread "Start Level: Equinox Container: 20f94c94-eba9-0016-11cd-a75fc77e219a" daemon [_thread_blocked, id=19971, stack(0x000070000a091000,0x000070000a191000)]
  0x00007fe4b01f6000 JavaThread "Framework Event Dispatcher: org.eclipse.osgi.internal.framework.EquinoxEventPublisher@69ea3742" daemon [_thread_blocked, id=19459, stack(0x0000700009f8e000,0x000070000a08e000)]
  0x00007fe4b01f0800 JavaThread "Active Thread: Equinox Container: 20f94c94-eba9-0016-11cd-a75fc77e219a" [_thread_blocked, id=14599, stack(0x0000700009e8b000,0x0000700009f8b000)]
  0x00007fe4b0077000 JavaThread "Service Thread" daemon [_thread_blocked, id=18179, stack(0x0000700009b82000,0x0000700009c82000)]
  0x00007fe4af027800 JavaThread "C1 CompilerThread2" daemon [_thread_blocked, id=17667, stack(0x0000700009a7f000,0x0000700009b7f000)]
  0x00007fe4b0802800 JavaThread "C2 CompilerThread1" daemon [_thread_blocked, id=17155, stack(0x000070000997c000,0x0000700009a7c000)]
  0x00007fe4b001d000 JavaThread "C2 CompilerThread0" daemon [_thread_in_native, id=16643, stack(0x0000700009879000,0x0000700009979000)]
  0x00007fe4b0004000 JavaThread "Signal Dispatcher" daemon [_thread_blocked, id=16135, stack(0x0000700009776000,0x0000700009876000)]
  0x00007fe4af817000 JavaThread "Finalizer" daemon [_thread_blocked, id=12291, stack(0x0000700009673000,0x0000700009773000)]
  0x00007fe4af814000 JavaThread "Reference Handler" daemon [_thread_blocked, id=11779, stack(0x0000700009570000,0x0000700009670000)]
  0x00007fe4af003000 JavaThread "main" [_thread_blocked, id=775, stack(0x00007fff59546000,0x00007fff59d46000)]

Other Threads:
=>0x00007fe4af04e000 VMThread [stack: 0x000070000946d000,0x000070000956d000] [id=11267]
  0x00007fe4af028000 WatcherThread [stack: 0x0000700009c85000,0x0000700009d85000] [id=18691]

VM state:at safepoint (normal execution)

VM Mutex/Monitor currently owned by a thread:  ([mutex/lock_event])
[0x00007fe4aee03d20] Threads_lock - owner thread: 0x00007fe4af04e000
[0x00007fe4aee04220] Heap_lock - owner thread: 0x00007fe4af003000

Heap:
 PSYoungGen      total 657920K, used 4456K [0x0000000795580000, 0x00000007bfa80000, 0x00000007c0000000)
  eden space 624640K, 0% used [0x0000000795580000,0x0000000795580000,0x00000007bb780000)
  from space 33280K, 13% used [0x00000007bda00000,0x00000007bde5a320,0x00000007bfa80000)
  to   space 34304K, 0% used [0x00000007bb780000,0x00000007bb780000,0x00000007bd900000)
 ParOldGen       total 155648K, used 60192K [0x0000000740000000, 0x0000000749800000, 0x0000000795580000)
  object space 155648K, 38% used [0x0000000740000000,0x0000000743ac8158,0x0000000749800000)
 Metaspace       used 31748K, capacity 35402K, committed 35496K, reserved 1081344K
  class space    used 3653K, capacity 4583K, committed 4608K, reserved 1048576K

Card table byte_map: [0x0000000107b61000,0x0000000107f62000] byte_map_base: 0x0000000104161000

Marking Bits: (ParMarkBitMap*) 0x00000001070efd20
 Begin Bits: [0x000000011a3b9000, 0x000000011c3b9000)
 End Bits:   [0x000000011c3b9000, 0x000000011e3b9000)

Polling page: 0x0000000105f7b000

CodeCache: size=245760Kb used=20647Kb max_used=20713Kb free=225112Kb
 bounds [0x000000010b3b9000, 0x000000010c819000, 0x000000011a3b9000]
 total_blobs=6241 nmethods=5665 adapters=488
 compilation: enabled

Compilation events (10 events):
Event: 52.175 Thread 0x00007fe4af027800 6999   !   2       org.eclipse.core.internal.preferences.EclipsePreferences::internalGet (90 bytes)
Event: 52.176 Thread 0x00007fe4af027800 nmethod 6999 0x000000010c308b10 code [0x000000010c308d60, 0x000000010c309778]
Event: 52.176 Thread 0x00007fe4af027800 6994   !   2       sun.nio.cs.StreamEncoder::write (78 bytes)
Event: 52.177 Thread 0x00007fe4af027800 nmethod 6994 0x000000010c308050 code [0x000000010c308200, 0x000000010c308728]
Event: 52.177 Thread 0x00007fe4af027800 6996       2       org.apache.felix.gogo.runtime.threadio.ThreadPrintStream::getCurrent (22 bytes)
Event: 52.177 Thread 0x00007fe4af027800 nmethod 6996 0x000000010c307c10 code [0x000000010c307d80, 0x000000010c307f68]
Event: 52.177 Thread 0x00007fe4af027800 6998   !   2       java.io.BufferedWriter::flushBuffer (53 bytes)
Event: 52.177 Thread 0x00007fe4af027800 nmethod 6998 0x000000010c3073d0 code [0x000000010c307560, 0x000000010c3079b8]
Event: 52.177 Thread 0x00007fe4af027800 7000       2       org.eclipse.core.internal.preferences.AbstractScope::getNode (37 bytes)
Event: 52.178 Thread 0x00007fe4af027800 nmethod 7000 0x000000010c306b90 code [0x000000010c306d40, 0x000000010c307188]

GC Heap History (10 events):
Event: 50.428 GC heap after
Heap after GC invocations=28 (full 2):
 PSYoungGen      total 651776K, used 3808K [0x0000000795580000, 0x00000007bfa80000, 0x00000007c0000000)
  eden space 610304K, 0% used [0x0000000795580000,0x0000000795580000,0x00000007ba980000)
  from space 41472K, 9% used [0x00000007bd200000,0x00000007bd5b8000,0x00000007bfa80000)
  to   space 41472K, 0% used [0x00000007ba980000,0x00000007ba980000,0x00000007bd200000)
 ParOldGen       total 155648K, used 57880K [0x0000000740000000, 0x0000000749800000, 0x0000000795580000)
  object space 155648K, 37% used [0x0000000740000000,0x0000000743886158,0x0000000749800000)
 Metaspace       used 30056K, capacity 33040K, committed 33152K, reserved 1079296K
  class space    used 3408K, capacity 4131K, committed 4224K, reserved 1048576K
}
Event: 50.812 GC heap before
{Heap before GC invocations=29 (full 2):
 PSYoungGen      total 651776K, used 614112K [0x0000000795580000, 0x00000007bfa80000, 0x00000007c0000000)
  eden space 610304K, 100% used [0x0000000795580000,0x00000007ba980000,0x00000007ba980000)
  from space 41472K, 9% used [0x00000007bd200000,0x00000007bd5b8000,0x00000007bfa80000)
  to   space 41472K, 0% used [0x00000007ba980000,0x00000007ba980000,0x00000007bd200000)
 ParOldGen       total 155648K, used 57880K [0x0000000740000000, 0x0000000749800000, 0x0000000795580000)
  object space 155648K, 37% used [0x0000000740000000,0x0000000743886158,0x0000000749800000)
 Metaspace       used 30059K, capacity 33046K, committed 33152K, reserved 1079296K
  class space    used 3409K, capacity 4132K, committed 4224K, reserved 1048576K
Event: 50.821 GC heap after
Heap after GC invocations=29 (full 2):
 PSYoungGen      total 651776K, used 3808K [0x0000000795580000, 0x00000007bfd00000, 0x00000007c0000000)
  eden space 610304K, 0% used [0x0000000795580000,0x0000000795580000,0x00000007ba980000)
  from space 41472K, 9% used [0x00000007ba980000,0x00000007bad38000,0x00000007bd200000)
  to   space 39936K, 0% used [0x00000007bd600000,0x00000007bd600000,0x00000007bfd00000)
 ParOldGen       total 155648K, used 57888K [0x0000000740000000, 0x0000000749800000, 0x0000000795580000)
  object space 155648K, 37% used [0x0000000740000000,0x0000000743888158,0x0000000749800000)
 Metaspace       used 30059K, capacity 33046K, committed 33152K, reserved 1079296K
  class space    used 3409K, capacity 4132K, committed 4224K, reserved 1048576K
}
Event: 51.194 GC heap before
{Heap before GC invocations=30 (full 2):
 PSYoungGen      total 651776K, used 614112K [0x0000000795580000, 0x00000007bfd00000, 0x00000007c0000000)
  eden space 610304K, 100% used [0x0000000795580000,0x00000007ba980000,0x00000007ba980000)
  from space 41472K, 9% used [0x00000007ba980000,0x00000007bad38000,0x00000007bd200000)
  to   space 39936K, 0% used [0x00000007bd600000,0x00000007bd600000,0x00000007bfd00000)
 ParOldGen       total 155648K, used 57888K [0x0000000740000000, 0x0000000749800000, 0x0000000795580000)
  object space 155648K, 37% used [0x0000000740000000,0x0000000743888158,0x0000000749800000)
 Metaspace       used 30061K, capacity 33046K, committed 33152K, reserved 1079296K
  class space    used 3409K, capacity 4132K, committed 4224K, reserved 1048576K
Event: 51.201 GC heap after
Heap after GC invocations=30 (full 2):
 PSYoungGen      total 654848K, used 3808K [0x0000000795580000, 0x00000007bfa80000, 0x00000007c0000000)
  eden space 617472K, 0% used [0x0000000795580000,0x0000000795580000,0x00000007bb080000)
  from space 37376K, 10% used [0x00000007bd600000,0x00000007bd9b8000,0x00000007bfa80000)
  to   space 37888K, 0% used [0x00000007bb080000,0x00000007bb080000,0x00000007bd580000)
 ParOldGen       total 155648K, used 57896K [0x0000000740000000, 0x0000000749800000, 0x0000000795580000)
  object space 155648K, 37% used [0x0000000740000000,0x000000074388a158,0x0000000749800000)
 Metaspace       used 30061K, capacity 33046K, committed 33152K, reserved 1079296K
  class space    used 3409K, capacity 4132K, committed 4224K, reserved 1048576K
}
Event: 51.572 GC heap before
{Heap before GC invocations=31 (full 2):
 PSYoungGen      total 654848K, used 621280K [0x0000000795580000, 0x00000007bfa80000, 0x00000007c0000000)
  eden space 617472K, 100% used [0x0000000795580000,0x00000007bb080000,0x00000007bb080000)
  from space 37376K, 10% used [0x00000007bd600000,0x00000007bd9b8000,0x00000007bfa80000)
  to   space 37888K, 0% used [0x00000007bb080000,0x00000007bb080000,0x00000007bd580000)
 ParOldGen       total 155648K, used 57896K [0x0000000740000000, 0x0000000749800000, 0x0000000795580000)
  object space 155648K, 37% used [0x0000000740000000,0x000000074388a158,0x0000000749800000)
 Metaspace       used 30061K, capacity 33046K, committed 33152K, reserved 1079296K
  class space    used 3409K, capacity 4132K, committed 4224K, reserved 1048576K
Event: 51.581 GC heap after
Heap after GC invocations=31 (full 2):
 PSYoungGen      total 655360K, used 3552K [0x0000000795580000, 0x00000007bfd80000, 0x00000007c0000000)
  eden space 617472K, 0% used [0x0000000795580000,0x0000000795580000,0x00000007bb080000)
  from space 37888K, 9% used [0x00000007bb080000,0x00000007bb3f8000,0x00000007bd580000)
  to   space 36352K, 0% used [0x00000007bda00000,0x00000007bda00000,0x00000007bfd80000)
 ParOldGen       total 155648K, used 58192K [0x0000000740000000, 0x0000000749800000, 0x0000000795580000)
  object space 155648K, 37% used [0x0000000740000000,0x00000007438d4158,0x0000000749800000)
 Metaspace       used 30061K, capacity 33046K, committed 33152K, reserved 1079296K
  class space    used 3409K, capacity 4132K, committed 4224K, reserved 1048576K
}
Event: 52.181 GC heap before
{Heap before GC invocations=32 (full 2):
 PSYoungGen      total 655360K, used 399556K [0x0000000795580000, 0x00000007bfd80000, 0x00000007c0000000)
  eden space 617472K, 64% used [0x0000000795580000,0x00000007ad839330,0x00000007bb080000)
  from space 37888K, 9% used [0x00000007bb080000,0x00000007bb3f8000,0x00000007bd580000)
  to   space 36352K, 0% used [0x00000007bda00000,0x00000007bda00000,0x00000007bfd80000)
 ParOldGen       total 155648K, used 58192K [0x0000000740000000, 0x0000000749800000, 0x0000000795580000)
  object space 155648K, 37% used [0x0000000740000000,0x00000007438d4158,0x0000000749800000)
 Metaspace       used 31748K, capacity 35402K, committed 35496K, reserved 1081344K
  class space    used 3653K, capacity 4583K, committed 4608K, reserved 1048576K
Event: 52.196 GC heap after
Heap after GC invocations=32 (full 2):
 PSYoungGen      total 657920K, used 4456K [0x0000000795580000, 0x00000007bfa80000, 0x00000007c0000000)
  eden space 624640K, 0% used [0x0000000795580000,0x0000000795580000,0x00000007bb780000)
  from space 33280K, 13% used [0x00000007bda00000,0x00000007bde5a320,0x00000007bfa80000)
  to   space 34304K, 0% used [0x00000007bb780000,0x00000007bb780000,0x00000007bd900000)
 ParOldGen       total 155648K, used 60192K [0x0000000740000000, 0x0000000749800000, 0x0000000795580000)
  object space 155648K, 38% used [0x0000000740000000,0x0000000743ac8158,0x0000000749800000)
 Metaspace       used 31748K, capacity 35402K, committed 35496K, reserved 1081344K
  class space    used 3653K, capacity 4583K, committed 4608K, reserved 1048576K
}
Event: 52.196 GC heap before
{Heap before GC invocations=33 (full 3):
 PSYoungGen      total 657920K, used 4456K [0x0000000795580000, 0x00000007bfa80000, 0x00000007c0000000)
  eden space 624640K, 0% used [0x0000000795580000,0x0000000795580000,0x00000007bb780000)
  from space 33280K, 13% used [0x00000007bda00000,0x00000007bde5a320,0x00000007bfa80000)
  to   space 34304K, 0% used [0x00000007bb780000,0x00000007bb780000,0x00000007bd900000)
 ParOldGen       total 155648K, used 60192K [0x0000000740000000, 0x0000000749800000, 0x0000000795580000)
  object space 155648K, 38% used [0x0000000740000000,0x0000000743ac8158,0x0000000749800000)
 Metaspace       used 31748K, capacity 35402K, committed 35496K, reserved 1081344K
  class space    used 3653K, capacity 4583K, committed 4608K, reserved 1048576K

Deoptimization events (10 events):
Event: 51.968 Thread 0x00007fe4af003000 Uncommon trap: reason=unstable_if action=reinterpret pc=0x000000010b527ef8 method=java.lang.AbstractStringBuilder.append(Ljava/lang/String;)Ljava/lang/AbstractStringBuilder; @ 1
Event: 51.981 Thread 0x00007fe4af003000 Uncommon trap: reason=unstable_if action=reinterpret pc=0x000000010c21e358 method=org.eclipse.emf.ecore.impl.MinimalEObjectImpl.fieldIndex(I)I @ 13
Event: 51.985 Thread 0x00007fe4af003000 Uncommon trap: reason=unstable_if action=reinterpret pc=0x000000010c425460 method=java.util.TimSort.countRunAndMakeAscending([Ljava/lang/Object;IILjava/util/Comparator;)I @ 27
Event: 51.986 Thread 0x00007fe4af003000 Uncommon trap: reason=unstable_if action=reinterpret pc=0x000000010ba5cc04 method=org.eclipse.emf.ecore.impl.MinimalEObjectImpl.fieldIndex(I)I @ 13
Event: 51.993 Thread 0x00007fe4af003000 Uncommon trap: reason=unstable_if action=reinterpret pc=0x000000010c69a5d8 method=java.util.Objects.hashCode(Ljava/lang/Object;)I @ 1
Event: 51.997 Thread 0x00007fe4af003000 Uncommon trap: reason=unstable_if action=reinterpret pc=0x000000010b9b4fac method=java.util.HashMap.getNode(ILjava/lang/Object;)Ljava/util/HashMap$Node; @ 129
Event: 52.106 Thread 0x00007fe4af003000 Uncommon trap: reason=class_check action=maybe_recompile pc=0x000000010bd28518 method=java.util.AbstractList$Itr.hasNext()Z @ 8
Event: 52.106 Thread 0x00007fe4af003000 Uncommon trap: reason=class_check action=maybe_recompile pc=0x000000010bd3d020 method=java.util.AbstractList$Itr.next()Ljava/lang/Object; @ 14
Event: 52.125 Thread 0x00007fe4af003000 Uncommon trap: reason=class_check action=maybe_recompile pc=0x000000010b8f2e74 method=org.eclipse.emf.common.notify.impl.BasicNotifierImpl.eNotificationRequired()Z @ 8
Event: 52.180 Thread 0x00007fe4af003000 Uncommon trap: reason=class_check action=maybe_recompile pc=0x000000010c37ce60 method=java.lang.Throwable.<init>(Ljava/lang/String;Ljava/lang/Throwable;)V @ 24

Internal exceptions (10 events):
Event: 51.819 Thread 0x00007fe4af003000 Implicit null exception at 0x000000010c29a6f0 to 0x000000010c29bbd9
Event: 51.819 Thread 0x00007fe4af003000 Implicit null exception at 0x000000010c28b987 to 0x000000010c28c05d
Event: 51.851 Thread 0x00007fe4af003000 Implicit null exception at 0x000000010c2913c5 to 0x000000010c291d75
Event: 51.853 Thread 0x00007fe4af003000 Implicit null exception at 0x000000010c2916b1 to 0x000000010c291d45
Event: 51.968 Thread 0x00007fe4af003000 Implicit null exception at 0x000000010b63b7b5 to 0x000000010b63bb71
Event: 51.968 Thread 0x00007fe4af003000 Implicit null exception at 0x000000010b527b35 to 0x000000010b527ee5
Event: 51.993 Thread 0x00007fe4af003000 Implicit null exception at 0x000000010c699d2a to 0x000000010c69a5bd
Event: 52.067 Thread 0x00007fe4af003000 Exception <a 'java/io/FileNotFoundException'> (0x00000007ad280ab8) thrown at [/Users/java_re/workspace/8-2-build-macosx-x86_64/jdk8u102/7268/hotspot/src/share/vm/prims/jni.cpp, line 709]
Event: 52.070 Thread 0x00007fe4af003000 Exception <a 'java/io/FileNotFoundException'> (0x00000007ad295820) thrown at [/Users/java_re/workspace/8-2-build-macosx-x86_64/jdk8u102/7268/hotspot/src/share/vm/prims/jni.cpp, line 709]
Event: 52.071 Thread 0x00007fe4af003000 Exception <a 'java/io/FileNotFoundException'> (0x00000007ad29abc8) thrown at [/Users/java_re/workspace/8-2-build-macosx-x86_64/jdk8u102/7268/hotspot/src/share/vm/prims/jni.cpp, line 709]

Events (10 events):
Event: 52.179 loading class org/eclipse/ui/tests/TestPluginResources
Event: 52.179 loading class org/eclipse/ui/tests/TestPluginResources done
Event: 52.179 loading class org/eclipse/ui/tests/TestPluginResources_en
Event: 52.179 loading class org/eclipse/ui/tests/TestPluginResources_en done
Event: 52.179 loading class org/eclipse/ui/tests/TestPluginResources_en_US
Event: 52.179 loading class org/eclipse/ui/tests/TestPluginResources_en_US done
Event: 52.180 Thread 0x00007fe4af003000 Uncommon trap: trap_request=0xffffffde fr.pc=0x000000010c37ce60
Event: 52.180 Thread 0x00007fe4af003000 DEOPT PACKING pc=0x000000010c37ce60 sp=0x00007fff59d3fab0
Event: 52.180 Thread 0x00007fe4af003000 DEOPT UNPACKING pc=0x000000010b3be229 sp=0x00007fff59d3fa80 mode 2
Event: 52.181 Executing VM operation: CollectForMetadataAllocation


Dynamic libraries:
0x000000002c105000 	/System/Library/Frameworks/Cocoa.framework/Versions/A/Cocoa
0x000000002c105000 	/System/Library/Frameworks/Security.framework/Versions/A/Security
0x000000002c105000 	/System/Library/Frameworks/ApplicationServices.framework/Versions/A/ApplicationServices
0x000000002c105000 	/usr/lib/libz.1.dylib
0x000000002c105000 	/usr/lib/libSystem.B.dylib
0x000000002c105000 	/usr/lib/libobjc.A.dylib
0x000000002c105000 	/System/Library/Frameworks/CoreFoundation.framework/Versions/A/CoreFoundation
0x000000002c105000 	/System/Library/Frameworks/Foundation.framework/Versions/C/Foundation
0x000000002c105000 	/System/Library/Frameworks/AppKit.framework/Versions/C/AppKit
0x000000002c105000 	/System/Library/Frameworks/CoreData.framework/Versions/A/CoreData
0x000000002c105000 	/System/Library/PrivateFrameworks/RemoteViewServices.framework/Versions/A/RemoteViewServices
0x000000002c105000 	/System/Library/PrivateFrameworks/UIFoundation.framework/Versions/A/UIFoundation
0x000000002c105000 	/usr/lib/libenergytrace.dylib
0x000000002c105000 	/System/Library/PrivateFrameworks/SkyLight.framework/Versions/A/SkyLight
0x000000002c105000 	/System/Library/Frameworks/CoreGraphics.framework/Versions/A/CoreGraphics
0x000000002c105000 	/usr/lib/libScreenReader.dylib
0x000000002c105000 	/System/Library/Frameworks/Accelerate.framework/Versions/A/Accelerate
0x000000002c105000 	/System/Library/Frameworks/IOSurface.framework/Versions/A/IOSurface
0x000000002c105000 	/System/Library/Frameworks/AudioToolbox.framework/Versions/A/AudioToolbox
0x000000002c105000 	/System/Library/Frameworks/AudioUnit.framework/Versions/A/AudioUnit
0x000000002c105000 	/System/Library/PrivateFrameworks/DataDetectorsCore.framework/Versions/A/DataDetectorsCore
0x000000002c105000 	/System/Library/PrivateFrameworks/DesktopServicesPriv.framework/Versions/A/DesktopServicesPriv
0x000000002c105000 	/System/Library/Frameworks/Carbon.framework/Versions/A/Frameworks/HIToolbox.framework/Versions/A/HIToolbox
0x000000002c105000 	/usr/lib/libicucore.A.dylib
0x000000002c105000 	/System/Library/Frameworks/QuartzCore.framework/Versions/A/QuartzCore
0x000000002c105000 	/System/Library/Frameworks/Carbon.framework/Versions/A/Frameworks/SpeechRecognition.framework/Versions/A/SpeechRecognition
0x000000002c105000 	/usr/lib/libauto.dylib
0x000000002c105000 	/usr/lib/libxml2.2.dylib
0x000000002c105000 	/System/Library/PrivateFrameworks/CoreUI.framework/Versions/A/CoreUI
0x000000002c105000 	/System/Library/Frameworks/CoreAudio.framework/Versions/A/CoreAudio
0x000000002c105000 	/System/Library/Frameworks/DiskArbitration.framework/Versions/A/DiskArbitration
0x000000002c105000 	/usr/lib/liblangid.dylib
0x000000002c105000 	/System/Library/PrivateFrameworks/MultitouchSupport.framework/Versions/A/MultitouchSupport
0x000000002c105000 	/System/Library/Frameworks/IOKit.framework/Versions/A/IOKit
0x000000002c105000 	/usr/lib/libDiagnosticMessagesClient.dylib
0x000000002c105000 	/System/Library/Frameworks/CoreServices.framework/Versions/A/CoreServices
0x000000002c105000 	/System/Library/PrivateFrameworks/PerformanceAnalysis.framework/Versions/A/PerformanceAnalysis
0x000000002c105000 	/System/Library/PrivateFrameworks/GenerationalStorage.framework/Versions/A/GenerationalStorage
0x000000002c105000 	/System/Library/Frameworks/OpenGL.framework/Versions/A/OpenGL
0x000000002c105000 	/System/Library/Frameworks/CoreImage.framework/Versions/A/CoreImage
0x000000002c105000 	/System/Library/Frameworks/CoreText.framework/Versions/A/CoreText
0x000000002c105000 	/System/Library/Frameworks/ImageIO.framework/Versions/A/ImageIO
0x000000002c105000 	/System/Library/PrivateFrameworks/Backup.framework/Versions/A/Backup
0x000000002c105000 	/usr/lib/libarchive.2.dylib
0x000000002c105000 	/System/Library/Frameworks/CFNetwork.framework/Versions/A/CFNetwork
0x000000002c105000 	/System/Library/Frameworks/SystemConfiguration.framework/Versions/A/SystemConfiguration
0x000000002c105000 	/usr/lib/libCRFSuite.dylib
0x000000002c105000 	/usr/lib/libc++.1.dylib
0x000000002c105000 	/usr/lib/libc++abi.dylib
0x000000002c105000 	/usr/lib/system/libcache.dylib
0x000000002c105000 	/usr/lib/system/libcommonCrypto.dylib
0x000000002c105000 	/usr/lib/system/libcompiler_rt.dylib
0x000000002c105000 	/usr/lib/system/libcopyfile.dylib
0x000000002c105000 	/usr/lib/system/libcorecrypto.dylib
0x000000002c105000 	/usr/lib/system/libdispatch.dylib
0x000000002c105000 	/usr/lib/system/libdyld.dylib
0x000000002c105000 	/usr/lib/system/libkeymgr.dylib
0x000000002c105000 	/usr/lib/system/liblaunch.dylib
0x000000002c105000 	/usr/lib/system/libmacho.dylib
0x000000002c105000 	/usr/lib/system/libquarantine.dylib
0x000000002c105000 	/usr/lib/system/libremovefile.dylib
0x000000002c105000 	/usr/lib/system/libsystem_asl.dylib
0x000000002c105000 	/usr/lib/system/libsystem_blocks.dylib
0x000000002c105000 	/usr/lib/system/libsystem_c.dylib
0x000000002c105000 	/usr/lib/system/libsystem_configuration.dylib
0x000000002c105000 	/usr/lib/system/libsystem_coreservices.dylib
0x000000002c105000 	/usr/lib/system/libsystem_coretls.dylib
0x000000002c105000 	/usr/lib/system/libsystem_dnssd.dylib
0x000000002c105000 	/usr/lib/system/libsystem_info.dylib
0x000000002c105000 	/usr/lib/system/libsystem_kernel.dylib
0x000000002c105000 	/usr/lib/system/libsystem_m.dylib
0x000000002c105000 	/usr/lib/system/libsystem_malloc.dylib
0x000000002c105000 	/usr/lib/system/libsystem_network.dylib
0x000000002c105000 	/usr/lib/system/libsystem_networkextension.dylib
0x000000002c105000 	/usr/lib/system/libsystem_notify.dylib
0x000000002c105000 	/usr/lib/system/libsystem_platform.dylib
0x000000002c105000 	/usr/lib/system/libsystem_pthread.dylib
0x000000002c105000 	/usr/lib/system/libsystem_sandbox.dylib
0x000000002c105000 	/usr/lib/system/libsystem_secinit.dylib
0x000000002c105000 	/usr/lib/system/libsystem_symptoms.dylib
0x000000002c105000 	/usr/lib/system/libsystem_trace.dylib
0x000000002c105000 	/usr/lib/system/libunwind.dylib
0x000000002c105000 	/usr/lib/system/libxpc.dylib
0x000000002c105000 	/usr/lib/libbsm.0.dylib
0x000000002c105000 	/usr/lib/system/libkxld.dylib
0x000000002c105000 	/usr/lib/libcoretls.dylib
0x000000002c105000 	/usr/lib/libcoretls_cfhelpers.dylib
0x000000002c105000 	/usr/lib/libxar.1.dylib
0x000000002c105000 	/usr/lib/libsqlite3.dylib
0x000000002c105000 	/usr/lib/libpam.2.dylib
0x000000002c105000 	/usr/lib/libOpenScriptingUtil.dylib
0x000000002c105000 	/usr/lib/libbz2.1.0.dylib
0x000000002c105000 	/usr/lib/liblzma.5.dylib
0x000000002c105000 	/usr/lib/libnetwork.dylib
0x000000002c105000 	/usr/lib/libpcap.A.dylib
0x000000002c105000 	/System/Library/Frameworks/CoreServices.framework/Versions/A/Frameworks/FSEvents.framework/Versions/A/FSEvents
0x000000002c105000 	/System/Library/Frameworks/CoreServices.framework/Versions/A/Frameworks/CarbonCore.framework/Versions/A/CarbonCore
0x000000002c105000 	/System/Library/Frameworks/CoreServices.framework/Versions/A/Frameworks/Metadata.framework/Versions/A/Metadata
0x000000002c105000 	/System/Library/Frameworks/CoreServices.framework/Versions/A/Frameworks/OSServices.framework/Versions/A/OSServices
0x000000002c105000 	/System/Library/Frameworks/CoreServices.framework/Versions/A/Frameworks/SearchKit.framework/Versions/A/SearchKit
0x000000002c105000 	/System/Library/Frameworks/CoreServices.framework/Versions/A/Frameworks/AE.framework/Versions/A/AE
0x000000002c105000 	/System/Library/Frameworks/CoreServices.framework/Versions/A/Frameworks/LaunchServices.framework/Versions/A/LaunchServices
0x000000002c105000 	/System/Library/Frameworks/CoreServices.framework/Versions/A/Frameworks/DictionaryServices.framework/Versions/A/DictionaryServices
0x000000002c105000 	/System/Library/Frameworks/CoreServices.framework/Versions/A/Frameworks/SharedFileList.framework/Versions/A/SharedFileList
0x000000002c105000 	/System/Library/Frameworks/NetFS.framework/Versions/A/NetFS
0x000000002c105000 	/System/Library/PrivateFrameworks/NetAuth.framework/Versions/A/NetAuth
0x000000002c105000 	/System/Library/PrivateFrameworks/login.framework/Versions/A/Frameworks/loginsupport.framework/Versions/A/loginsupport
0x000000002c105000 	/System/Library/PrivateFrameworks/TCC.framework/Versions/A/TCC
0x000000002c105000 	/usr/lib/libmecabra.dylib
0x000000002c105000 	/System/Library/Frameworks/ApplicationServices.framework/Versions/A/Frameworks/ATS.framework/Versions/A/ATS
0x000000002c105000 	/System/Library/Frameworks/ApplicationServices.framework/Versions/A/Frameworks/ColorSync.framework/Versions/A/ColorSync
0x000000002c105000 	/System/Library/Frameworks/ApplicationServices.framework/Versions/A/Frameworks/HIServices.framework/Versions/A/HIServices
0x000000002c105000 	/System/Library/Frameworks/ApplicationServices.framework/Versions/A/Frameworks/LangAnalysis.framework/Versions/A/LangAnalysis
0x000000002c105000 	/System/Library/Frameworks/ApplicationServices.framework/Versions/A/Frameworks/PrintCore.framework/Versions/A/PrintCore
0x000000002c105000 	/System/Library/Frameworks/ApplicationServices.framework/Versions/A/Frameworks/QD.framework/Versions/A/QD
0x000000002c105000 	/System/Library/Frameworks/ApplicationServices.framework/Versions/A/Frameworks/SpeechSynthesis.framework/Versions/A/SpeechSynthesis
0x000000002c105000 	/System/Library/Frameworks/Accelerate.framework/Versions/A/Frameworks/vImage.framework/Versions/A/vImage
0x000000002c105000 	/System/Library/Frameworks/Accelerate.framework/Versions/A/Frameworks/vecLib.framework/Versions/A/vecLib
0x000000002c105000 	/System/Library/Frameworks/Accelerate.framework/Versions/A/Frameworks/vecLib.framework/Versions/A/libvDSP.dylib
0x000000002c105000 	/System/Library/Frameworks/Accelerate.framework/Versions/A/Frameworks/vecLib.framework/Versions/A/libBNNS.dylib
0x000000002c105000 	/System/Library/Frameworks/Accelerate.framework/Versions/A/Frameworks/vecLib.framework/Versions/A/libQuadrature.dylib
0x000000002c105000 	/System/Library/Frameworks/Accelerate.framework/Versions/A/Frameworks/vecLib.framework/Versions/A/libvMisc.dylib
0x000000002c105000 	/System/Library/Frameworks/Accelerate.framework/Versions/A/Frameworks/vecLib.framework/Versions/A/libLAPACK.dylib
0x000000002c105000 	/System/Library/Frameworks/Accelerate.framework/Versions/A/Frameworks/vecLib.framework/Versions/A/libBLAS.dylib
0x000000002c105000 	/System/Library/Frameworks/Accelerate.framework/Versions/A/Frameworks/vecLib.framework/Versions/A/libLinearAlgebra.dylib
0x000000002c105000 	/System/Library/Frameworks/Accelerate.framework/Versions/A/Frameworks/vecLib.framework/Versions/A/libSparseBLAS.dylib
0x000000002c105000 	/System/Library/Frameworks/ApplicationServices.framework/Versions/A/Frameworks/ATS.framework/Versions/A/Resources/libFontParser.dylib
0x000000002c105000 	/System/Library/Frameworks/ApplicationServices.framework/Versions/A/Frameworks/ATS.framework/Versions/A/Resources/libFontRegistry.dylib
0x000000002c105000 	/System/Library/Frameworks/ImageIO.framework/Versions/A/Resources/libJPEG.dylib
0x000000002c105000 	/System/Library/Frameworks/ImageIO.framework/Versions/A/Resources/libTIFF.dylib
0x000000002c105000 	/System/Library/Frameworks/ImageIO.framework/Versions/A/Resources/libPng.dylib
0x000000002c105000 	/System/Library/Frameworks/ImageIO.framework/Versions/A/Resources/libGIF.dylib
0x000000002c105000 	/System/Library/Frameworks/ImageIO.framework/Versions/A/Resources/libJP2.dylib
0x000000002c105000 	/System/Library/Frameworks/ImageIO.framework/Versions/A/Resources/libRadiance.dylib
0x000000002c105000 	/usr/lib/libcompression.dylib
0x000000002c105000 	/System/Library/PrivateFrameworks/AppleJPEG.framework/Versions/A/AppleJPEG
0x000000002c105000 	/usr/lib/libcups.2.dylib
0x000000002c105000 	/System/Library/Frameworks/Kerberos.framework/Versions/A/Kerberos
0x000000002c105000 	/System/Library/Frameworks/GSS.framework/Versions/A/GSS
0x000000002c105000 	/usr/lib/libresolv.9.dylib
0x000000002c105000 	/usr/lib/libiconv.2.dylib
0x000000002c105000 	/System/Library/PrivateFrameworks/Heimdal.framework/Versions/A/Heimdal
0x000000002c105000 	/usr/lib/libheimdal-asn1.dylib
0x000000002c105000 	/System/Library/Frameworks/OpenDirectory.framework/Versions/A/OpenDirectory
0x000000002c105000 	/System/Library/PrivateFrameworks/CommonAuth.framework/Versions/A/CommonAuth
0x000000002c105000 	/System/Library/Frameworks/OpenDirectory.framework/Versions/A/Frameworks/CFOpenDirectory.framework/Versions/A/CFOpenDirectory
0x000000002c105000 	/System/Library/Frameworks/SecurityFoundation.framework/Versions/A/SecurityFoundation
0x000000002c105000 	/System/Library/PrivateFrameworks/LanguageModeling.framework/Versions/A/LanguageModeling
0x000000002c105000 	/usr/lib/libmarisa.dylib
0x000000002c105000 	/usr/lib/libChineseTokenizer.dylib
0x000000002c105000 	/usr/lib/libcmph.dylib
0x000000002c105000 	/System/Library/PrivateFrameworks/CoreEmoji.framework/Versions/A/CoreEmoji
0x000000002c105000 	/System/Library/Frameworks/ServiceManagement.framework/Versions/A/ServiceManagement
0x000000002c105000 	/usr/lib/libxslt.1.dylib
0x000000002c105000 	/System/Library/Frameworks/Carbon.framework/Versions/A/Frameworks/Ink.framework/Versions/A/Ink
0x000000002c105000 	/System/Library/PrivateFrameworks/TextureIO.framework/Versions/A/TextureIO
0x000000002c105000 	/System/Library/Frameworks/Metal.framework/Versions/A/Metal
0x000000002c105000 	/usr/lib/libate.dylib
0x000000002c105000 	/System/Library/PrivateFrameworks/GPUCompiler.framework/libmetal_timestamp.dylib
0x000000002c105000 	/System/Library/Frameworks/OpenGL.framework/Versions/A/Libraries/libCoreFSCache.dylib
0x000000002c105000 	/System/Library/PrivateFrameworks/IOAccelerator.framework/Versions/A/IOAccelerator
0x000000002c105000 	/System/Library/Frameworks/CoreVideo.framework/Versions/A/CoreVideo
0x000000002c105000 	/usr/lib/libFosl_dynamic.dylib
0x000000002c105000 	/System/Library/PrivateFrameworks/MetalPerformanceShaders.framework/Versions/A/MetalPerformanceShaders
0x000000002c105000 	/System/Library/PrivateFrameworks/FaceCore.framework/Versions/A/FaceCore
0x000000002c105000 	/System/Library/Frameworks/OpenCL.framework/Versions/A/OpenCL
0x000000002c105000 	/System/Library/Frameworks/OpenGL.framework/Versions/A/Libraries/libGLU.dylib
0x000000002c105000 	/System/Library/Frameworks/OpenGL.framework/Versions/A/Libraries/libGFXShared.dylib
0x000000002c105000 	/System/Library/Frameworks/OpenGL.framework/Versions/A/Libraries/libGL.dylib
0x000000002c105000 	/System/Library/Frameworks/OpenGL.framework/Versions/A/Libraries/libGLImage.dylib
0x000000002c105000 	/System/Library/Frameworks/OpenGL.framework/Versions/A/Libraries/libCVMSPluginSupport.dylib
0x000000002c105000 	/System/Library/Frameworks/OpenGL.framework/Versions/A/Libraries/libCoreVMClient.dylib
0x000000002c105000 	/System/Library/PrivateFrameworks/CrashReporterSupport.framework/Versions/A/CrashReporterSupport
0x000000002c105000 	/System/Library/PrivateFrameworks/Sharing.framework/Versions/A/Sharing
0x000000002c105000 	/System/Library/PrivateFrameworks/IconServices.framework/Versions/A/IconServices
0x000000002c105000 	/System/Library/PrivateFrameworks/ProtocolBuffer.framework/Versions/A/ProtocolBuffer
0x000000002c105000 	/System/Library/PrivateFrameworks/Apple80211.framework/Versions/A/Apple80211
0x000000002c105000 	/System/Library/Frameworks/CoreWLAN.framework/Versions/A/CoreWLAN
0x000000002c105000 	/System/Library/PrivateFrameworks/CoreUtils.framework/Versions/A/CoreUtils
0x000000002c105000 	/System/Library/Frameworks/IOBluetooth.framework/Versions/A/IOBluetooth
0x000000002c105000 	/System/Library/PrivateFrameworks/CoreWiFi.framework/Versions/A/CoreWiFi
0x000000002c105000 	/System/Library/Frameworks/CoreBluetooth.framework/Versions/A/CoreBluetooth
0x000000002c105000 	/System/Library/Frameworks/CoreDisplay.framework/Versions/A/CoreDisplay
0x000000002c105000 	/System/Library/PrivateFrameworks/IOPresentment.framework/Versions/A/IOPresentment
0x000000002c105000 	/System/Library/PrivateFrameworks/DebugSymbols.framework/Versions/A/DebugSymbols
0x000000002c105000 	/System/Library/PrivateFrameworks/CoreSymbolication.framework/Versions/A/CoreSymbolication
0x000000002c105000 	/System/Library/PrivateFrameworks/Symbolication.framework/Versions/A/Symbolication
0x000000002c105000 	/System/Library/PrivateFrameworks/AppleFSCompression.framework/Versions/A/AppleFSCompression
0x000000002c105000 	/System/Library/PrivateFrameworks/SpeechRecognitionCore.framework/Versions/A/SpeechRecognitionCore
0x000000002c105000 	/System/Library/PrivateFrameworks/ChunkingLibrary.framework/Versions/A/ChunkingLibrary
0x0000000106800000 	/Library/Java/JavaVirtualMachines/jdk1.8.0_102.jdk/Contents/Home/jre/lib/server/libjvm.dylib
0x000000002c105000 	/usr/lib/libstdc++.6.dylib
0x0000000105f38000 	/Library/Java/JavaVirtualMachines/jdk1.8.0_102.jdk/Contents/Home/jre/lib/libverify.dylib
0x0000000105f46000 	/Library/Java/JavaVirtualMachines/jdk1.8.0_102.jdk/Contents/Home/jre/lib/libjava.dylib
0x0000000105f84000 	/Library/Java/JavaVirtualMachines/jdk1.8.0_102.jdk/Contents/Home/jre/lib/libzip.dylib
0x0000000105fe2000 	/System/Library/Frameworks/JavaVM.framework/Frameworks/JavaRuntimeSupport.framework/JavaRuntimeSupport
0x000000010a0b4000 	/System/Library/Frameworks/JavaVM.framework/Versions/A/Frameworks/JavaNativeFoundation.framework/Versions/A/JavaNativeFoundation
0x000000010a0c9000 	/System/Library/Frameworks/JavaVM.framework/Versions/A/JavaVM
0x000000002c105000 	/System/Library/Frameworks/Carbon.framework/Versions/A/Carbon
0x000000010a0d6000 	/System/Library/PrivateFrameworks/JavaLaunching.framework/Versions/A/JavaLaunching
0x000000002c105000 	/System/Library/Frameworks/Carbon.framework/Versions/A/Frameworks/CommonPanels.framework/Versions/A/CommonPanels
0x000000002c105000 	/System/Library/Frameworks/Carbon.framework/Versions/A/Frameworks/Help.framework/Versions/A/Help
0x000000002c105000 	/System/Library/Frameworks/Carbon.framework/Versions/A/Frameworks/ImageCapture.framework/Versions/A/ImageCapture
0x000000002c105000 	/System/Library/Frameworks/Carbon.framework/Versions/A/Frameworks/OpenScripting.framework/Versions/A/OpenScripting
0x000000002c105000 	/System/Library/Frameworks/Carbon.framework/Versions/A/Frameworks/Print.framework/Versions/A/Print
0x000000002c105000 	/System/Library/Frameworks/Carbon.framework/Versions/A/Frameworks/SecurityHI.framework/Versions/A/SecurityHI
0x000000010a406000 	/Library/Java/JavaVirtualMachines/jdk1.8.0_102.jdk/Contents/Home/jre/lib/libnet.dylib
0x000000010a20d000 	/Library/Java/JavaVirtualMachines/jdk1.8.0_102.jdk/Contents/Home/jre/lib/libnio.dylib
0x000000010a21e000 	/Applications/Eclipse.app/Contents/Eclipse/plugins/org.eclipse.equinox.launcher.cocoa.macosx.x86_64_1.1.400.v20160518-1444/eclipse_1615.so
0x000000002c105000 	/System/Library/PrivateFrameworks/CoreServicesInternal.framework/Versions/A/CoreServicesInternal
0x000000002c105000 	/System/Library/PrivateFrameworks/FamilyControls.framework/Versions/A/FamilyControls
0x000000002c105000 	/System/Library/PrivateFrameworks/CommerceKit.framework/Versions/A/Frameworks/CommerceCore.framework/Versions/A/CommerceCore
0x000000002c105000 	/System/Library/PrivateFrameworks/SystemAdministration.framework/Versions/A/SystemAdministration
0x000000002c105000 	/System/Library/PrivateFrameworks/AppContainer.framework/Versions/A/AppContainer
0x000000002c105000 	/System/Library/PrivateFrameworks/SecCodeWrapper.framework/Versions/A/SecCodeWrapper
0x000000002c105000 	/System/Library/Frameworks/DirectoryService.framework/Versions/A/DirectoryService
0x000000002c105000 	/System/Library/PrivateFrameworks/DiskImages.framework/Versions/A/DiskImages
0x000000002c105000 	/System/Library/PrivateFrameworks/LoginUIKit.framework/Versions/A/Frameworks/LoginUICore.framework/Versions/A/LoginUICore
0x000000002c105000 	/usr/lib/libCoreStorage.dylib
0x000000002c105000 	/usr/lib/libcsfde.dylib
0x000000002c105000 	/usr/lib/libodfde.dylib
0x000000002c105000 	/System/Library/Frameworks/DiscRecording.framework/Versions/A/DiscRecording
0x000000002c105000 	/usr/lib/libcurl.4.dylib
0x000000002c105000 	/System/Library/PrivateFrameworks/MediaKit.framework/Versions/A/MediaKit
0x000000002c105000 	/System/Library/PrivateFrameworks/ProtectedCloudStorage.framework/Versions/A/ProtectedCloudStorage
0x000000002c105000 	/System/Library/PrivateFrameworks/EFILogin.framework/Versions/A/EFILogin
0x000000002c105000 	/usr/lib/libutil.dylib
0x000000002c105000 	/System/Library/Frameworks/LDAP.framework/Versions/A/LDAP
0x000000002c105000 	/usr/lib/libsasl2.2.dylib
0x000000002c105000 	/System/Library/PrivateFrameworks/CoreDaemon.framework/Versions/B/CoreDaemon
0x000000002c105000 	/System/Library/PrivateFrameworks/AppleSRP.framework/Versions/A/AppleSRP
0x000000002c105000 	/System/Library/PrivateFrameworks/APFS.framework/Versions/A/APFS
0x000000010aef5000 	/Library/Java/JavaVirtualMachines/jdk1.8.0_102.jdk/Contents/Home/jre/lib/libmanagement.dylib
0x0000000121143000 	/Users/helena/Documents/workspace/.metadata/.plugins/org.eclipse.pde.core/pde-junit/org.eclipse.osgi/882/0/.cp/libswt-cocoa-4626.jnilib
0x000000002c105000 	/System/Library/Frameworks/WebKit.framework/Versions/A/WebKit
0x000000002c105000 	/System/Library/Frameworks/JavaScriptCore.framework/Versions/A/JavaScriptCore
0x000000002c105000 	/System/Library/Frameworks/SecurityInterface.framework/Versions/A/SecurityInterface
0x000000002c105000 	/System/Library/Frameworks/WebKit.framework/Versions/A/Frameworks/WebKitLegacy.framework/Versions/A/WebKitLegacy
0x000000002c105000 	/System/Library/Frameworks/WebKit.framework/Versions/A/Frameworks/WebCore.framework/Versions/A/WebCore
0x0000000121198000 	/Users/helena/Documents/workspace/.metadata/.plugins/org.eclipse.pde.core/pde-junit/org.eclipse.osgi/882/0/.cp/libswt-pi-cocoa-4626.jnilib
0x000000002c105000 	/System/Library/Frameworks/Accelerate.framework/Versions/A/Frameworks/vImage.framework/Versions/A/Libraries/libCGInterfaces.dylib
0x000000002c105000 	/System/Library/Frameworks/ApplicationServices.framework/Versions/A/Frameworks/ATS.framework/Versions/A/Resources/libTrueTypeScaler.dylib
0x000000002c105000 	/System/Library/CoreServices/RawCamera.bundle/Contents/MacOS/RawCamera
0x000000010a2a2000 	/Users/helena/Documents/workspace/.metadata/.plugins/org.eclipse.pde.core/pde-junit/org.eclipse.osgi/124/0/.cp/os/macosx/libunixfile_1_0_0.jnilib

VM Arguments:
jvm_args: -ea -Declipse.pde.launch=true -Declipse.p2.data.area=@config.dir/p2 -Dfile.encoding=UTF-8 -Xbootclasspath/p:/Applications/Eclipse.app/Contents/Eclipse/plugins/org.eclipse.jdt.debug_3.10.1.v20160811-0441/jdi.jar 
java_command: org.eclipse.equinox.launcher.Main -os macosx -ws cocoa -arch x86_64 -nl en_US -consoleLog -version 3 -port 55877 -testLoaderClass org.eclipse.jdt.internal.junit4.runner.JUnit4TestLoader -loaderpluginname org.eclipse.jdt.junit4.runtime -classNames test.TestPlugin -application org.eclipse.swtbot.eclipse.core.swtbottestapplication -product org.eclipse.sdk.ide -data /Users/helena/Documents/workspace/../junit-workspace -configuration file:/Users/helena/Documents/workspace/.metadata/.plugins/org.eclipse.pde.core/pde-junit/ -dev file:/Users/helena/Documents/workspace/.metadata/.plugins/org.eclipse.pde.core/pde-junit/dev.properties -os macosx -ws cocoa -arch x86_64 -nl en_US -consoleLog -testpluginname br.inpe.cap.Asniffer
java_class_path (initial): /Applications/Eclipse.app/Contents/Eclipse/plugins/org.eclipse.equinox.launcher_1.3.200.v20160318-1642.jar
Launcher Type: SUN_STANDARD

Environment Variables:
PATH=/usr/bin:/bin:/usr/sbin:/sbin
SHELL=/bin/bash
DISPLAY=/private/tmp/com.apple.launchd.zych7uZb5S/org.macosforge.xquartz:0

Signal Handlers:
SIGSEGV: [libjvm.dylib+0x5b0579], sa_mask[0]=11111111011111110111111111111111, sa_flags=SA_ONSTACK|SA_RESTART|SA_SIGINFO
SIGBUS: [libjvm.dylib+0x5b0579], sa_mask[0]=11111111011111110111111111111111, sa_flags=SA_RESTART|SA_SIGINFO
SIGFPE: [libjvm.dylib+0x4874e4], sa_mask[0]=11111111011111110111111111111111, sa_flags=SA_RESTART|SA_SIGINFO
SIGPIPE: [libjvm.dylib+0x4874e4], sa_mask[0]=11111111011111110111111111111111, sa_flags=SA_RESTART|SA_SIGINFO
SIGXFSZ: [libjvm.dylib+0x4874e4], sa_mask[0]=11111111011111110111111111111111, sa_flags=SA_RESTART|SA_SIGINFO
SIGILL: [libjvm.dylib+0x4874e4], sa_mask[0]=11111111011111110111111111111111, sa_flags=SA_RESTART|SA_SIGINFO
SIGUSR1: SIG_DFL, sa_mask[0]=00000000000000000000000000000000, sa_flags=none
SIGUSR2: [libjvm.dylib+0x487002], sa_mask[0]=00100000000000000000000000000000, sa_flags=SA_RESTART|SA_SIGINFO
SIGHUP: [libjvm.dylib+0x4855d9], sa_mask[0]=11111111011111110111111111111111, sa_flags=SA_RESTART|SA_SIGINFO
SIGINT: [libjvm.dylib+0x4855d9], sa_mask[0]=11111111011111110111111111111111, sa_flags=SA_RESTART|SA_SIGINFO
SIGTERM: [libjvm.dylib+0x4855d9], sa_mask[0]=11111111011111110111111111111111, sa_flags=SA_RESTART|SA_SIGINFO
SIGQUIT: [libjvm.dylib+0x4855d9], sa_mask[0]=11111111011111110111111111111111, sa_flags=SA_RESTART|SA_SIGINFO


---------------  S Y S T E M  ---------------

OS:Bsduname:Darwin 16.1.0 Darwin Kernel Version 16.1.0: Thu Oct 13 21:26:57 PDT 2016; root:xnu-3789.21.3~60/RELEASE_X86_64 x86_64
rlimit: STACK 8192k, CORE 0k, NPROC 709, NOFILE 10240, AS infinity
load average:2.48 1.86 1.74

CPU:total 4 (2 cores per cpu, 2 threads per core) family 6 model 42 stepping 7, cmov, cx8, fxsr, mmx, sse, sse2, sse3, ssse3, sse4.1, sse4.2, popcnt, avx, aes, clmul, ht, tsc, tscinvbit

Memory: 4k page, physical 8388608k(1266124k free)

/proc/meminfo:


vm_info: Java HotSpot(TM) 64-Bit Server VM (25.102-b14) for bsd-amd64 JRE (1.8.0_102-b14), built on Jun 22 2016 11:42:36 by "java_re" with gcc 4.2.1 (Based on Apple Inc. build 5658) (LLVM build 2336.11.00)

time: Sun Nov 13 19:54:01 2016
elapsed time: 52 seconds (0d 0h 0m 52s)

