#
# A fatal error has been detected by the Java Runtime Environment:
#
#  SIGSEGV (0xb) at pc=0x00000001054bda7a, pid=757, tid=0x0000000000002503
#
# JRE version: Java(TM) SE Runtime Environment (8.0_102-b14) (build 1.8.0_102-b14)
# Java VM: Java HotSpot(TM) 64-Bit Server VM (25.102-b14 mixed mode bsd-amd64 compressed oops)
# Problematic frame:
# V  [libjvm.dylib+0x2c2a7a]
#
# Failed to write core dump. Core dumps have been disabled. To enable core dumping, try "ulimit -c unlimited" before starting Java again
#
# If you would like to submit a bug report, please visit:
#   http://bugreport.java.com/bugreport/crash.jsp
#

---------------  T H R E A D  ---------------

Current thread (0x00007fd7ab012800):  GCTaskThread [stack: 0x0000700002df4000,0x0000700002ef4000] [id=9475]

siginfo: si_signo: 11 (SIGSEGV), si_code: 0 (unknown), si_addr: 0x0000000000000000

Registers:
RAX=0x000000011595d000, RBX=0x00007fd7a9d07ff0, RCX=0x03ffffffe3002000, RDX=0x1fffffff18010000
RSP=0x0000700002ef3c00, RBP=0x0000700002ef3c20, RSI=0x000000074310dd98, RDI=0x00007fd7a9d07ff0
R8 =0x0000000000000062, R9 =0x000000000000640d, R10=0x1000924092409201, R11=0x0040000000000000
R12=0x0000000000000004, R13=0x000000074310dd98, R14=0x0000000000080000, R15=0x00007fd7a9d07ff0
RIP=0x00000001054bda7a, EFLAGS=0x0000000000010206, ERR=0x0000000000000000
  TRAPNO=0x000000000000000d

Top of Stack: (sp=0x0000700002ef3c00)
0x0000700002ef3c00:   0000700002ef3c50 000000074310dd78
0x0000700002ef3c10:   000000000000000a 00007fd7a9d07ff0
0x0000700002ef3c20:   0000700002ef3c90 0000000105674708
0x0000700002ef3c30:   000000000000000a 00007fd7a9d07ff0
0x0000700002ef3c40:   0000700002ef3c70 00000001054bdab7
0x0000700002ef3c50:   0000700002ef3cc0 00007fd7a9d07ff0
0x0000700002ef3c60:   00000007c0017e28 000000074310dd78
0x0000700002ef3c70:   000000074310dd78 0000000000000400
0x0000700002ef3c80:   00007fd7a9d07ff0 00000007c00117a8
0x0000700002ef3c90:   0000700002ef3cc0 0000000105673aac
0x0000700002ef3ca0:   0000000000000000 00007fd7a9d07ff0
0x0000700002ef3cb0:   00007fd7a9d07ff8 0000000105a37aa0
0x0000700002ef3cc0:   0000700002ef3d50 00000001056b653c
0x0000700002ef3cd0:   0000000000000400 00007fd7a9d08030
0x0000700002ef3ce0:   00007fd7a9d08078 00007fd7a9d080b0
0x0000700002ef3cf0:   00000007a7ee3300 0000000700000400
0x0000700002ef3d00:   000000074310dd78 0000000400000001
0x0000700002ef3d10:   0000700002ef3d50 00000001056a9589
0x0000700002ef3d20:   000001d100001a53 0000000000000001
0x0000700002ef3d30:   0000700002ef3d80 0000000105a37aa0
0x0000700002ef3d40:   00007fd7a9d07ff0 0000700002ef3d6c
0x0000700002ef3d50:   0000700002ef3db0 00000001056a8cda
0x0000700002ef3d60:   00007fd7aa8f0f60 74551fe305470c87
0x0000700002ef3d70:   00000007a7ee3300 0000000000000200
0x0000700002ef3d80:   0000000000000000 00007fd7ab012800
0x0000700002ef3d90:   0000000000000000 000000010580c7c0
0x0000700002ef3da0:   00007fd7aa8f0f60 0000000000000001
0x0000700002ef3db0:   0000700002ef3e90 00000001054711ff
0x0000700002ef3dc0:   0000700002ef3df0 00007fd7a9e11560
0x0000700002ef3dd0:   00007fd7a9e11590 00007fd7a9e115a0
0x0000700002ef3de0:   00007fd7a9e11978 00000000000003d8
0x0000700002ef3df0:   00007fd7ab012800 00007fd7a9e11980 

Instructions: (pc=0x00000001054bda7a)
0x00000001054bda5a:   10 48 c1 ea 03 48 8d 0d d2 e7 55 00 8a 09 48 d3
0x00000001054bda6a:   ea 48 89 d1 48 83 e1 c0 48 c1 e9 03 48 8b 40 30
0x00000001054bda7a:   48 8b 04 08 48 0f a3 d0 72 5d 4c 89 f7 e8 74 6d
0x00000001054bda8a:   ee ff 4c 63 f8 48 8d 3d 8a d2 62 00 4c 89 f6 4c 

Register to memory mapping:

RAX=0x000000011595d000 is an unknown value
RBX=0x00007fd7a9d07ff0 is an unknown value
RCX=0x03ffffffe3002000 is an unknown value
RDX=0x1fffffff18010000 is an unknown value
RSP=0x0000700002ef3c00 is an unknown value
RBP=0x0000700002ef3c20 is an unknown value
RSI=0x000000074310dd98 is pointing into object: 0x000000074310dd78
[Ljava.lang.Object; 
 - klass: 'java/lang/Object'[]
 - length: 10
RDI=0x00007fd7a9d07ff0 is an unknown value
R8 =0x0000000000000062 is an unknown value
R9 =0x000000000000640d is an unknown value
R10=0x1000924092409201 is an unknown value
R11=0x0040000000000000 is an unknown value
R12=0x0000000000000004 is an unknown value
R13=0x000000074310dd98 is pointing into object: 0x000000074310dd78
[Ljava.lang.Object; 
 - klass: 'java/lang/Object'[]
 - length: 10
R14=0x0000000000080000 is an unknown value
R15=0x00007fd7a9d07ff0 is an unknown value


Stack: [0x0000700002df4000,0x0000700002ef4000],  sp=0x0000700002ef3c00,  free space=1023k
Native frames: (J=compiled Java code, j=interpreted, Vv=VM code, C=native code)
V  [libjvm.dylib+0x2c2a7a]
V  [libjvm.dylib+0x479708]
V  [libjvm.dylib+0x478aac]
V  [libjvm.dylib+0x4bb53c]
V  [libjvm.dylib+0x4adcda]
V  [libjvm.dylib+0x2761ff]
V  [libjvm.dylib+0x489ed2]
C  [libsystem_pthread.dylib+0x3aab]  _pthread_body+0xb4
C  [libsystem_pthread.dylib+0x39f7]  _pthread_body+0x0
C  [libsystem_pthread.dylib+0x3221]  thread_start+0xd


---------------  P R O C E S S  ---------------

Java Threads: ( => current thread )
  0x00007fd7aa9ed800 JavaThread "Resolver thread - Equinox Container: 20cfef4a-04bc-0016-140e-ca0ac8d756a9" daemon [_thread_blocked, id=37383, stack(0x0000700004130000,0x0000700004230000)]
  0x00007fd7aad53000 JavaThread "Bundle File Closer" daemon [_thread_blocked, id=37139, stack(0x000070000402d000,0x000070000412d000)]
  0x00007fd7aba25800 JavaThread "Refresh Thread: Equinox Container: 20cfef4a-04bc-0016-140e-ca0ac8d756a9" daemon [_thread_blocked, id=20483, stack(0x0000700003ea7000,0x0000700003fa7000)]
  0x00007fd7ab380800 JavaThread "Start Level: Equinox Container: 20cfef4a-04bc-0016-140e-ca0ac8d756a9" daemon [_thread_blocked, id=19971, stack(0x0000700003da4000,0x0000700003ea4000)]
  0x00007fd7ab188800 JavaThread "Framework Event Dispatcher: org.eclipse.osgi.internal.framework.EquinoxEventPublisher@69ea3742" daemon [_thread_blocked, id=19459, stack(0x0000700003ca1000,0x0000700003da1000)]
  0x00007fd7aa977000 JavaThread "Active Thread: Equinox Container: 20cfef4a-04bc-0016-140e-ca0ac8d756a9" [_thread_blocked, id=14343, stack(0x0000700003b9e000,0x0000700003c9e000)]
  0x00007fd7aa97d000 JavaThread "Resolver thread - Equinox Container: 20cfef4a-04bc-0016-140e-ca0ac8d756a9" daemon [_thread_blocked, id=15367, stack(0x0000700003a9b000,0x0000700003b9b000)]
  0x00007fd7aa97c800 JavaThread "Resolver thread - Equinox Container: 20cfef4a-04bc-0016-140e-ca0ac8d756a9" daemon [_thread_blocked, id=5127, stack(0x0000700002beb000,0x0000700002ceb000)]
  0x00007fd7aa840800 JavaThread "Service Thread" daemon [_thread_blocked, id=18179, stack(0x0000700003895000,0x0000700003995000)]
  0x00007fd7aa835800 JavaThread "C1 CompilerThread2" daemon [_thread_blocked, id=17667, stack(0x0000700003792000,0x0000700003892000)]
  0x00007fd7aa82d000 JavaThread "C2 CompilerThread1" daemon [_thread_blocked, id=17155, stack(0x000070000368f000,0x000070000378f000)]
  0x00007fd7aa82a000 JavaThread "C2 CompilerThread0" daemon [_thread_blocked, id=16643, stack(0x000070000358c000,0x000070000368c000)]
  0x00007fd7aa82b000 JavaThread "Signal Dispatcher" daemon [_thread_blocked, id=16135, stack(0x0000700003489000,0x0000700003589000)]
  0x00007fd7aa023800 JavaThread "Finalizer" daemon [_thread_blocked, id=12035, stack(0x0000700003303000,0x0000700003403000)]
  0x00007fd7aa003000 JavaThread "Reference Handler" daemon [_thread_blocked, id=11523, stack(0x0000700003200000,0x0000700003300000)]
  0x00007fd7ab006000 JavaThread "main" [_thread_blocked, id=775, stack(0x00007fff5af32000,0x00007fff5b732000)]

Other Threads:
  0x00007fd7aa827800 VMThread [stack: 0x00007000030fd000,0x00007000031fd000] [id=11011]
  0x00007fd7aa841800 WatcherThread [stack: 0x0000700003998000,0x0000700003a98000] [id=18691]

=>0x00007fd7ab012800 (exited) GCTaskThread [stack: 0x0000700002df4000,0x0000700002ef4000] [id=9475]

VM state:at safepoint (normal execution)

VM Mutex/Monitor currently owned by a thread:  ([mutex/lock_event])
[0x00007fd7a9e06b10] Threads_lock - owner thread: 0x00007fd7aa827800
[0x00007fd7a9e07010] Heap_lock - owner thread: 0x00007fd7aba25800

Heap:
 PSYoungGen      total 261632K, used 30183K [0x0000000795580000, 0x00000007ac680000, 0x00000007c0000000)
  eden space 231424K, 0% used [0x0000000795580000,0x0000000795580000,0x00000007a3780000)
  from space 30208K, 99% used [0x00000007a7100000,0x00000007a8e79d18,0x00000007a8e80000)
  to   space 58880K, 0% used [0x00000007a3780000,0x00000007a3780000,0x00000007a7100000)
 ParOldGen       total 98816K, used 98060K [0x0000000740000000, 0x0000000746080000, 0x0000000795580000)
  object space 98816K, 99% used [0x0000000740000000,0x0000000745fc3158,0x0000000746080000)
 Metaspace       used 11463K, capacity 11678K, committed 11776K, reserved 1060864K
  class space    used 1202K, capacity 1250K, committed 1280K, reserved 1048576K

Card table byte_map: [0x000000011555c000,0x000000011595d000] byte_map_base: 0x0000000111b5c000

Marking Bits: (ParMarkBitMap*) 0x0000000105aead20
 Begin Bits: [0x000000011595d000, 0x000000011795d000)
 End Bits:   [0x000000011795d000, 0x000000011995d000)

Polling page: 0x000000010458f000

CodeCache: size=245760Kb used=8432Kb max_used=8443Kb free=237327Kb
 bounds [0x000000010619c000, 0x00000001069ec000, 0x000000011519c000]
 total_blobs=2418 nmethods=2076 adapters=255
 compilation: enabled

Compilation events (10 events):
Event: 8.256 Thread 0x00007fd7aa82a000 2276       4       org.apache.felix.resolver.WrappedCapability::getNamespace (10 bytes)
Event: 8.257 Thread 0x00007fd7aa82a000 nmethod 2276 0x00000001069dc1d0 code [0x00000001069dc320, 0x00000001069dc3b8]
Event: 8.257 Thread 0x00007fd7aa82a000 2277       4       org.apache.felix.resolver.Candidates::getFirstCandidate (38 bytes)
Event: 8.263 Thread 0x00007fd7aa835800 nmethod 2271 0x00000001069dfc10 code [0x00000001069dfe60, 0x00000001069e0d38]
Event: 8.264 Thread 0x00007fd7aa82a000 nmethod 2277 0x00000001069dae50 code [0x00000001069db000, 0x00000001069db5a8]
Event: 8.264 Thread 0x00007fd7aa82a000 2278       4       java.util.concurrent.SynchronousQueue$TransferStack::awaitFulfill (166 bytes)
Event: 8.269 Thread 0x00007fd7aa82a000 nmethod 2278 0x00000001069e3150 code [0x00000001069e32c0, 0x00000001069e36b8]
Event: 8.270 Thread 0x00007fd7aa82a000 2251       4       org.apache.felix.resolver.ResolverImpl::mergeCandidatePackage (68 bytes)
Event: 8.294 Thread 0x00007fd7aa835800 2281       3       org.apache.felix.resolver.WrappedRequirement::hashCode (57 bytes)
Event: 8.294 Thread 0x00007fd7aa835800 nmethod 2281 0x00000001069da7d0 code [0x00000001069da960, 0x00000001069dad18]

GC Heap History (10 events):
Event: 6.583 GC heap after
Heap after GC invocations=4 (full 0):
 PSYoungGen      total 71680K, used 5107K [0x0000000795580000, 0x000000079a080000, 0x00000007c0000000)
  eden space 66560K, 0% used [0x0000000795580000,0x0000000795580000,0x0000000799680000)
  from space 5120K, 99% used [0x0000000799b80000,0x000000079a07cc00,0x000000079a080000)
  to   space 5120K, 0% used [0x0000000799680000,0x0000000799680000,0x0000000799b80000)
 ParOldGen       total 87552K, used 21030K [0x0000000740000000, 0x0000000745580000, 0x0000000795580000)
  object space 87552K, 24% used [0x0000000740000000,0x0000000741489bd0,0x0000000745580000)
 Metaspace       used 10966K, capacity 11134K, committed 11264K, reserved 1058816K
  class space    used 1191K, capacity 1218K, committed 1280K, reserved 1048576K
}
Event: 6.896 GC heap before
{Heap before GC invocations=5 (full 0):
 PSYoungGen      total 71680K, used 71667K [0x0000000795580000, 0x000000079a080000, 0x00000007c0000000)
  eden space 66560K, 100% used [0x0000000795580000,0x0000000799680000,0x0000000799680000)
  from space 5120K, 99% used [0x0000000799b80000,0x000000079a07cc00,0x000000079a080000)
  to   space 5120K, 0% used [0x0000000799680000,0x0000000799680000,0x0000000799b80000)
 ParOldGen       total 87552K, used 21030K [0x0000000740000000, 0x0000000745580000, 0x0000000795580000)
  object space 87552K, 24% used [0x0000000740000000,0x0000000741489bd0,0x0000000745580000)
 Metaspace       used 11137K, capacity 11262K, committed 11520K, reserved 1058816K
  class space    used 1192K, capacity 1218K, committed 1280K, reserved 1048576K
Event: 6.916 GC heap after
Heap after GC invocations=5 (full 0):
 PSYoungGen      total 71680K, used 5091K [0x0000000795580000, 0x000000079fb80000, 0x00000007c0000000)
  eden space 66560K, 0% used [0x0000000795580000,0x0000000795580000,0x0000000799680000)
  from space 5120K, 99% used [0x0000000799680000,0x0000000799b78d48,0x0000000799b80000)
  to   space 18432K, 0% used [0x000000079e980000,0x000000079e980000,0x000000079fb80000)
 ParOldGen       total 87552K, used 31997K [0x0000000740000000, 0x0000000745580000, 0x0000000795580000)
  object space 87552K, 36% used [0x0000000740000000,0x0000000741f3f520,0x0000000745580000)
 Metaspace       used 11137K, capacity 11262K, committed 11520K, reserved 1058816K
  class space    used 1192K, capacity 1218K, committed 1280K, reserved 1048576K
}
Event: 7.163 GC heap before
{Heap before GC invocations=6 (full 0):
 PSYoungGen      total 71680K, used 71651K [0x0000000795580000, 0x000000079fb80000, 0x00000007c0000000)
  eden space 66560K, 100% used [0x0000000795580000,0x0000000799680000,0x0000000799680000)
  from space 5120K, 99% used [0x0000000799680000,0x0000000799b78d48,0x0000000799b80000)
  to   space 18432K, 0% used [0x000000079e980000,0x000000079e980000,0x000000079fb80000)
 ParOldGen       total 87552K, used 31997K [0x0000000740000000, 0x0000000745580000, 0x0000000795580000)
  object space 87552K, 36% used [0x0000000740000000,0x0000000741f3f520,0x0000000745580000)
 Metaspace       used 11145K, capacity 11262K, committed 11520K, reserved 1058816K
  class space    used 1192K, capacity 1218K, committed 1280K, reserved 1048576K
Event: 7.185 GC heap after
Heap after GC invocations=6 (full 0):
 PSYoungGen      total 148480K, used 18416K [0x0000000795580000, 0x00000007a0180000, 0x00000007c0000000)
  eden space 130048K, 0% used [0x0000000795580000,0x0000000795580000,0x000000079d480000)
  from space 18432K, 99% used [0x000000079e980000,0x000000079fb7c080,0x000000079fb80000)
  to   space 21504K, 0% used [0x000000079d480000,0x000000079d480000,0x000000079e980000)
 ParOldGen       total 87552K, used 32895K [0x0000000740000000, 0x0000000745580000, 0x0000000795580000)
  object space 87552K, 37% used [0x0000000740000000,0x000000074201fd50,0x0000000745580000)
 Metaspace       used 11145K, capacity 11262K, committed 11520K, reserved 1058816K
  class space    used 1192K, capacity 1218K, committed 1280K, reserved 1048576K
}
Event: 7.785 GC heap before
{Heap before GC invocations=7 (full 0):
 PSYoungGen      total 148480K, used 148464K [0x0000000795580000, 0x00000007a0180000, 0x00000007c0000000)
  eden space 130048K, 100% used [0x0000000795580000,0x000000079d480000,0x000000079d480000)
  from space 18432K, 99% used [0x000000079e980000,0x000000079fb7c080,0x000000079fb80000)
  to   space 21504K, 0% used [0x000000079d480000,0x000000079d480000,0x000000079e980000)
 ParOldGen       total 87552K, used 32895K [0x0000000740000000, 0x0000000745580000, 0x0000000795580000)
  object space 87552K, 37% used [0x0000000740000000,0x000000074201fd50,0x0000000745580000)
 Metaspace       used 11296K, capacity 11454K, committed 11520K, reserved 1058816K
  class space    used 1196K, capacity 1218K, committed 1280K, reserved 1048576K
Event: 7.819 GC heap after
Heap after GC invocations=7 (full 0):
 PSYoungGen      total 151552K, used 21486K [0x0000000795580000, 0x00000007a8e80000, 0x00000007c0000000)
  eden space 130048K, 0% used [0x0000000795580000,0x0000000795580000,0x000000079d480000)
  from space 21504K, 99% used [0x000000079d480000,0x000000079e97b9d0,0x000000079e980000)
  to   space 30208K, 0% used [0x00000007a7100000,0x00000007a7100000,0x00000007a8e80000)
 ParOldGen       total 87552K, used 43537K [0x0000000740000000, 0x0000000745580000, 0x0000000795580000)
  object space 87552K, 49% used [0x0000000740000000,0x0000000742a846b8,0x0000000745580000)
 Metaspace       used 11296K, capacity 11454K, committed 11520K, reserved 1058816K
  class space    used 1196K, capacity 1218K, committed 1280K, reserved 1048576K
}
Event: 8.301 GC heap before
{Heap before GC invocations=8 (full 0):
 PSYoungGen      total 151552K, used 151534K [0x0000000795580000, 0x00000007a8e80000, 0x00000007c0000000)
  eden space 130048K, 100% used [0x0000000795580000,0x000000079d480000,0x000000079d480000)
  from space 21504K, 99% used [0x000000079d480000,0x000000079e97b9d0,0x000000079e980000)
  to   space 30208K, 0% used [0x00000007a7100000,0x00000007a7100000,0x00000007a8e80000)
 ParOldGen       total 87552K, used 43537K [0x0000000740000000, 0x0000000745580000, 0x0000000795580000)
  object space 87552K, 49% used [0x0000000740000000,0x0000000742a846b8,0x0000000745580000)
 Metaspace       used 11463K, capacity 11678K, committed 11776K, reserved 1060864K
  class space    used 1202K, capacity 1250K, committed 1280K, reserved 1048576K
Event: 8.399 GC heap after
Heap after GC invocations=8 (full 0):
 PSYoungGen      total 261632K, used 30183K [0x0000000795580000, 0x00000007ac680000, 0x00000007c0000000)
  eden space 231424K, 0% used [0x0000000795580000,0x0000000795580000,0x00000007a3780000)
  from space 30208K, 99% used [0x00000007a7100000,0x00000007a8e79d18,0x00000007a8e80000)
  to   space 58880K, 0% used [0x00000007a3780000,0x00000007a3780000,0x00000007a7100000)
 ParOldGen       total 98816K, used 98060K [0x0000000740000000, 0x0000000746080000, 0x0000000795580000)
  object space 98816K, 99% used [0x0000000740000000,0x0000000745fc3158,0x0000000746080000)
 Metaspace       used 11463K, capacity 11678K, committed 11776K, reserved 1060864K
  class space    used 1202K, capacity 1250K, committed 1280K, reserved 1048576K
}
Event: 8.399 GC heap before
{Heap before GC invocations=9 (full 1):
 PSYoungGen      total 261632K, used 30183K [0x0000000795580000, 0x00000007ac680000, 0x00000007c0000000)
  eden space 231424K, 0% used [0x0000000795580000,0x0000000795580000,0x00000007a3780000)
  from space 30208K, 99% used [0x00000007a7100000,0x00000007a8e79d18,0x00000007a8e80000)
  to   space 58880K, 0% used [0x00000007a3780000,0x00000007a3780000,0x00000007a7100000)
 ParOldGen       total 98816K, used 98060K [0x0000000740000000, 0x0000000746080000, 0x0000000795580000)
  object space 98816K, 99% used [0x0000000740000000,0x0000000745fc3158,0x0000000746080000)
 Metaspace       used 11463K, capacity 11678K, committed 11776K, reserved 1060864K
  class space    used 1202K, capacity 1250K, committed 1280K, reserved 1048576K

Deoptimization events (10 events):
Event: 8.100 Thread 0x00007fd7aba25800 Uncommon trap: reason=class_check action=maybe_recompile pc=0x00000001068f19a8 method=org.apache.felix.resolver.util.CopyOnWriteSet.add(Ljava/lang/Object;)Z @ 57
Event: 8.103 Thread 0x00007fd7aba25800 Uncommon trap: reason=unstable_if action=reinterpret pc=0x0000000106950734 method=org.apache.felix.resolver.util.OpenHashMap.insert(Ljava/lang/Object;Ljava/lang/Object;)I @ 64
Event: 8.143 Thread 0x00007fd7aba25800 Uncommon trap: reason=class_check action=maybe_recompile pc=0x0000000106970808 method=java.util.Collections$UnmodifiableCollection$1.<init>(Ljava/util/Collections$UnmodifiableCollection;)V @ 17
Event: 8.145 Thread 0x00007fd7aba25800 Uncommon trap: reason=class_check action=maybe_recompile pc=0x0000000106970808 method=java.util.Collections$UnmodifiableCollection$1.<init>(Ljava/util/Collections$UnmodifiableCollection;)V @ 17
Event: 8.146 Thread 0x00007fd7aba25800 Uncommon trap: reason=class_check action=maybe_recompile pc=0x0000000106970808 method=java.util.Collections$UnmodifiableCollection$1.<init>(Ljava/util/Collections$UnmodifiableCollection;)V @ 17
Event: 8.146 Thread 0x00007fd7aba25800 Uncommon trap: reason=class_check action=maybe_recompile pc=0x0000000106970808 method=java.util.Collections$UnmodifiableCollection$1.<init>(Ljava/util/Collections$UnmodifiableCollection;)V @ 17
Event: 8.194 Thread 0x00007fd7aba25800 Uncommon trap: reason=null_check action=make_not_entrant pc=0x000000010699d858 method=org.apache.felix.resolver.Util.isDynamic(Lorg/osgi/resource/Requirement;)Z @ 15
Event: 8.194 Thread 0x00007fd7aa97c800 Uncommon trap: reason=null_check action=make_not_entrant pc=0x000000010699d858 method=org.apache.felix.resolver.Util.isDynamic(Lorg/osgi/resource/Requirement;)Z @ 15
Event: 8.194 Thread 0x00007fd7aa97d000 Uncommon trap: reason=null_check action=make_not_entrant pc=0x000000010699d858 method=org.apache.felix.resolver.Util.isDynamic(Lorg/osgi/resource/Requirement;)Z @ 15
Event: 8.194 Thread 0x00007fd7aa9ed800 Uncommon trap: reason=null_check action=make_not_entrant pc=0x000000010699d858 method=org.apache.felix.resolver.Util.isDynamic(Lorg/osgi/resource/Requirement;)Z @ 15

Internal exceptions (10 events):
Event: 5.872 Thread 0x00007fd7aba25800 Exception <a 'java/lang/ArrayIndexOutOfBoundsException'> (0x0000000795a5b678) thrown at [/Users/java_re/workspace/8-2-build-macosx-x86_64/jdk8u102/7268/hotspot/src/share/vm/runtime/sharedRuntime.cpp, line 605]
Event: 5.880 Thread 0x00007fd7aba25800 Exception <a 'java/lang/ArrayIndexOutOfBoundsException'> (0x0000000795a830b8) thrown at [/Users/java_re/workspace/8-2-build-macosx-x86_64/jdk8u102/7268/hotspot/src/share/vm/runtime/sharedRuntime.cpp, line 605]
Event: 5.880 Thread 0x00007fd7aba25800 Exception <a 'java/lang/ArrayIndexOutOfBoundsException'> (0x0000000795a84320) thrown at [/Users/java_re/workspace/8-2-build-macosx-x86_64/jdk8u102/7268/hotspot/src/share/vm/runtime/sharedRuntime.cpp, line 605]
Event: 5.880 Thread 0x00007fd7aba25800 Exception <a 'java/lang/ArrayIndexOutOfBoundsException'> (0x0000000795a858b8) thrown at [/Users/java_re/workspace/8-2-build-macosx-x86_64/jdk8u102/7268/hotspot/src/share/vm/runtime/sharedRuntime.cpp, line 605]
Event: 5.888 Thread 0x00007fd7aba25800 Exception <a 'java/lang/ArrayIndexOutOfBoundsException'> (0x0000000795aab758) thrown at [/Users/java_re/workspace/8-2-build-macosx-x86_64/jdk8u102/7268/hotspot/src/share/vm/runtime/sharedRuntime.cpp, line 605]
Event: 5.891 Thread 0x00007fd7aba25800 Exception <a 'java/lang/ArrayIndexOutOfBoundsException'> (0x0000000795ab9b88) thrown at [/Users/java_re/workspace/8-2-build-macosx-x86_64/jdk8u102/7268/hotspot/src/share/vm/runtime/sharedRuntime.cpp, line 605]
Event: 8.194 Thread 0x00007fd7aba25800 Implicit null exception at 0x000000010699d27d to 0x000000010699d84d
Event: 8.194 Thread 0x00007fd7aa97d000 Implicit null exception at 0x000000010699d27d to 0x000000010699d84d
Event: 8.194 Thread 0x00007fd7aa97c800 Implicit null exception at 0x000000010699d27d to 0x000000010699d84d
Event: 8.194 Thread 0x00007fd7aa9ed800 Implicit null exception at 0x000000010699d27d to 0x000000010699d84d

Events (10 events):
Event: 8.232 Thread 0x00007fd7aba25800 DEOPT UNPACKING pc=0x00000001061e3633 sp=0x0000700003fa55a0 mode 0
Event: 8.237 Thread 0x00007fd7aba25800 DEOPT PACKING pc=0x00000001069c8f84 sp=0x0000700003fa56e0
Event: 8.237 Thread 0x00007fd7aba25800 DEOPT UNPACKING pc=0x00000001061e3633 sp=0x0000700003fa54c0 mode 0
Event: 8.244 Thread 0x00007fd7aba25800 DEOPT PACKING pc=0x00000001069c8f84 sp=0x0000700003fa56e0
Event: 8.244 Thread 0x00007fd7aba25800 DEOPT UNPACKING pc=0x00000001061e3633 sp=0x0000700003fa54c0 mode 0
Event: 8.245 Thread 0x00007fd7aa9ed800 DEOPT PACKING pc=0x00000001069c8f84 sp=0x000070000422f0d0
Event: 8.245 Thread 0x00007fd7aa9ed800 DEOPT UNPACKING pc=0x00000001061e3633 sp=0x000070000422eeb0 mode 0
Event: 8.246 Thread 0x00007fd7aa97c800 DEOPT PACKING pc=0x00000001069c8f84 sp=0x0000700002cea0d0
Event: 8.246 Thread 0x00007fd7aa97c800 DEOPT UNPACKING pc=0x00000001061e3633 sp=0x0000700002ce9eb0 mode 0
Event: 8.301 Executing VM operation: ParallelGCFailedAllocation


Dynamic libraries:
0x00000000339f5000 	/System/Library/Frameworks/Cocoa.framework/Versions/A/Cocoa
0x00000000339f5000 	/System/Library/Frameworks/Security.framework/Versions/A/Security
0x00000000339f5000 	/System/Library/Frameworks/ApplicationServices.framework/Versions/A/ApplicationServices
0x00000000339f5000 	/usr/lib/libz.1.dylib
0x00000000339f5000 	/usr/lib/libSystem.B.dylib
0x00000000339f5000 	/usr/lib/libobjc.A.dylib
0x00000000339f5000 	/System/Library/Frameworks/CoreFoundation.framework/Versions/A/CoreFoundation
0x00000000339f5000 	/System/Library/Frameworks/Foundation.framework/Versions/C/Foundation
0x00000000339f5000 	/System/Library/Frameworks/AppKit.framework/Versions/C/AppKit
0x00000000339f5000 	/System/Library/Frameworks/CoreData.framework/Versions/A/CoreData
0x00000000339f5000 	/System/Library/PrivateFrameworks/RemoteViewServices.framework/Versions/A/RemoteViewServices
0x00000000339f5000 	/System/Library/PrivateFrameworks/UIFoundation.framework/Versions/A/UIFoundation
0x00000000339f5000 	/usr/lib/libenergytrace.dylib
0x00000000339f5000 	/System/Library/PrivateFrameworks/SkyLight.framework/Versions/A/SkyLight
0x00000000339f5000 	/System/Library/Frameworks/CoreGraphics.framework/Versions/A/CoreGraphics
0x00000000339f5000 	/usr/lib/libScreenReader.dylib
0x00000000339f5000 	/System/Library/Frameworks/Accelerate.framework/Versions/A/Accelerate
0x00000000339f5000 	/System/Library/Frameworks/IOSurface.framework/Versions/A/IOSurface
0x00000000339f5000 	/System/Library/Frameworks/AudioToolbox.framework/Versions/A/AudioToolbox
0x00000000339f5000 	/System/Library/Frameworks/AudioUnit.framework/Versions/A/AudioUnit
0x00000000339f5000 	/System/Library/PrivateFrameworks/DataDetectorsCore.framework/Versions/A/DataDetectorsCore
0x00000000339f5000 	/System/Library/PrivateFrameworks/DesktopServicesPriv.framework/Versions/A/DesktopServicesPriv
0x00000000339f5000 	/System/Library/Frameworks/Carbon.framework/Versions/A/Frameworks/HIToolbox.framework/Versions/A/HIToolbox
0x00000000339f5000 	/usr/lib/libicucore.A.dylib
0x00000000339f5000 	/System/Library/Frameworks/QuartzCore.framework/Versions/A/QuartzCore
0x00000000339f5000 	/System/Library/Frameworks/Carbon.framework/Versions/A/Frameworks/SpeechRecognition.framework/Versions/A/SpeechRecognition
0x00000000339f5000 	/usr/lib/libauto.dylib
0x00000000339f5000 	/usr/lib/libxml2.2.dylib
0x00000000339f5000 	/System/Library/PrivateFrameworks/CoreUI.framework/Versions/A/CoreUI
0x00000000339f5000 	/System/Library/Frameworks/CoreAudio.framework/Versions/A/CoreAudio
0x00000000339f5000 	/System/Library/Frameworks/DiskArbitration.framework/Versions/A/DiskArbitration
0x00000000339f5000 	/usr/lib/liblangid.dylib
0x00000000339f5000 	/System/Library/PrivateFrameworks/MultitouchSupport.framework/Versions/A/MultitouchSupport
0x00000000339f5000 	/System/Library/Frameworks/IOKit.framework/Versions/A/IOKit
0x00000000339f5000 	/usr/lib/libDiagnosticMessagesClient.dylib
0x00000000339f5000 	/System/Library/Frameworks/CoreServices.framework/Versions/A/CoreServices
0x00000000339f5000 	/System/Library/PrivateFrameworks/PerformanceAnalysis.framework/Versions/A/PerformanceAnalysis
0x00000000339f5000 	/System/Library/PrivateFrameworks/GenerationalStorage.framework/Versions/A/GenerationalStorage
0x00000000339f5000 	/System/Library/Frameworks/OpenGL.framework/Versions/A/OpenGL
0x00000000339f5000 	/System/Library/Frameworks/CoreImage.framework/Versions/A/CoreImage
0x00000000339f5000 	/System/Library/Frameworks/CoreText.framework/Versions/A/CoreText
0x00000000339f5000 	/System/Library/Frameworks/ImageIO.framework/Versions/A/ImageIO
0x00000000339f5000 	/System/Library/PrivateFrameworks/Backup.framework/Versions/A/Backup
0x00000000339f5000 	/usr/lib/libarchive.2.dylib
0x00000000339f5000 	/System/Library/Frameworks/CFNetwork.framework/Versions/A/CFNetwork
0x00000000339f5000 	/System/Library/Frameworks/SystemConfiguration.framework/Versions/A/SystemConfiguration
0x00000000339f5000 	/usr/lib/libCRFSuite.dylib
0x00000000339f5000 	/usr/lib/libc++.1.dylib
0x00000000339f5000 	/usr/lib/libc++abi.dylib
0x00000000339f5000 	/usr/lib/system/libcache.dylib
0x00000000339f5000 	/usr/lib/system/libcommonCrypto.dylib
0x00000000339f5000 	/usr/lib/system/libcompiler_rt.dylib
0x00000000339f5000 	/usr/lib/system/libcopyfile.dylib
0x00000000339f5000 	/usr/lib/system/libcorecrypto.dylib
0x00000000339f5000 	/usr/lib/system/libdispatch.dylib
0x00000000339f5000 	/usr/lib/system/libdyld.dylib
0x00000000339f5000 	/usr/lib/system/libkeymgr.dylib
0x00000000339f5000 	/usr/lib/system/liblaunch.dylib
0x00000000339f5000 	/usr/lib/system/libmacho.dylib
0x00000000339f5000 	/usr/lib/system/libquarantine.dylib
0x00000000339f5000 	/usr/lib/system/libremovefile.dylib
0x00000000339f5000 	/usr/lib/system/libsystem_asl.dylib
0x00000000339f5000 	/usr/lib/system/libsystem_blocks.dylib
0x00000000339f5000 	/usr/lib/system/libsystem_c.dylib
0x00000000339f5000 	/usr/lib/system/libsystem_configuration.dylib
0x00000000339f5000 	/usr/lib/system/libsystem_coreservices.dylib
0x00000000339f5000 	/usr/lib/system/libsystem_coretls.dylib
0x00000000339f5000 	/usr/lib/system/libsystem_dnssd.dylib
0x00000000339f5000 	/usr/lib/system/libsystem_info.dylib
0x00000000339f5000 	/usr/lib/system/libsystem_kernel.dylib
0x00000000339f5000 	/usr/lib/system/libsystem_m.dylib
0x00000000339f5000 	/usr/lib/system/libsystem_malloc.dylib
0x00000000339f5000 	/usr/lib/system/libsystem_network.dylib
0x00000000339f5000 	/usr/lib/system/libsystem_networkextension.dylib
0x00000000339f5000 	/usr/lib/system/libsystem_notify.dylib
0x00000000339f5000 	/usr/lib/system/libsystem_platform.dylib
0x00000000339f5000 	/usr/lib/system/libsystem_pthread.dylib
0x00000000339f5000 	/usr/lib/system/libsystem_sandbox.dylib
0x00000000339f5000 	/usr/lib/system/libsystem_secinit.dylib
0x00000000339f5000 	/usr/lib/system/libsystem_symptoms.dylib
0x00000000339f5000 	/usr/lib/system/libsystem_trace.dylib
0x00000000339f5000 	/usr/lib/system/libunwind.dylib
0x00000000339f5000 	/usr/lib/system/libxpc.dylib
0x00000000339f5000 	/usr/lib/libbsm.0.dylib
0x00000000339f5000 	/usr/lib/system/libkxld.dylib
0x00000000339f5000 	/usr/lib/libcoretls.dylib
0x00000000339f5000 	/usr/lib/libcoretls_cfhelpers.dylib
0x00000000339f5000 	/usr/lib/libxar.1.dylib
0x00000000339f5000 	/usr/lib/libsqlite3.dylib
0x00000000339f5000 	/usr/lib/libpam.2.dylib
0x00000000339f5000 	/usr/lib/libOpenScriptingUtil.dylib
0x00000000339f5000 	/usr/lib/libbz2.1.0.dylib
0x00000000339f5000 	/usr/lib/liblzma.5.dylib
0x00000000339f5000 	/usr/lib/libnetwork.dylib
0x00000000339f5000 	/usr/lib/libpcap.A.dylib
0x00000000339f5000 	/System/Library/Frameworks/CoreServices.framework/Versions/A/Frameworks/FSEvents.framework/Versions/A/FSEvents
0x00000000339f5000 	/System/Library/Frameworks/CoreServices.framework/Versions/A/Frameworks/CarbonCore.framework/Versions/A/CarbonCore
0x00000000339f5000 	/System/Library/Frameworks/CoreServices.framework/Versions/A/Frameworks/Metadata.framework/Versions/A/Metadata
0x00000000339f5000 	/System/Library/Frameworks/CoreServices.framework/Versions/A/Frameworks/OSServices.framework/Versions/A/OSServices
0x00000000339f5000 	/System/Library/Frameworks/CoreServices.framework/Versions/A/Frameworks/SearchKit.framework/Versions/A/SearchKit
0x00000000339f5000 	/System/Library/Frameworks/CoreServices.framework/Versions/A/Frameworks/AE.framework/Versions/A/AE
0x00000000339f5000 	/System/Library/Frameworks/CoreServices.framework/Versions/A/Frameworks/LaunchServices.framework/Versions/A/LaunchServices
0x00000000339f5000 	/System/Library/Frameworks/CoreServices.framework/Versions/A/Frameworks/DictionaryServices.framework/Versions/A/DictionaryServices
0x00000000339f5000 	/System/Library/Frameworks/CoreServices.framework/Versions/A/Frameworks/SharedFileList.framework/Versions/A/SharedFileList
0x00000000339f5000 	/System/Library/Frameworks/NetFS.framework/Versions/A/NetFS
0x00000000339f5000 	/System/Library/PrivateFrameworks/NetAuth.framework/Versions/A/NetAuth
0x00000000339f5000 	/System/Library/PrivateFrameworks/login.framework/Versions/A/Frameworks/loginsupport.framework/Versions/A/loginsupport
0x00000000339f5000 	/System/Library/PrivateFrameworks/TCC.framework/Versions/A/TCC
0x00000000339f5000 	/usr/lib/libmecabra.dylib
0x00000000339f5000 	/System/Library/Frameworks/ApplicationServices.framework/Versions/A/Frameworks/ATS.framework/Versions/A/ATS
0x00000000339f5000 	/System/Library/Frameworks/ApplicationServices.framework/Versions/A/Frameworks/ColorSync.framework/Versions/A/ColorSync
0x00000000339f5000 	/System/Library/Frameworks/ApplicationServices.framework/Versions/A/Frameworks/HIServices.framework/Versions/A/HIServices
0x00000000339f5000 	/System/Library/Frameworks/ApplicationServices.framework/Versions/A/Frameworks/LangAnalysis.framework/Versions/A/LangAnalysis
0x00000000339f5000 	/System/Library/Frameworks/ApplicationServices.framework/Versions/A/Frameworks/PrintCore.framework/Versions/A/PrintCore
0x00000000339f5000 	/System/Library/Frameworks/ApplicationServices.framework/Versions/A/Frameworks/QD.framework/Versions/A/QD
0x00000000339f5000 	/System/Library/Frameworks/ApplicationServices.framework/Versions/A/Frameworks/SpeechSynthesis.framework/Versions/A/SpeechSynthesis
0x00000000339f5000 	/System/Library/Frameworks/Accelerate.framework/Versions/A/Frameworks/vImage.framework/Versions/A/vImage
0x00000000339f5000 	/System/Library/Frameworks/Accelerate.framework/Versions/A/Frameworks/vecLib.framework/Versions/A/vecLib
0x00000000339f5000 	/System/Library/Frameworks/Accelerate.framework/Versions/A/Frameworks/vecLib.framework/Versions/A/libvDSP.dylib
0x00000000339f5000 	/System/Library/Frameworks/Accelerate.framework/Versions/A/Frameworks/vecLib.framework/Versions/A/libBNNS.dylib
0x00000000339f5000 	/System/Library/Frameworks/Accelerate.framework/Versions/A/Frameworks/vecLib.framework/Versions/A/libQuadrature.dylib
0x00000000339f5000 	/System/Library/Frameworks/Accelerate.framework/Versions/A/Frameworks/vecLib.framework/Versions/A/libvMisc.dylib
0x00000000339f5000 	/System/Library/Frameworks/Accelerate.framework/Versions/A/Frameworks/vecLib.framework/Versions/A/libLAPACK.dylib
0x00000000339f5000 	/System/Library/Frameworks/Accelerate.framework/Versions/A/Frameworks/vecLib.framework/Versions/A/libBLAS.dylib
0x00000000339f5000 	/System/Library/Frameworks/Accelerate.framework/Versions/A/Frameworks/vecLib.framework/Versions/A/libLinearAlgebra.dylib
0x00000000339f5000 	/System/Library/Frameworks/Accelerate.framework/Versions/A/Frameworks/vecLib.framework/Versions/A/libSparseBLAS.dylib
0x00000000339f5000 	/System/Library/Frameworks/ApplicationServices.framework/Versions/A/Frameworks/ATS.framework/Versions/A/Resources/libFontParser.dylib
0x00000000339f5000 	/System/Library/Frameworks/ApplicationServices.framework/Versions/A/Frameworks/ATS.framework/Versions/A/Resources/libFontRegistry.dylib
0x00000000339f5000 	/System/Library/Frameworks/ImageIO.framework/Versions/A/Resources/libJPEG.dylib
0x00000000339f5000 	/System/Library/Frameworks/ImageIO.framework/Versions/A/Resources/libTIFF.dylib
0x00000000339f5000 	/System/Library/Frameworks/ImageIO.framework/Versions/A/Resources/libPng.dylib
0x00000000339f5000 	/System/Library/Frameworks/ImageIO.framework/Versions/A/Resources/libGIF.dylib
0x00000000339f5000 	/System/Library/Frameworks/ImageIO.framework/Versions/A/Resources/libJP2.dylib
0x00000000339f5000 	/System/Library/Frameworks/ImageIO.framework/Versions/A/Resources/libRadiance.dylib
0x00000000339f5000 	/usr/lib/libcompression.dylib
0x00000000339f5000 	/System/Library/PrivateFrameworks/AppleJPEG.framework/Versions/A/AppleJPEG
0x00000000339f5000 	/usr/lib/libcups.2.dylib
0x00000000339f5000 	/System/Library/Frameworks/Kerberos.framework/Versions/A/Kerberos
0x00000000339f5000 	/System/Library/Frameworks/GSS.framework/Versions/A/GSS
0x00000000339f5000 	/usr/lib/libresolv.9.dylib
0x00000000339f5000 	/usr/lib/libiconv.2.dylib
0x00000000339f5000 	/System/Library/PrivateFrameworks/Heimdal.framework/Versions/A/Heimdal
0x00000000339f5000 	/usr/lib/libheimdal-asn1.dylib
0x00000000339f5000 	/System/Library/Frameworks/OpenDirectory.framework/Versions/A/OpenDirectory
0x00000000339f5000 	/System/Library/PrivateFrameworks/CommonAuth.framework/Versions/A/CommonAuth
0x00000000339f5000 	/System/Library/Frameworks/OpenDirectory.framework/Versions/A/Frameworks/CFOpenDirectory.framework/Versions/A/CFOpenDirectory
0x00000000339f5000 	/System/Library/Frameworks/SecurityFoundation.framework/Versions/A/SecurityFoundation
0x00000000339f5000 	/System/Library/PrivateFrameworks/LanguageModeling.framework/Versions/A/LanguageModeling
0x00000000339f5000 	/usr/lib/libmarisa.dylib
0x00000000339f5000 	/usr/lib/libChineseTokenizer.dylib
0x00000000339f5000 	/usr/lib/libcmph.dylib
0x00000000339f5000 	/System/Library/PrivateFrameworks/CoreEmoji.framework/Versions/A/CoreEmoji
0x00000000339f5000 	/System/Library/Frameworks/ServiceManagement.framework/Versions/A/ServiceManagement
0x00000000339f5000 	/usr/lib/libxslt.1.dylib
0x00000000339f5000 	/System/Library/Frameworks/Carbon.framework/Versions/A/Frameworks/Ink.framework/Versions/A/Ink
0x00000000339f5000 	/System/Library/PrivateFrameworks/TextureIO.framework/Versions/A/TextureIO
0x00000000339f5000 	/System/Library/Frameworks/Metal.framework/Versions/A/Metal
0x00000000339f5000 	/usr/lib/libate.dylib
0x00000000339f5000 	/System/Library/PrivateFrameworks/GPUCompiler.framework/libmetal_timestamp.dylib
0x00000000339f5000 	/System/Library/Frameworks/OpenGL.framework/Versions/A/Libraries/libCoreFSCache.dylib
0x00000000339f5000 	/System/Library/PrivateFrameworks/IOAccelerator.framework/Versions/A/IOAccelerator
0x00000000339f5000 	/System/Library/Frameworks/CoreVideo.framework/Versions/A/CoreVideo
0x00000000339f5000 	/usr/lib/libFosl_dynamic.dylib
0x00000000339f5000 	/System/Library/PrivateFrameworks/MetalPerformanceShaders.framework/Versions/A/MetalPerformanceShaders
0x00000000339f5000 	/System/Library/PrivateFrameworks/FaceCore.framework/Versions/A/FaceCore
0x00000000339f5000 	/System/Library/Frameworks/OpenCL.framework/Versions/A/OpenCL
0x00000000339f5000 	/System/Library/Frameworks/OpenGL.framework/Versions/A/Libraries/libGLU.dylib
0x00000000339f5000 	/System/Library/Frameworks/OpenGL.framework/Versions/A/Libraries/libGFXShared.dylib
0x00000000339f5000 	/System/Library/Frameworks/OpenGL.framework/Versions/A/Libraries/libGL.dylib
0x00000000339f5000 	/System/Library/Frameworks/OpenGL.framework/Versions/A/Libraries/libGLImage.dylib
0x00000000339f5000 	/System/Library/Frameworks/OpenGL.framework/Versions/A/Libraries/libCVMSPluginSupport.dylib
0x00000000339f5000 	/System/Library/Frameworks/OpenGL.framework/Versions/A/Libraries/libCoreVMClient.dylib
0x00000000339f5000 	/System/Library/PrivateFrameworks/CrashReporterSupport.framework/Versions/A/CrashReporterSupport
0x00000000339f5000 	/System/Library/PrivateFrameworks/Sharing.framework/Versions/A/Sharing
0x00000000339f5000 	/System/Library/PrivateFrameworks/IconServices.framework/Versions/A/IconServices
0x00000000339f5000 	/System/Library/PrivateFrameworks/ProtocolBuffer.framework/Versions/A/ProtocolBuffer
0x00000000339f5000 	/System/Library/PrivateFrameworks/Apple80211.framework/Versions/A/Apple80211
0x00000000339f5000 	/System/Library/Frameworks/CoreWLAN.framework/Versions/A/CoreWLAN
0x00000000339f5000 	/System/Library/PrivateFrameworks/CoreUtils.framework/Versions/A/CoreUtils
0x00000000339f5000 	/System/Library/Frameworks/IOBluetooth.framework/Versions/A/IOBluetooth
0x00000000339f5000 	/System/Library/PrivateFrameworks/CoreWiFi.framework/Versions/A/CoreWiFi
0x00000000339f5000 	/System/Library/Frameworks/CoreBluetooth.framework/Versions/A/CoreBluetooth
0x00000000339f5000 	/System/Library/Frameworks/CoreDisplay.framework/Versions/A/CoreDisplay
0x00000000339f5000 	/System/Library/PrivateFrameworks/IOPresentment.framework/Versions/A/IOPresentment
0x00000000339f5000 	/System/Library/PrivateFrameworks/DebugSymbols.framework/Versions/A/DebugSymbols
0x00000000339f5000 	/System/Library/PrivateFrameworks/CoreSymbolication.framework/Versions/A/CoreSymbolication
0x00000000339f5000 	/System/Library/PrivateFrameworks/Symbolication.framework/Versions/A/Symbolication
0x00000000339f5000 	/System/Library/PrivateFrameworks/AppleFSCompression.framework/Versions/A/AppleFSCompression
0x00000000339f5000 	/System/Library/PrivateFrameworks/SpeechRecognitionCore.framework/Versions/A/SpeechRecognitionCore
0x00000000339f5000 	/System/Library/PrivateFrameworks/ChunkingLibrary.framework/Versions/A/ChunkingLibrary
0x00000001051fb000 	/Library/Java/JavaVirtualMachines/jdk1.8.0_102.jdk/Contents/Home/jre/lib/server/libjvm.dylib
0x00000000339f5000 	/usr/lib/libstdc++.6.dylib
0x000000010454c000 	/Library/Java/JavaVirtualMachines/jdk1.8.0_102.jdk/Contents/Home/jre/lib/libverify.dylib
0x000000010455a000 	/Library/Java/JavaVirtualMachines/jdk1.8.0_102.jdk/Contents/Home/jre/lib/libjava.dylib
0x0000000104598000 	/Library/Java/JavaVirtualMachines/jdk1.8.0_102.jdk/Contents/Home/jre/lib/libzip.dylib
0x000000011b758000 	/System/Library/Frameworks/JavaVM.framework/Frameworks/JavaRuntimeSupport.framework/JavaRuntimeSupport
0x0000000105157000 	/System/Library/Frameworks/JavaVM.framework/Versions/A/Frameworks/JavaNativeFoundation.framework/Versions/A/JavaNativeFoundation
0x000000011b772000 	/System/Library/Frameworks/JavaVM.framework/Versions/A/JavaVM
0x00000000339f5000 	/System/Library/Frameworks/Carbon.framework/Versions/A/Carbon
0x000000011b77f000 	/System/Library/PrivateFrameworks/JavaLaunching.framework/Versions/A/JavaLaunching
0x00000000339f5000 	/System/Library/Frameworks/Carbon.framework/Versions/A/Frameworks/CommonPanels.framework/Versions/A/CommonPanels
0x00000000339f5000 	/System/Library/Frameworks/Carbon.framework/Versions/A/Frameworks/Help.framework/Versions/A/Help
0x00000000339f5000 	/System/Library/Frameworks/Carbon.framework/Versions/A/Frameworks/ImageCapture.framework/Versions/A/ImageCapture
0x00000000339f5000 	/System/Library/Frameworks/Carbon.framework/Versions/A/Frameworks/OpenScripting.framework/Versions/A/OpenScripting
0x00000000339f5000 	/System/Library/Frameworks/Carbon.framework/Versions/A/Frameworks/Print.framework/Versions/A/Print
0x00000000339f5000 	/System/Library/Frameworks/Carbon.framework/Versions/A/Frameworks/SecurityHI.framework/Versions/A/SecurityHI
0x000000011d0e0000 	/Library/Java/JavaVirtualMachines/jdk1.8.0_102.jdk/Contents/Home/jre/lib/libnet.dylib
0x000000011d166000 	/Library/Java/JavaVirtualMachines/jdk1.8.0_102.jdk/Contents/Home/jre/lib/libnio.dylib
0x000000011d176000 	/Applications/Eclipse.app/Contents/Eclipse/plugins/org.eclipse.equinox.launcher.cocoa.macosx.x86_64_1.1.400.v20160518-1444/eclipse_1615.so
0x00000000339f5000 	/System/Library/PrivateFrameworks/CoreServicesInternal.framework/Versions/A/CoreServicesInternal
0x00000000339f5000 	/System/Library/PrivateFrameworks/FamilyControls.framework/Versions/A/FamilyControls
0x00000000339f5000 	/System/Library/PrivateFrameworks/CommerceKit.framework/Versions/A/Frameworks/CommerceCore.framework/Versions/A/CommerceCore
0x00000000339f5000 	/System/Library/PrivateFrameworks/SystemAdministration.framework/Versions/A/SystemAdministration
0x00000000339f5000 	/System/Library/PrivateFrameworks/AppContainer.framework/Versions/A/AppContainer
0x00000000339f5000 	/System/Library/PrivateFrameworks/SecCodeWrapper.framework/Versions/A/SecCodeWrapper
0x00000000339f5000 	/System/Library/Frameworks/DirectoryService.framework/Versions/A/DirectoryService
0x00000000339f5000 	/System/Library/PrivateFrameworks/DiskImages.framework/Versions/A/DiskImages
0x00000000339f5000 	/System/Library/PrivateFrameworks/LoginUIKit.framework/Versions/A/Frameworks/LoginUICore.framework/Versions/A/LoginUICore
0x00000000339f5000 	/usr/lib/libCoreStorage.dylib
0x00000000339f5000 	/usr/lib/libcsfde.dylib
0x00000000339f5000 	/usr/lib/libodfde.dylib
0x00000000339f5000 	/System/Library/Frameworks/DiscRecording.framework/Versions/A/DiscRecording
0x00000000339f5000 	/usr/lib/libcurl.4.dylib
0x00000000339f5000 	/System/Library/PrivateFrameworks/MediaKit.framework/Versions/A/MediaKit
0x00000000339f5000 	/System/Library/PrivateFrameworks/ProtectedCloudStorage.framework/Versions/A/ProtectedCloudStorage
0x00000000339f5000 	/System/Library/PrivateFrameworks/EFILogin.framework/Versions/A/EFILogin
0x00000000339f5000 	/usr/lib/libutil.dylib
0x00000000339f5000 	/System/Library/Frameworks/LDAP.framework/Versions/A/LDAP
0x00000000339f5000 	/usr/lib/libsasl2.2.dylib
0x00000000339f5000 	/System/Library/PrivateFrameworks/CoreDaemon.framework/Versions/B/CoreDaemon
0x00000000339f5000 	/System/Library/PrivateFrameworks/AppleSRP.framework/Versions/A/AppleSRP
0x00000000339f5000 	/System/Library/PrivateFrameworks/APFS.framework/Versions/A/APFS
0x000000011dd84000 	/Library/Java/JavaVirtualMachines/jdk1.8.0_102.jdk/Contents/Home/jre/lib/libmanagement.dylib

VM Arguments:
jvm_args: -ea -Declipse.pde.launch=true -Declipse.p2.data.area=@config.dir/p2 -Dfile.encoding=UTF-8 -Xbootclasspath/p:/Applications/Eclipse.app/Contents/Eclipse/plugins/org.eclipse.jdt.debug_3.10.1.v20160811-0441/jdi.jar 
java_command: org.eclipse.equinox.launcher.Main -os macosx -ws cocoa -arch x86_64 -nl en_US -consoleLog -version 3 -port 49259 -testLoaderClass org.eclipse.jdt.internal.junit4.runner.JUnit4TestLoader -loaderpluginname org.eclipse.jdt.junit4.runtime -classNames test.TestPlugin -application org.eclipse.swtbot.eclipse.core.swtbottestapplication -product org.eclipse.sdk.ide -data /Users/helena/Documents/workspace/../junit-workspace -configuration file:/Users/helena/Documents/workspace/.metadata/.plugins/org.eclipse.pde.core/pde-junit/ -dev file:/Users/helena/Documents/workspace/.metadata/.plugins/org.eclipse.pde.core/pde-junit/dev.properties -os macosx -ws cocoa -arch x86_64 -nl en_US -consoleLog -testpluginname br.inpe.cap.Asniffer
java_class_path (initial): /Applications/Eclipse.app/Contents/Eclipse/plugins/org.eclipse.equinox.launcher_1.3.200.v20160318-1642.jar
Launcher Type: SUN_STANDARD

Environment Variables:
PATH=/usr/bin:/bin:/usr/sbin:/sbin
SHELL=/bin/bash
DISPLAY=/private/tmp/com.apple.launchd.dKxKqcXl81/org.macosforge.xquartz:0

Signal Handlers:
SIGSEGV: [libjvm.dylib+0x5b0579], sa_mask[0]=11111111011111110111111111111111, sa_flags=SA_ONSTACK|SA_RESTART|SA_SIGINFO
SIGBUS: [libjvm.dylib+0x5b0579], sa_mask[0]=11111111011111110111111111111111, sa_flags=SA_RESTART|SA_SIGINFO
SIGFPE: [libjvm.dylib+0x4874e4], sa_mask[0]=11111111011111110111111111111111, sa_flags=SA_RESTART|SA_SIGINFO
SIGPIPE: [libjvm.dylib+0x4874e4], sa_mask[0]=11111111011111110111111111111111, sa_flags=SA_RESTART|SA_SIGINFO
SIGXFSZ: [libjvm.dylib+0x4874e4], sa_mask[0]=11111111011111110111111111111111, sa_flags=SA_RESTART|SA_SIGINFO
SIGILL: [libjvm.dylib+0x4874e4], sa_mask[0]=11111111011111110111111111111111, sa_flags=SA_RESTART|SA_SIGINFO
SIGUSR1: SIG_DFL, sa_mask[0]=00000000000000000000000000000000, sa_flags=none
SIGUSR2: [libjvm.dylib+0x487002], sa_mask[0]=00100000000000000000000000000000, sa_flags=SA_RESTART|SA_SIGINFO
SIGHUP: [libjvm.dylib+0x4855d9], sa_mask[0]=11111111011111110111111111111111, sa_flags=SA_RESTART|SA_SIGINFO
SIGINT: [libjvm.dylib+0x4855d9], sa_mask[0]=11111111011111110111111111111111, sa_flags=SA_RESTART|SA_SIGINFO
SIGTERM: [libjvm.dylib+0x4855d9], sa_mask[0]=11111111011111110111111111111111, sa_flags=SA_RESTART|SA_SIGINFO
SIGQUIT: [libjvm.dylib+0x4855d9], sa_mask[0]=11111111011111110111111111111111, sa_flags=SA_RESTART|SA_SIGINFO


---------------  S Y S T E M  ---------------

OS:Bsduname:Darwin 16.1.0 Darwin Kernel Version 16.1.0: Thu Oct 13 21:26:57 PDT 2016; root:xnu-3789.21.3~60/RELEASE_X86_64 x86_64
rlimit: STACK 8192k, CORE 0k, NPROC 709, NOFILE 10240, AS infinity
load average:2.55 2.25 2.24

CPU:total 4 (2 cores per cpu, 2 threads per core) family 6 model 42 stepping 7, cmov, cx8, fxsr, mmx, sse, sse2, sse3, ssse3, sse4.1, sse4.2, popcnt, avx, aes, clmul, ht, tsc, tscinvbit

Memory: 4k page, physical 8388608k(2150736k free)

/proc/meminfo:


vm_info: Java HotSpot(TM) 64-Bit Server VM (25.102-b14) for bsd-amd64 JRE (1.8.0_102-b14), built on Jun 22 2016 11:42:36 by "java_re" with gcc 4.2.1 (Based on Apple Inc. build 5658) (LLVM build 2336.11.00)

time: Tue Dec  6 20:35:33 2016
elapsed time: 8 seconds (0d 0h 0m 8s)

