#
# A fatal error has been detected by the Java Runtime Environment:
#
#  SIGBUS (0xa) at pc=0x00007fffe0dc515a, pid=1846, tid=0x0000000000002603
#
# JRE version: Java(TM) SE Runtime Environment (8.0_102-b14) (build 1.8.0_102-b14)
# Java VM: Java HotSpot(TM) 64-Bit Server VM (25.102-b14 mixed mode bsd-amd64 compressed oops)
# Problematic frame:
# C  [libsystem_platform.dylib+0x215a]  _platform_memmove$VARIANT$Nehalem+0xfa
#
# Failed to write core dump. Core dumps have been disabled. To enable core dumping, try "ulimit -c unlimited" before starting Java again
#
# If you would like to submit a bug report, please visit:
#   http://bugreport.java.com/bugreport/crash.jsp
#

---------------  T H R E A D  ---------------

Current thread (0x00007fdd3a80d800):  GCTaskThread [stack: 0x0000700002c9b000,0x0000700002d9b000] [id=9731]

siginfo: si_signo: 10 (SIGBUS), si_code: 2 (BUS_ADRERR), si_addr: 0x00000007a3b00000

Registers:
RAX=0x0000000745606b90, RBX=0x0000000000000009, RCX=0x0000000000000010, RDX=0x000000000322d888
RSP=0x0000700002d9abc0, RBP=0x0000700002d9abc0, RSI=0x00000007a3afffe0, RDI=0x000000074cad8de0
R8 =0x0000000104ce5e16, R9 =0x0000000745606b90, R10=0x000000074fd066a8, R11=0xffffffffa8fd8e00
R12=0x00007fdd39831901, R13=0x0000000745606b90, R14=0x00007fdd398319c0, R15=0x00000000014dff63
RIP=0x00007fffe0dc515a, EFLAGS=0x0000000000010202, ERR=0x0000000000000004
  TRAPNO=0x000000000000000e

Top of Stack: (sp=0x0000700002d9abc0)
0x0000700002d9abc0:   0000700002d9abd0 000000010459bf6c
0x0000700002d9abd0:   0000700002d9ac40 00000001048c6f30
0x0000700002d9abe0:   0000700002d9ac70 000000079c62dd90
0x0000700002d9abf0:   00000007a0388000 0000000000001000
0x0000700002d9ac00:   00000007455a9ab8 0000000000000400
0x0000700002d9ac10:   0000000745594c2d 00000007455ab435
0x0000700002d9ac20:   0000000104ce5e16 00000007455ab435
0x0000700002d9ac30:   00000007455ab434 00007fdd39831a58
0x0000700002d9ac40:   0000700002d9ac60 00000001048c724f
0x0000700002d9ac50:   00007fdd398319c0 00007fdd39831a20
0x0000700002d9ac60:   0000700002d9acc0 00000001048c626f
0x0000700002d9ac70:   000000074351e47c 00000007c00cb400
0x0000700002d9ac80:   00000007455ab435 00000007c00cb400
0x0000700002d9ac90:   00007fdd398319c0 000000074351eb58
0x0000700002d9aca0:   00000001057848f5 000000074351ea00
0x0000700002d9acb0:   0000000105784906 0000000000000240
0x0000700002d9acc0:   0000700002d9ad80 0000000104557634
0x0000700002d9acd0:   0000000000000000 0000000000000200
0x0000700002d9ace0:   fffffffefa8756c7 0000000000000080
0x0000700002d9acf0:   000000010578a937 0000000101d6a080
0x0000700002d9ad00:   000000010578a938 0000000003a1a800
0x0000700002d9ad10:   fffffffefa87b6ff 0000000003a20938
0x0000700002d9ad20:   0000000105784905 0000000105784881
0x0000700002d9ad30:   0000000744126f80 0000000743520a08
0x0000700002d9ad40:   00007fdd38f04530 00007fdd398319c0
0x0000700002d9ad50:   00007fdd38f042c0 00007fdd38d10f80
0x0000700002d9ad60:   0000000000000000 0000000104a137c5
0x0000700002d9ad70:   00007fdd398319c0 0000000000000001
0x0000700002d9ad80:   0000700002d9adb0 00000001048c9da3
0x0000700002d9ad90:   0000000000000004 00007fdd38f077a0
0x0000700002d9ada0:   00007fdd3a80d800 00007fdd38d10f80
0x0000700002d9adb0:   0000700002d9ae90 00000001046761ff 

Instructions: (pc=0x00007fffe0dc515a)
0x00007fffe0dc513a:   d4 eb 33 0f 1f 00 0f 29 0f 0f 29 57 10 0f 29 5f
0x00007fffe0dc514a:   20 0f 29 67 30 48 83 c7 40 0f 28 0e 0f 28 56 10
0x00007fffe0dc515a:   0f 28 5e 20 0f 28 66 30 48 83 c6 40 48 83 ea 40
0x00007fffe0dc516a:   77 d4 0f 1f 40 00 0f 10 2c 16 0f 10 74 16 10 0f 

Register to memory mapping:

RAX=0x0000000745606b90 is an oop
