#
# A fatal error has been detected by the Java Runtime Environment:
#
#  SIGSEGV (0xb) at pc=0x00000001072c2a7a, pid=11407, tid=0x0000000000005403
#
# JRE version: Java(TM) SE Runtime Environment (8.0_102-b14) (build 1.8.0_102-b14)
# Java VM: Java HotSpot(TM) 64-Bit Server VM (25.102-b14 mixed mode bsd-amd64 compressed oops)
# Problematic frame:
# V  [libjvm.dylib+0x2c2a7a]
#
# Failed to write core dump. Core dumps have been disabled. To enable core dumping, try "ulimit -c unlimited" before starting Java again
#
# If you would like to submit a bug report, please visit:
#   http://bugreport.java.com/bugreport/crash.jsp
#

---------------  T H R E A D  ---------------

Current thread (0x00007ff70d00e800):  GCTaskThread [stack: 0x00007000102a0000,0x00007000103a0000] [id=21507]

siginfo: si_signo: 11 (SIGSEGV), si_code: 0 (unknown), si_addr: 0x0000000000000000

Registers:
RAX=0x0000000108a0d000, RBX=0x00007ff70ce098f0, RCX=0x03ffffffe3002000, RDX=0x1fffffff18010000
RSP=0x000070001039fbb0, RBP=0x000070001039fbd0, RSI=0x0000000742856d98, RDI=0x00007ff70ce098f0
R8 =0x0000000000000050, R9 =0x0000000000000077, R10=0x0001000000000001, R11=0x2000000000000000
R12=0x0000000742856d98, R13=0x0000000742856dc4, R14=0x0000000000080000, R15=0x00000007c0002180
RIP=0x00000001072c2a7a, EFLAGS=0x0000000000010206, ERR=0x0000000000000000
  TRAPNO=0x000000000000000d

Top of Stack: (sp=0x000070001039fbb0)
0x000070001039fbb0:   0000000000000003 00007ff70ce098f0
0x000070001039fbc0:   00000007c0002178 00000007c0002180
0x000070001039fbd0:   000070001039fc20 00000001072bf481
0x000070001039fbe0:   000070001039fc10 0000000742856d80
0x000070001039fbf0:   0000000000000000 0000000742856d80
0x000070001039fc00:   0000000742856d80 0000000107611743
0x000070001039fc10:   00007ff70ce098f0 000000010783caa0
0x000070001039fc20:   000070001039fc60 00000001072cc092
0x000070001039fc30:   000070001039fc60 0000000107478aac
0x000070001039fc40:   00007ff70ce098f0 0000000742856d80
0x000070001039fc50:   00007ff70ce098f8 000000010783caa0
0x000070001039fc60:   000070001039fcf0 00000001074bb53c
0x000070001039fc70:   0000000000000000 00007ff70ce09930
0x000070001039fc80:   00007ff70ce09978 00007ff70ce099b0
0x000070001039fc90:   000070001039fcf0 000000010746303e
0x000070001039fca0:   0000000742856d80 00007ff70cd12a28
0x000070001039fcb0:   000070001039fce0 00007ff70d00e800
0x000070001039fcc0:   000001f700000189 00007ff70ce098f0
0x000070001039fcd0:   0000000000000000 0000000107611743
0x000070001039fce0:   00007ff70cd14bf0 0000000000000001
0x000070001039fcf0:   000070001039fdb0 00000001074ad886
0x000070001039fd00:   00007ff70cd0fb10 00000001078cf050
0x000070001039fd10:   00007ff70cd0fa00 000070001039fd60
0x000070001039fd20:   0000000000000000 00000001078cf0f0
0x000070001039fd30:   000070001039fd00 000070001039fd60
0x000070001039fd40:   00000001078cf110 0000000107462b00
0x000070001039fd50:   000070001039fd60 00007ff70cd0fb01
0x000070001039fd60:   00000001078d4830 0000000107275c00
0x000070001039fd70:   00007ff70ce098f0 00007ff70cd11e20
0x000070001039fd80:   00007ff70cd11e50 00007ff70cd11e60
0x000070001039fd90:   00007ff70cd12238 00000000000003d8
0x000070001039fda0:   00007ff70d00e800 00007ff70cd14bf0 

Instructions: (pc=0x00000001072c2a7a)
0x00000001072c2a5a:   10 48 c1 ea 03 48 8d 0d d2 e7 55 00 8a 09 48 d3
0x00000001072c2a6a:   ea 48 89 d1 48 83 e1 c0 48 c1 e9 03 48 8b 40 30
0x00000001072c2a7a:   48 8b 04 08 48 0f a3 d0 72 5d 4c 89 f7 e8 74 6d
0x00000001072c2a8a:   ee ff 4c 63 f8 48 8d 3d 8a d2 62 00 4c 89 f6 4c 

Register to memory mapping:

RAX=0x0000000108a0d000 is an unknown value
RBX=0x00007ff70ce098f0 is an unknown value
RCX=0x03ffffffe3002000 is an unknown value
RDX=0x1fffffff18010000 is an unknown value
RSP=0x000070001039fbb0 is an unknown value
RBP=0x000070001039fbd0 is an unknown value
RSI=0x0000000742856d98 is pointing into object: 0x0000000742856d80
java.lang.Class 
 - klass: 'java/lang/Class'
RDI=0x00007ff70ce098f0 is an unknown value
R8 =0x0000000000000050 is an unknown value
R9 =0x0000000000000077 is an unknown value
R10=0x0001000000000001 is an unknown value
R11=0x2000000000000000 is an unknown value
R12=0x0000000742856d98 is pointing into object: 0x0000000742856d80
java.lang.Class 
 - klass: 'java/lang/Class'
R13=0x0000000742856dc4 is pointing into object: 0x0000000742856d80
java.lang.Class 
 - klass: 'java/lang/Class'
R14=0x0000000000080000 is an unknown value
R15=0x00000007c0002180 is pointing into metadata


Stack: [0x00007000102a0000,0x00007000103a0000],  sp=0x000070001039fbb0,  free space=1022k
Native frames: (J=compiled Java code, j=interpreted, Vv=VM code, C=native code)
V  [libjvm.dylib+0x2c2a7a]
V  [libjvm.dylib+0x2bf481]
V  [libjvm.dylib+0x2cc092]
V  [libjvm.dylib+0x4bb53c]
V  [libjvm.dylib+0x4ad886]
V  [libjvm.dylib+0x2761ff]
V  [libjvm.dylib+0x489ed2]
C  [libsystem_pthread.dylib+0x3661]  _pthread_body+0x154
C  [libsystem_pthread.dylib+0x350d]  _pthread_body+0x0
C  [libsystem_pthread.dylib+0x2bf9]  thread_start+0xd


---------------  P R O C E S S  ---------------

Java Threads: ( => current thread )
  0x00007ff70d891000 JavaThread "FastClasspathScanner-worker-258" daemon [_thread_blocked, id=14647, stack(0x000070000fe0e000,0x000070000ff0e000)]
  0x00007ff70d099800 JavaThread "Service Thread" daemon [_thread_blocked, id=16643, stack(0x0000700010bbb000,0x0000700010cbb000)]
  0x00007ff70e805000 JavaThread "C1 CompilerThread2" daemon [_thread_blocked, id=17155, stack(0x0000700010ab8000,0x0000700010bb8000)]
  0x00007ff70d08f000 JavaThread "C2 CompilerThread1" daemon [_thread_in_native, id=17667, stack(0x00007000109b5000,0x0000700010ab5000)]
  0x00007ff70d033800 JavaThread "C2 CompilerThread0" daemon [_thread_blocked, id=13059, stack(0x00007000108b2000,0x00007000109b2000)]
  0x00007ff70e003800 JavaThread "Signal Dispatcher" daemon [_thread_blocked, id=18187, stack(0x00007000107af000,0x00007000108af000)]
  0x00007ff70d816000 JavaThread "Finalizer" daemon [_thread_blocked, id=19971, stack(0x00007000106ac000,0x00007000107ac000)]
  0x00007ff70d008800 JavaThread "Reference Handler" daemon [_thread_blocked, id=20483, stack(0x00007000105a9000,0x00007000106a9000)]
  0x00007ff70d802800 JavaThread "main" [_thread_blocked, id=6147, stack(0x000070000ff97000,0x0000700010097000)]

Other Threads:
  0x00007ff70d813800 VMThread [stack: 0x00007000104a6000,0x00007000105a6000] [id=20739]
  0x00007ff70d000800 WatcherThread [stack: 0x0000700010cbe000,0x0000700010dbe000] [id=13827]

=>0x00007ff70d00e800 (exited) GCTaskThread [stack: 0x00007000102a0000,0x00007000103a0000] [id=21507]

VM state:at safepoint (normal execution)

VM Mutex/Monitor currently owned by a thread:  ([mutex/lock_event])
[0x00007ff70cf02a50] Threads_lock - owner thread: 0x00007ff70d813800
[0x00007ff70cf02f50] Heap_lock - owner thread: 0x00007ff70d891000

Heap:
 PSYoungGen      total 382976K, used 78843K [0x0000000795580000, 0x00000007bd880000, 0x00000007c0000000)
  eden space 304128K, 0% used [0x0000000795580000,0x0000000795580000,0x00000007a7e80000)
  from space 78848K, 99% used [0x00000007a7e80000,0x00000007acb7ec08,0x00000007acb80000)
  to   space 97280K, 0% used [0x00000007b7980000,0x00000007b7980000,0x00000007bd880000)
 ParOldGen       total 114176K, used 96077K [0x0000000740000000, 0x0000000746f80000, 0x0000000795580000)
  object space 114176K, 84% used [0x0000000740000000,0x0000000745dd3580,0x0000000746f80000)
 Metaspace       used 14896K, capacity 15072K, committed 15360K, reserved 1062912K
  class space    used 1373K, capacity 1437K, committed 1536K, reserved 1048576K

Card table byte_map: [0x0000000108361000,0x0000000108762000] byte_map_base: 0x0000000104961000

Marking Bits: (ParMarkBitMap*) 0x00000001078efd20
 Begin Bits: [0x0000000108a0d000, 0x000000010aa0d000)
 End Bits:   [0x000000010aa0d000, 0x000000010ca0d000)

Polling page: 0x000000010672d000

CodeCache: size=245760Kb used=7357Kb max_used=7357Kb free=238402Kb
 bounds [0x000000010de22000, 0x000000010e562000, 0x000000011ce22000]
 total_blobs=2141 nmethods=1776 adapters=278
 compilation: enabled

Compilation events (10 events):
Event: 9.796 Thread 0x00007ff70e805000 nmethod 2060 0x000000010e54d3d0 code [0x000000010e54d5a0, 0x000000010e54dcc8]
Event: 9.796 Thread 0x00007ff70e805000 2058       3       java.util.regex.Matcher::appendReplacement (571 bytes)
Event: 9.796 Thread 0x00007ff70d033800 nmethod 2039 0x000000010e54f010 code [0x000000010e54f160, 0x000000010e54f218]
Event: 9.796 Thread 0x00007ff70d033800 2042       4       org.eclipse.jdt.internal.compiler.classfmt.ClassFileStruct::u4At (73 bytes)
Event: 9.798 Thread 0x00007ff70d033800 nmethod 2042 0x000000010e54ec10 code [0x000000010e54ed60, 0x000000010e54ee78]
Event: 9.802 Thread 0x00007ff70e805000 nmethod 2058 0x000000010e553f10 code [0x000000010e554680, 0x000000010e559d98]
Event: 9.802 Thread 0x00007ff70e805000 2059       3       java.lang.StringBuilder::getChars (10 bytes)
Event: 9.802 Thread 0x00007ff70e805000 nmethod 2059 0x000000010e54d050 code [0x000000010e54d1c0, 0x000000010e54d348]
Event: 9.802 Thread 0x00007ff70e805000 2061       3       java.util.regex.Matcher::quoteReplacement (82 bytes)
Event: 9.804 Thread 0x00007ff70e805000 nmethod 2061 0x000000010e551950 code [0x000000010e551c00, 0x000000010e553278]

GC Heap History (10 events):
Event: 5.564 GC heap after
Heap after GC invocations=8 (full 1):
 PSYoungGen      total 154624K, used 33787K [0x0000000795580000, 0x00000007a8300000, 0x00000007c0000000)
  eden space 120832K, 0% used [0x0000000795580000,0x0000000795580000,0x000000079cb80000)
  from space 33792K, 99% used [0x000000079cb80000,0x000000079ec7ece8,0x000000079ec80000)
  to   space 46592K, 0% used [0x00000007a5580000,0x00000007a5580000,0x00000007a8300000)
 ParOldGen       total 114176K, used 57291K [0x0000000740000000, 0x0000000746f80000, 0x0000000795580000)
  object space 114176K, 50% used [0x0000000740000000,0x00000007437f2d40,0x0000000746f80000)
 Metaspace       used 14480K, capacity 14586K, committed 14720K, reserved 1062912K
  class space    used 1358K, capacity 1404K, committed 1408K, reserved 1048576K
}
Event: 6.721 GC heap before
{Heap before GC invocations=9 (full 1):
 PSYoungGen      total 154624K, used 154619K [0x0000000795580000, 0x00000007a8300000, 0x00000007c0000000)
  eden space 120832K, 100% used [0x0000000795580000,0x000000079cb80000,0x000000079cb80000)
  from space 33792K, 99% used [0x000000079cb80000,0x000000079ec7ece8,0x000000079ec80000)
  to   space 46592K, 0% used [0x00000007a5580000,0x00000007a5580000,0x00000007a8300000)
 ParOldGen       total 114176K, used 57307K [0x0000000740000000, 0x0000000746f80000, 0x0000000795580000)
  object space 114176K, 50% used [0x0000000740000000,0x00000007437f6fc8,0x0000000746f80000)
 Metaspace       used 14689K, capacity 14874K, committed 15104K, reserved 1062912K
  class space    used 1371K, capacity 1436K, committed 1536K, reserved 1048576K
Event: 6.775 GC heap after
Heap after GC invocations=9 (full 1):
 PSYoungGen      total 257024K, used 40742K [0x0000000795580000, 0x00000007a8f80000, 0x00000007c0000000)
  eden space 210432K, 0% used [0x0000000795580000,0x0000000795580000,0x00000007a2300000)
  from space 46592K, 87% used [0x00000007a5580000,0x00000007a7d49b80,0x00000007a8300000)
  to   space 51712K, 0% used [0x00000007a2300000,0x00000007a2300000,0x00000007a5580000)
 ParOldGen       total 114176K, used 57315K [0x0000000740000000, 0x0000000746f80000, 0x0000000795580000)
  object space 114176K, 50% used [0x0000000740000000,0x00000007437f8fc8,0x0000000746f80000)
 Metaspace       used 14689K, capacity 14874K, committed 15104K, reserved 1062912K
  class space    used 1371K, capacity 1436K, committed 1536K, reserved 1048576K
}
Event: 7.636 GC heap before
{Heap before GC invocations=10 (full 1):
 PSYoungGen      total 257024K, used 251174K [0x0000000795580000, 0x00000007a8f80000, 0x00000007c0000000)
  eden space 210432K, 100% used [0x0000000795580000,0x00000007a2300000,0x00000007a2300000)
  from space 46592K, 87% used [0x00000007a5580000,0x00000007a7d49b80,0x00000007a8300000)
  to   space 51712K, 0% used [0x00000007a2300000,0x00000007a2300000,0x00000007a5580000)
 ParOldGen       total 114176K, used 57319K [0x0000000740000000, 0x0000000746f80000, 0x0000000795580000)
  object space 114176K, 50% used [0x0000000740000000,0x00000007437f9e40,0x0000000746f80000)
 Metaspace       used 14813K, capacity 14944K, committed 15104K, reserved 1062912K
  class space    used 1372K, capacity 1437K, committed 1536K, reserved 1048576K
Event: 7.742 GC heap after
Heap after GC invocations=10 (full 1):
 PSYoungGen      total 262144K, used 51683K [0x0000000795580000, 0x00000007b0d80000, 0x00000007c0000000)
  eden space 210432K, 0% used [0x0000000795580000,0x0000000795580000,0x00000007a2300000)
  from space 51712K, 99% used [0x00000007a2300000,0x00000007a5578ea8,0x00000007a5580000)
  to   space 67584K, 0% used [0x00000007acb80000,0x00000007acb80000,0x00000007b0d80000)
 ParOldGen       total 114176K, used 76525K [0x0000000740000000, 0x0000000746f80000, 0x0000000795580000)
  object space 114176K, 67% used [0x0000000740000000,0x0000000744abb430,0x0000000746f80000)
 Metaspace       used 14813K, capacity 14944K, committed 15104K, reserved 1062912K
  class space    used 1372K, capacity 1437K, committed 1536K, reserved 1048576K
}
Event: 8.536 GC heap before
{Heap before GC invocations=11 (full 1):
 PSYoungGen      total 262144K, used 262115K [0x0000000795580000, 0x00000007b0d80000, 0x00000007c0000000)
  eden space 210432K, 100% used [0x0000000795580000,0x00000007a2300000,0x00000007a2300000)
  from space 51712K, 99% used [0x00000007a2300000,0x00000007a5578ea8,0x00000007a5580000)
  to   space 67584K, 0% used [0x00000007acb80000,0x00000007acb80000,0x00000007b0d80000)
 ParOldGen       total 114176K, used 76525K [0x0000000740000000, 0x0000000746f80000, 0x0000000795580000)
  object space 114176K, 67% used [0x0000000740000000,0x0000000744abb430,0x0000000746f80000)
 Metaspace       used 14827K, capacity 15008K, committed 15360K, reserved 1062912K
  class space    used 1372K, capacity 1437K, committed 1536K, reserved 1048576K
Event: 8.681 GC heap after
Heap after GC invocations=11 (full 1):
 PSYoungGen      total 371712K, used 67581K [0x0000000795580000, 0x00000007b2780000, 0x00000007c0000000)
  eden space 304128K, 0% used [0x0000000795580000,0x0000000795580000,0x00000007a7e80000)
  from space 67584K, 99% used [0x00000007acb80000,0x00000007b0d7f7e8,0x00000007b0d80000)
  to   space 78848K, 0% used [0x00000007a7e80000,0x00000007a7e80000,0x00000007acb80000)
 ParOldGen       total 114176K, used 78939K [0x0000000740000000, 0x0000000746f80000, 0x0000000795580000)
  object space 114176K, 69% used [0x0000000740000000,0x0000000744d16f78,0x0000000746f80000)
 Metaspace       used 14827K, capacity 15008K, committed 15360K, reserved 1062912K
  class space    used 1372K, capacity 1437K, committed 1536K, reserved 1048576K
}
Event: 9.812 GC heap before
{Heap before GC invocations=12 (full 1):
 PSYoungGen      total 371712K, used 371709K [0x0000000795580000, 0x00000007b2780000, 0x00000007c0000000)
  eden space 304128K, 100% used [0x0000000795580000,0x00000007a7e80000,0x00000007a7e80000)
  from space 67584K, 99% used [0x00000007acb80000,0x00000007b0d7f7e8,0x00000007b0d80000)
  to   space 78848K, 0% used [0x00000007a7e80000,0x00000007a7e80000,0x00000007acb80000)
 ParOldGen       total 114176K, used 78939K [0x0000000740000000, 0x0000000746f80000, 0x0000000795580000)
  object space 114176K, 69% used [0x0000000740000000,0x0000000744d16f78,0x0000000746f80000)
 Metaspace       used 14896K, capacity 15072K, committed 15360K, reserved 1062912K
  class space    used 1373K, capacity 1437K, committed 1536K, reserved 1048576K
Event: 9.987 GC heap after
Heap after GC invocations=12 (full 1):
 PSYoungGen      total 382976K, used 78843K [0x0000000795580000, 0x00000007bd880000, 0x00000007c0000000)
  eden space 304128K, 0% used [0x0000000795580000,0x0000000795580000,0x00000007a7e80000)
  from space 78848K, 99% used [0x00000007a7e80000,0x00000007acb7ec08,0x00000007acb80000)
  to   space 97280K, 0% used [0x00000007b7980000,0x00000007b7980000,0x00000007bd880000)
 ParOldGen       total 114176K, used 96077K [0x0000000740000000, 0x0000000746f80000, 0x0000000795580000)
  object space 114176K, 84% used [0x0000000740000000,0x0000000745dd3580,0x0000000746f80000)
 Metaspace       used 14896K, capacity 15072K, committed 15360K, reserved 1062912K
  class space    used 1373K, capacity 1437K, committed 1536K, reserved 1048576K
}
Event: 9.987 GC heap before
{Heap before GC invocations=13 (full 2):
 PSYoungGen      total 382976K, used 78843K [0x0000000795580000, 0x00000007bd880000, 0x00000007c0000000)
  eden space 304128K, 0% used [0x0000000795580000,0x0000000795580000,0x00000007a7e80000)
  from space 78848K, 99% used [0x00000007a7e80000,0x00000007acb7ec08,0x00000007acb80000)
  to   space 97280K, 0% used [0x00000007b7980000,0x00000007b7980000,0x00000007bd880000)
 ParOldGen       total 114176K, used 96077K [0x0000000740000000, 0x0000000746f80000, 0x0000000795580000)
  object space 114176K, 84% used [0x0000000740000000,0x0000000745dd3580,0x0000000746f80000)
 Metaspace       used 14896K, capacity 15072K, committed 15360K, reserved 1062912K
  class space    used 1373K, capacity 1437K, committed 1536K, reserved 1048576K

Deoptimization events (10 events):
Event: 6.673 Thread 0x00007ff70d802800 Uncommon trap: reason=bimorphic action=maybe_recompile pc=0x000000010e1456bc method=java.util.Hashtable.put(Ljava/lang/Object;Ljava/lang/Object;)Ljava/lang/Object; @ 18
Event: 6.994 Thread 0x00007ff70d4cd000 Uncommon trap: reason=unstable_if action=reinterpret pc=0x000000010e4adbbc method=java.util.concurrent.ConcurrentLinkedQueue.offer(Ljava/lang/Object;)Z @ 72
Event: 7.037 Thread 0x00007ff70d802800 Uncommon trap: reason=bimorphic action=maybe_recompile pc=0x000000010e1456bc method=java.util.Hashtable.put(Ljava/lang/Object;Ljava/lang/Object;)Ljava/lang/Object; @ 18
Event: 8.374 Thread 0x00007ff70deba000 Uncommon trap: reason=unstable_if action=reinterpret pc=0x000000010e4bddf8 method=java.util.concurrent.ConcurrentHashMap.transfer([Ljava/util/concurrent/ConcurrentHashMap$Node;[Ljava/util/concurrent/ConcurrentHashMap$Node;)V @ 262
Event: 8.922 Thread 0x00007ff70e45c800 Uncommon trap: reason=null_check action=make_not_entrant pc=0x000000010e51449c method=io.github.lukehutch.fastclasspathscanner.scanner.ClasspathElementZip.scanZipFile(Ljava/io/File;Ljava/util/zip/ZipFile;Ljava/lang/String;Lio/github/lukehutch/fastclasspat
Event: 8.922 Thread 0x00007ff70e45c000 Uncommon trap: reason=null_check action=make_not_entrant pc=0x000000010e51449c method=io.github.lukehutch.fastclasspathscanner.scanner.ClasspathElementZip.scanZipFile(Ljava/io/File;Ljava/util/zip/ZipFile;Ljava/lang/String;Lio/github/lukehutch/fastclasspat
Event: 8.922 Thread 0x00007ff70d404800 Uncommon trap: reason=null_check action=make_not_entrant pc=0x000000010e51449c method=io.github.lukehutch.fastclasspathscanner.scanner.ClasspathElementZip.scanZipFile(Ljava/io/File;Ljava/util/zip/ZipFile;Ljava/lang/String;Lio/github/lukehutch/fastclasspat
Event: 8.922 Thread 0x00007ff70f071000 Uncommon trap: reason=null_check action=make_not_entrant pc=0x000000010e51449c method=io.github.lukehutch.fastclasspathscanner.scanner.ClasspathElementZip.scanZipFile(Ljava/io/File;Ljava/util/zip/ZipFile;Ljava/lang/String;Lio/github/lukehutch/fastclasspat
Event: 8.922 Thread 0x00007ff70f070000 Uncommon trap: reason=null_check action=make_not_entrant pc=0x000000010e51449c method=io.github.lukehutch.fastclasspathscanner.scanner.ClasspathElementZip.scanZipFile(Ljava/io/File;Ljava/util/zip/ZipFile;Ljava/lang/String;Lio/github/lukehutch/fastclasspat
Event: 9.789 Thread 0x00007ff70d802800 Uncommon trap: reason=predicate action=maybe_recompile pc=0x000000010e328250 method=java.util.ArrayList.indexOf(Ljava/lang/Object;)I @ 44

Internal exceptions (10 events):
Event: 2.568 Thread 0x00007ff70d802800 Exception <a 'java/lang/ArrayIndexOutOfBoundsException'> (0x00000007971f2880) thrown at [/Users/java_re/workspace/8-2-build-macosx-x86_64/jdk8u102/7268/hotspot/src/share/vm/runtime/sharedRuntime.cpp, line 605]
Event: 2.582 Thread 0x00007ff70d802800 Exception <a 'java/lang/ArrayIndexOutOfBoundsException'> (0x000000079727fb38) thrown at [/Users/java_re/workspace/8-2-build-macosx-x86_64/jdk8u102/7268/hotspot/src/share/vm/runtime/sharedRuntime.cpp, line 605]
Event: 2.583 Thread 0x00007ff70d802800 Exception <a 'java/lang/ArrayIndexOutOfBoundsException'> (0x000000079729a510) thrown at [/Users/java_re/workspace/8-2-build-macosx-x86_64/jdk8u102/7268/hotspot/src/share/vm/runtime/sharedRuntime.cpp, line 605]
Event: 2.586 Thread 0x00007ff70d802800 Exception <a 'java/lang/ArrayIndexOutOfBoundsException'> (0x00000007972b4020) thrown at [/Users/java_re/workspace/8-2-build-macosx-x86_64/jdk8u102/7268/hotspot/src/share/vm/runtime/sharedRuntime.cpp, line 605]
Event: 2.587 Thread 0x00007ff70d802800 Exception <a 'java/lang/ArrayIndexOutOfBoundsException'> (0x00000007972ce390) thrown at [/Users/java_re/workspace/8-2-build-macosx-x86_64/jdk8u102/7268/hotspot/src/share/vm/runtime/sharedRuntime.cpp, line 605]
Event: 3.757 Thread 0x00007ff70eb63000 Implicit null exception at 0x000000010e281399 to 0x000000010e281719
Event: 5.620 Thread 0x00007ff70f070000 Implicit null exception at 0x000000010df4081a to 0x000000010df40f91
Event: 7.477 Thread 0x00007ff70d802800 Exception <a 'java/lang/ArrayIndexOutOfBoundsException'> (0x00000007a0133ce8) thrown at [/Users/java_re/workspace/8-2-build-macosx-x86_64/jdk8u102/7268/hotspot/src/share/vm/runtime/sharedRuntime.cpp, line 605]
Event: 7.478 Thread 0x00007ff70d802800 Exception <a 'java/lang/ArrayIndexOutOfBoundsException'> (0x00000007a014ddf0) thrown at [/Users/java_re/workspace/8-2-build-macosx-x86_64/jdk8u102/7268/hotspot/src/share/vm/runtime/sharedRuntime.cpp, line 605]
Event: 7.479 Thread 0x00007ff70d802800 Exception <a 'java/lang/ArrayIndexOutOfBoundsException'> (0x00000007a01684c8) thrown at [/Users/java_re/workspace/8-2-build-macosx-x86_64/jdk8u102/7268/hotspot/src/share/vm/runtime/sharedRuntime.cpp, line 605]

Events (10 events):
Event: 9.780 Thread 0x00007ff70d404800 Thread exited: 0x00007ff70d404800
Event: 9.783 loading class org/eclipse/jdt/internal/compiler/impl/IntConstant
Event: 9.783 loading class org/eclipse/jdt/internal/compiler/impl/IntConstant done
Event: 9.789 Thread 0x00007ff70d802800 Uncommon trap: trap_request=0xffffff86 fr.pc=0x000000010e328250
Event: 9.789 Thread 0x00007ff70d802800 DEOPT PACKING pc=0x000000010e328250 sp=0x0000700010096100
Event: 9.789 Thread 0x00007ff70d802800 DEOPT UNPACKING pc=0x000000010de27229 sp=0x0000700010096078 mode 2
Event: 9.789 loading class org/eclipse/jdt/internal/compiler/ClassFile$2
Event: 9.789 loading class org/eclipse/jdt/internal/compiler/ClassFile$2 done
Event: 9.795 Thread 0x00007ff70d891000 Thread added: 0x00007ff70d891000
Event: 9.812 Executing VM operation: ParallelGCFailedAllocation


Dynamic libraries:
0x000000000ac9d000 	/System/Library/Frameworks/Cocoa.framework/Versions/A/Cocoa
0x000000000ac9d000 	/System/Library/Frameworks/Security.framework/Versions/A/Security
0x000000000ac9d000 	/System/Library/Frameworks/ApplicationServices.framework/Versions/A/ApplicationServices
0x000000000ac9d000 	/usr/lib/libz.1.dylib
0x000000000ac9d000 	/usr/lib/libSystem.B.dylib
0x000000000ac9d000 	/usr/lib/libobjc.A.dylib
0x000000000ac9d000 	/System/Library/Frameworks/CoreFoundation.framework/Versions/A/CoreFoundation
0x000000000ac9d000 	/System/Library/Frameworks/Foundation.framework/Versions/C/Foundation
0x000000000ac9d000 	/System/Library/Frameworks/AppKit.framework/Versions/C/AppKit
0x000000000ac9d000 	/System/Library/Frameworks/CoreData.framework/Versions/A/CoreData
0x000000000ac9d000 	/System/Library/PrivateFrameworks/RemoteViewServices.framework/Versions/A/RemoteViewServices
0x000000000ac9d000 	/System/Library/PrivateFrameworks/UIFoundation.framework/Versions/A/UIFoundation
0x000000000ac9d000 	/System/Library/PrivateFrameworks/DFRFoundation.framework/Versions/A/DFRFoundation
0x000000000ac9d000 	/System/Library/Frameworks/Metal.framework/Versions/A/Metal
0x000000000ac9d000 	/System/Library/PrivateFrameworks/DesktopServicesPriv.framework/Versions/A/DesktopServicesPriv
0x000000000ac9d000 	/usr/lib/libenergytrace.dylib
0x000000000ac9d000 	/System/Library/PrivateFrameworks/SkyLight.framework/Versions/A/SkyLight
0x000000000ac9d000 	/System/Library/Frameworks/CoreGraphics.framework/Versions/A/CoreGraphics
0x000000000ac9d000 	/usr/lib/libScreenReader.dylib
0x000000000ac9d000 	/System/Library/Frameworks/Accelerate.framework/Versions/A/Accelerate
0x000000000ac9d000 	/System/Library/Frameworks/IOSurface.framework/Versions/A/IOSurface
0x000000000ac9d000 	/System/Library/Frameworks/AudioToolbox.framework/Versions/A/AudioToolbox
0x000000000ac9d000 	/System/Library/Frameworks/AudioUnit.framework/Versions/A/AudioUnit
0x000000000ac9d000 	/System/Library/PrivateFrameworks/DataDetectorsCore.framework/Versions/A/DataDetectorsCore
0x000000000ac9d000 	/System/Library/Frameworks/Carbon.framework/Versions/A/Frameworks/HIToolbox.framework/Versions/A/HIToolbox
0x000000000ac9d000 	/usr/lib/libicucore.A.dylib
0x000000000ac9d000 	/System/Library/Frameworks/QuartzCore.framework/Versions/A/QuartzCore
0x000000000ac9d000 	/System/Library/PrivateFrameworks/SignpostNotification.framework/Versions/A/SignpostNotification
0x000000000ac9d000 	/System/Library/Frameworks/Carbon.framework/Versions/A/Frameworks/SpeechRecognition.framework/Versions/A/SpeechRecognition
0x000000000ac9d000 	/usr/lib/libauto.dylib
0x000000000ac9d000 	/usr/lib/libxml2.2.dylib
0x000000000ac9d000 	/System/Library/PrivateFrameworks/CoreUI.framework/Versions/A/CoreUI
0x000000000ac9d000 	/System/Library/Frameworks/CoreAudio.framework/Versions/A/CoreAudio
0x000000000ac9d000 	/System/Library/Frameworks/DiskArbitration.framework/Versions/A/DiskArbitration
0x000000000ac9d000 	/usr/lib/liblangid.dylib
0x000000000ac9d000 	/System/Library/PrivateFrameworks/MultitouchSupport.framework/Versions/A/MultitouchSupport
0x000000000ac9d000 	/System/Library/Frameworks/IOKit.framework/Versions/A/IOKit
0x000000000ac9d000 	/usr/lib/libDiagnosticMessagesClient.dylib
0x000000000ac9d000 	/System/Library/Frameworks/CoreServices.framework/Versions/A/CoreServices
0x000000000ac9d000 	/System/Library/PrivateFrameworks/PerformanceAnalysis.framework/Versions/A/PerformanceAnalysis
0x000000000ac9d000 	/System/Library/Frameworks/OpenGL.framework/Versions/A/OpenGL
0x000000000ac9d000 	/System/Library/Frameworks/ColorSync.framework/Versions/A/ColorSync
0x000000000ac9d000 	/System/Library/Frameworks/CoreImage.framework/Versions/A/CoreImage
0x000000000ac9d000 	/System/Library/Frameworks/CoreText.framework/Versions/A/CoreText
0x000000000ac9d000 	/System/Library/Frameworks/ImageIO.framework/Versions/A/ImageIO
0x000000000ac9d000 	/System/Library/PrivateFrameworks/Backup.framework/Versions/A/Backup
0x000000000ac9d000 	/usr/lib/libarchive.2.dylib
0x000000000ac9d000 	/System/Library/Frameworks/CFNetwork.framework/Versions/A/CFNetwork
0x000000000ac9d000 	/System/Library/Frameworks/SystemConfiguration.framework/Versions/A/SystemConfiguration
0x000000000ac9d000 	/usr/lib/libCRFSuite.dylib
0x000000000ac9d000 	/usr/lib/libc++.1.dylib
0x000000000ac9d000 	/usr/lib/libc++abi.dylib
0x000000000ac9d000 	/usr/lib/system/libcache.dylib
0x000000000ac9d000 	/usr/lib/system/libcommonCrypto.dylib
0x000000000ac9d000 	/usr/lib/system/libcompiler_rt.dylib
0x000000000ac9d000 	/usr/lib/system/libcopyfile.dylib
0x000000000ac9d000 	/usr/lib/system/libcorecrypto.dylib
0x000000000ac9d000 	/usr/lib/system/libdispatch.dylib
0x000000000ac9d000 	/usr/lib/system/libdyld.dylib
0x000000000ac9d000 	/usr/lib/system/libkeymgr.dylib
0x000000000ac9d000 	/usr/lib/system/liblaunch.dylib
0x000000000ac9d000 	/usr/lib/system/libmacho.dylib
0x000000000ac9d000 	/usr/lib/system/libquarantine.dylib
0x000000000ac9d000 	/usr/lib/system/libremovefile.dylib
0x000000000ac9d000 	/usr/lib/system/libsystem_asl.dylib
0x000000000ac9d000 	/usr/lib/system/libsystem_blocks.dylib
0x000000000ac9d000 	/usr/lib/system/libsystem_c.dylib
0x000000000ac9d000 	/usr/lib/system/libsystem_configuration.dylib
0x000000000ac9d000 	/usr/lib/system/libsystem_coreservices.dylib
0x000000000ac9d000 	/usr/lib/system/libsystem_darwin.dylib
0x000000000ac9d000 	/usr/lib/system/libsystem_dnssd.dylib
0x000000000ac9d000 	/usr/lib/system/libsystem_info.dylib
0x000000000ac9d000 	/usr/lib/system/libsystem_m.dylib
0x000000000ac9d000 	/usr/lib/system/libsystem_malloc.dylib
0x000000000ac9d000 	/usr/lib/system/libsystem_network.dylib
0x000000000ac9d000 	/usr/lib/system/libsystem_networkextension.dylib
0x000000000ac9d000 	/usr/lib/system/libsystem_notify.dylib
0x000000000ac9d000 	/usr/lib/system/libsystem_sandbox.dylib
0x000000000ac9d000 	/usr/lib/system/libsystem_secinit.dylib
0x000000000ac9d000 	/usr/lib/system/libsystem_kernel.dylib
0x000000000ac9d000 	/usr/lib/system/libsystem_platform.dylib
0x000000000ac9d000 	/usr/lib/system/libsystem_pthread.dylib
0x000000000ac9d000 	/usr/lib/system/libsystem_symptoms.dylib
0x000000000ac9d000 	/usr/lib/system/libsystem_trace.dylib
0x000000000ac9d000 	/usr/lib/system/libunwind.dylib
0x000000000ac9d000 	/usr/lib/system/libxpc.dylib
0x000000000ac9d000 	/usr/lib/closure/libclosured.dylib
0x000000000ac9d000 	/usr/lib/libbsm.0.dylib
0x000000000ac9d000 	/usr/lib/system/libkxld.dylib
0x000000000ac9d000 	/usr/lib/libOpenScriptingUtil.dylib
0x000000000ac9d000 	/usr/lib/libcoretls.dylib
0x000000000ac9d000 	/usr/lib/libcoretls_cfhelpers.dylib
0x000000000ac9d000 	/usr/lib/libpam.2.dylib
0x000000000ac9d000 	/usr/lib/libsqlite3.dylib
0x000000000ac9d000 	/usr/lib/libxar.1.dylib
0x000000000ac9d000 	/usr/lib/libbz2.1.0.dylib
0x000000000ac9d000 	/usr/lib/liblzma.5.dylib
0x000000000ac9d000 	/usr/lib/libnetwork.dylib
0x000000000ac9d000 	/usr/lib/libapple_nghttp2.dylib
0x000000000ac9d000 	/usr/lib/libpcap.A.dylib
0x000000000ac9d000 	/usr/lib/libboringssl.dylib
0x000000000ac9d000 	/usr/lib/libusrtcp.dylib
0x000000000ac9d000 	/usr/lib/libapple_crypto.dylib
0x000000000ac9d000 	/System/Library/Frameworks/CoreServices.framework/Versions/A/Frameworks/FSEvents.framework/Versions/A/FSEvents
0x000000000ac9d000 	/System/Library/Frameworks/CoreServices.framework/Versions/A/Frameworks/CarbonCore.framework/Versions/A/CarbonCore
0x000000000ac9d000 	/System/Library/Frameworks/CoreServices.framework/Versions/A/Frameworks/Metadata.framework/Versions/A/Metadata
0x000000000ac9d000 	/System/Library/Frameworks/CoreServices.framework/Versions/A/Frameworks/OSServices.framework/Versions/A/OSServices
0x000000000ac9d000 	/System/Library/Frameworks/CoreServices.framework/Versions/A/Frameworks/SearchKit.framework/Versions/A/SearchKit
0x000000000ac9d000 	/System/Library/Frameworks/CoreServices.framework/Versions/A/Frameworks/AE.framework/Versions/A/AE
0x000000000ac9d000 	/System/Library/Frameworks/CoreServices.framework/Versions/A/Frameworks/LaunchServices.framework/Versions/A/LaunchServices
0x000000000ac9d000 	/System/Library/Frameworks/CoreServices.framework/Versions/A/Frameworks/DictionaryServices.framework/Versions/A/DictionaryServices
0x000000000ac9d000 	/System/Library/Frameworks/CoreServices.framework/Versions/A/Frameworks/SharedFileList.framework/Versions/A/SharedFileList
0x000000000ac9d000 	/System/Library/Frameworks/NetFS.framework/Versions/A/NetFS
0x000000000ac9d000 	/System/Library/PrivateFrameworks/NetAuth.framework/Versions/A/NetAuth
0x000000000ac9d000 	/System/Library/PrivateFrameworks/login.framework/Versions/A/Frameworks/loginsupport.framework/Versions/A/loginsupport
0x000000000ac9d000 	/System/Library/PrivateFrameworks/TCC.framework/Versions/A/TCC
0x000000000ac9d000 	/usr/lib/libmecabra.dylib
0x000000000ac9d000 	/System/Library/Frameworks/ApplicationServices.framework/Versions/A/Frameworks/ATS.framework/Versions/A/ATS
0x000000000ac9d000 	/System/Library/Frameworks/ApplicationServices.framework/Versions/A/Frameworks/ColorSyncLegacy.framework/Versions/A/ColorSyncLegacy
0x000000000ac9d000 	/System/Library/Frameworks/ApplicationServices.framework/Versions/A/Frameworks/HIServices.framework/Versions/A/HIServices
0x000000000ac9d000 	/System/Library/Frameworks/ApplicationServices.framework/Versions/A/Frameworks/LangAnalysis.framework/Versions/A/LangAnalysis
0x000000000ac9d000 	/System/Library/Frameworks/ApplicationServices.framework/Versions/A/Frameworks/PrintCore.framework/Versions/A/PrintCore
0x000000000ac9d000 	/System/Library/Frameworks/ApplicationServices.framework/Versions/A/Frameworks/QD.framework/Versions/A/QD
0x000000000ac9d000 	/System/Library/Frameworks/ApplicationServices.framework/Versions/A/Frameworks/SpeechSynthesis.framework/Versions/A/SpeechSynthesis
0x000000000ac9d000 	/System/Library/Frameworks/CoreDisplay.framework/Versions/A/CoreDisplay
0x000000000ac9d000 	/System/Library/Frameworks/Accelerate.framework/Versions/A/Frameworks/vImage.framework/Versions/A/vImage
0x000000000ac9d000 	/System/Library/Frameworks/Accelerate.framework/Versions/A/Frameworks/vecLib.framework/Versions/A/vecLib
0x000000000ac9d000 	/System/Library/Frameworks/Accelerate.framework/Versions/A/Frameworks/vecLib.framework/Versions/A/libvDSP.dylib
0x000000000ac9d000 	/System/Library/Frameworks/Accelerate.framework/Versions/A/Frameworks/vecLib.framework/Versions/A/libBNNS.dylib
0x000000000ac9d000 	/System/Library/Frameworks/Accelerate.framework/Versions/A/Frameworks/vecLib.framework/Versions/A/libQuadrature.dylib
0x000000000ac9d000 	/System/Library/Frameworks/Accelerate.framework/Versions/A/Frameworks/vecLib.framework/Versions/A/libvMisc.dylib
0x000000000ac9d000 	/System/Library/Frameworks/Accelerate.framework/Versions/A/Frameworks/vecLib.framework/Versions/A/libLAPACK.dylib
0x000000000ac9d000 	/System/Library/Frameworks/Accelerate.framework/Versions/A/Frameworks/vecLib.framework/Versions/A/libBLAS.dylib
0x000000000ac9d000 	/System/Library/Frameworks/Accelerate.framework/Versions/A/Frameworks/vecLib.framework/Versions/A/libLinearAlgebra.dylib
0x000000000ac9d000 	/System/Library/Frameworks/Accelerate.framework/Versions/A/Frameworks/vecLib.framework/Versions/A/libSparse.dylib
0x000000000ac9d000 	/System/Library/Frameworks/Accelerate.framework/Versions/A/Frameworks/vecLib.framework/Versions/A/libSparseBLAS.dylib
0x000000000ac9d000 	/System/Library/PrivateFrameworks/GPUWrangler.framework/Versions/A/GPUWrangler
0x000000000ac9d000 	/System/Library/PrivateFrameworks/IOAccelerator.framework/Versions/A/IOAccelerator
0x000000000ac9d000 	/System/Library/PrivateFrameworks/IOPresentment.framework/Versions/A/IOPresentment
0x000000000ac9d000 	/System/Library/PrivateFrameworks/DSExternalDisplay.framework/Versions/A/DSExternalDisplay
0x000000000ac9d000 	/System/Library/Frameworks/OpenGL.framework/Versions/A/Libraries/libCoreFSCache.dylib
0x000000000ac9d000 	/System/Library/Frameworks/CoreVideo.framework/Versions/A/CoreVideo
0x000000000ac9d000 	/System/Library/PrivateFrameworks/GraphVisualizer.framework/Versions/A/GraphVisualizer
0x000000000ac9d000 	/System/Library/Frameworks/MetalPerformanceShaders.framework/Versions/A/MetalPerformanceShaders
0x000000000ac9d000 	/usr/lib/libFosl_dynamic.dylib
0x000000000ac9d000 	/System/Library/PrivateFrameworks/FaceCore.framework/Versions/A/FaceCore
0x000000000ac9d000 	/System/Library/Frameworks/OpenCL.framework/Versions/A/OpenCL
0x000000000ac9d000 	/usr/lib/libcompression.dylib
0x000000000ac9d000 	/System/Library/Frameworks/ApplicationServices.framework/Versions/A/Frameworks/ATS.framework/Versions/A/Resources/libFontParser.dylib
0x000000000ac9d000 	/System/Library/Frameworks/ApplicationServices.framework/Versions/A/Frameworks/ATS.framework/Versions/A/Resources/libFontRegistry.dylib
0x000000000ac9d000 	/System/Library/Frameworks/ImageIO.framework/Versions/A/Resources/libJPEG.dylib
0x000000000ac9d000 	/System/Library/Frameworks/ImageIO.framework/Versions/A/Resources/libTIFF.dylib
0x000000000ac9d000 	/System/Library/Frameworks/ImageIO.framework/Versions/A/Resources/libPng.dylib
0x000000000ac9d000 	/System/Library/Frameworks/ImageIO.framework/Versions/A/Resources/libGIF.dylib
0x000000000ac9d000 	/System/Library/Frameworks/ImageIO.framework/Versions/A/Resources/libJP2.dylib
0x000000000ac9d000 	/System/Library/Frameworks/ImageIO.framework/Versions/A/Resources/libRadiance.dylib
0x000000000ac9d000 	/System/Library/PrivateFrameworks/AppleJPEG.framework/Versions/A/AppleJPEG
0x000000000ac9d000 	/System/Library/Frameworks/MetalPerformanceShaders.framework/Frameworks/MPSCore.framework/Versions/A/MPSCore
0x000000000ac9d000 	/System/Library/Frameworks/MetalPerformanceShaders.framework/Frameworks/MPSImage.framework/Versions/A/MPSImage
0x000000000ac9d000 	/System/Library/Frameworks/MetalPerformanceShaders.framework/Frameworks/MPSNeuralNetwork.framework/Versions/A/MPSNeuralNetwork
0x000000000ac9d000 	/System/Library/Frameworks/MetalPerformanceShaders.framework/Frameworks/MPSMatrix.framework/Versions/A/MPSMatrix
0x000000000ac9d000 	/System/Library/PrivateFrameworks/MetalTools.framework/Versions/A/MetalTools
0x000000000ac9d000 	/System/Library/Frameworks/OpenGL.framework/Versions/A/Libraries/libGLU.dylib
0x000000000ac9d000 	/System/Library/Frameworks/OpenGL.framework/Versions/A/Libraries/libGFXShared.dylib
0x000000000ac9d000 	/System/Library/Frameworks/OpenGL.framework/Versions/A/Libraries/libGL.dylib
0x000000000ac9d000 	/System/Library/Frameworks/OpenGL.framework/Versions/A/Libraries/libGLImage.dylib
0x000000000ac9d000 	/System/Library/Frameworks/OpenGL.framework/Versions/A/Libraries/libCVMSPluginSupport.dylib
0x000000000ac9d000 	/System/Library/Frameworks/OpenGL.framework/Versions/A/Libraries/libCoreVMClient.dylib
0x000000000ac9d000 	/usr/lib/libcups.2.dylib
0x000000000ac9d000 	/System/Library/Frameworks/Kerberos.framework/Versions/A/Kerberos
0x000000000ac9d000 	/System/Library/Frameworks/GSS.framework/Versions/A/GSS
0x000000000ac9d000 	/usr/lib/libresolv.9.dylib
0x000000000ac9d000 	/usr/lib/libiconv.2.dylib
0x000000000ac9d000 	/System/Library/PrivateFrameworks/Heimdal.framework/Versions/A/Heimdal
0x000000000ac9d000 	/usr/lib/libheimdal-asn1.dylib
0x000000000ac9d000 	/System/Library/Frameworks/OpenDirectory.framework/Versions/A/OpenDirectory
0x000000000ac9d000 	/System/Library/PrivateFrameworks/CommonAuth.framework/Versions/A/CommonAuth
0x000000000ac9d000 	/System/Library/Frameworks/OpenDirectory.framework/Versions/A/Frameworks/CFOpenDirectory.framework/Versions/A/CFOpenDirectory
0x000000000ac9d000 	/System/Library/Frameworks/SecurityFoundation.framework/Versions/A/SecurityFoundation
0x000000000ac9d000 	/System/Library/PrivateFrameworks/APFS.framework/Versions/A/APFS
0x000000000ac9d000 	/usr/lib/libutil.dylib
0x000000000ac9d000 	/System/Library/PrivateFrameworks/AppleSauce.framework/Versions/A/AppleSauce
0x000000000ac9d000 	/System/Library/PrivateFrameworks/LinguisticData.framework/Versions/A/LinguisticData
0x000000000ac9d000 	/usr/lib/libmarisa.dylib
0x000000000ac9d000 	/System/Library/PrivateFrameworks/Lexicon.framework/Versions/A/Lexicon
0x000000000ac9d000 	/usr/lib/libChineseTokenizer.dylib
0x000000000ac9d000 	/usr/lib/libcmph.dylib
0x000000000ac9d000 	/System/Library/PrivateFrameworks/LanguageModeling.framework/Versions/A/LanguageModeling
0x000000000ac9d000 	/System/Library/PrivateFrameworks/CoreEmoji.framework/Versions/A/CoreEmoji
0x000000000ac9d000 	/System/Library/Frameworks/ServiceManagement.framework/Versions/A/ServiceManagement
0x000000000ac9d000 	/System/Library/PrivateFrameworks/BackgroundTaskManagement.framework/Versions/A/BackgroundTaskManagement
0x000000000ac9d000 	/usr/lib/libxslt.1.dylib
0x000000000ac9d000 	/System/Library/Frameworks/Carbon.framework/Versions/A/Frameworks/Ink.framework/Versions/A/Ink
0x000000000ac9d000 	/System/Library/PrivateFrameworks/TextureIO.framework/Versions/A/TextureIO
0x000000000ac9d000 	/usr/lib/libate.dylib
0x000000000ac9d000 	/System/Library/PrivateFrameworks/CrashReporterSupport.framework/Versions/A/CrashReporterSupport
0x000000000ac9d000 	/System/Library/PrivateFrameworks/Sharing.framework/Versions/A/Sharing
0x000000000ac9d000 	/System/Library/PrivateFrameworks/IconServices.framework/Versions/A/IconServices
0x000000000ac9d000 	/System/Library/PrivateFrameworks/AuthKit.framework/Versions/A/AuthKit
0x000000000ac9d000 	/System/Library/PrivateFrameworks/Apple80211.framework/Versions/A/Apple80211
0x000000000ac9d000 	/System/Library/PrivateFrameworks/CoreUtils.framework/Versions/A/CoreUtils
0x000000000ac9d000 	/System/Library/Frameworks/CoreWLAN.framework/Versions/A/CoreWLAN
0x000000000ac9d000 	/System/Library/Frameworks/IOBluetooth.framework/Versions/A/IOBluetooth
0x000000000ac9d000 	/System/Library/PrivateFrameworks/ProtocolBuffer.framework/Versions/A/ProtocolBuffer
0x000000000ac9d000 	/System/Library/PrivateFrameworks/MobileKeyBag.framework/Versions/A/MobileKeyBag
0x000000000ac9d000 	/System/Library/PrivateFrameworks/CorePhoneNumbers.framework/Versions/A/CorePhoneNumbers
0x000000000ac9d000 	/System/Library/PrivateFrameworks/AppleIDAuthSupport.framework/Versions/A/AppleIDAuthSupport
0x000000000ac9d000 	/System/Library/PrivateFrameworks/KeychainCircle.framework/Versions/A/KeychainCircle
0x000000000ac9d000 	/System/Library/PrivateFrameworks/CoreWiFi.framework/Versions/A/CoreWiFi
0x000000000ac9d000 	/System/Library/Frameworks/CoreBluetooth.framework/Versions/A/CoreBluetooth
0x000000000ac9d000 	/System/Library/PrivateFrameworks/DebugSymbols.framework/Versions/A/DebugSymbols
0x000000000ac9d000 	/System/Library/PrivateFrameworks/CoreSymbolication.framework/Versions/A/CoreSymbolication
0x000000000ac9d000 	/System/Library/PrivateFrameworks/Symbolication.framework/Versions/A/Symbolication
0x000000000ac9d000 	/System/Library/PrivateFrameworks/AppleFSCompression.framework/Versions/A/AppleFSCompression
0x000000000ac9d000 	/System/Library/PrivateFrameworks/SpeechRecognitionCore.framework/Versions/A/SpeechRecognitionCore
0x0000000107000000 	/Library/Java/JavaVirtualMachines/jdk1.8.0_102.jdk/Contents/Home/jre/lib/server/libjvm.dylib
0x000000000ac9d000 	/usr/lib/libstdc++.6.0.9.dylib
0x00000001066ea000 	/Library/Java/JavaVirtualMachines/jdk1.8.0_102.jdk/Contents/Home/jre/lib/libverify.dylib
0x00000001066f8000 	/Library/Java/JavaVirtualMachines/jdk1.8.0_102.jdk/Contents/Home/jre/lib/libjava.dylib
0x0000000106777000 	/Library/Java/JavaVirtualMachines/jdk1.8.0_102.jdk/Contents/Home/jre/lib/libzip.dylib
0x000000000ac9d000 	/System/Library/Frameworks/JavaVM.framework/Versions/A/Frameworks/JavaRuntimeSupport.framework/Versions/A/JavaRuntimeSupport
0x000000000ac9d000 	/System/Library/Frameworks/JavaVM.framework/Versions/A/Frameworks/JavaNativeFoundation.framework/Versions/A/JavaNativeFoundation
0x000000000ac9d000 	/System/Library/Frameworks/JavaVM.framework/Versions/A/JavaVM
0x000000000ac9d000 	/System/Library/Frameworks/Carbon.framework/Versions/A/Carbon
0x000000000ac9d000 	/System/Library/PrivateFrameworks/JavaLaunching.framework/Versions/A/JavaLaunching
0x000000000ac9d000 	/System/Library/Frameworks/Carbon.framework/Versions/A/Frameworks/CommonPanels.framework/Versions/A/CommonPanels
0x000000000ac9d000 	/System/Library/Frameworks/Carbon.framework/Versions/A/Frameworks/Help.framework/Versions/A/Help
0x000000000ac9d000 	/System/Library/Frameworks/Carbon.framework/Versions/A/Frameworks/ImageCapture.framework/Versions/A/ImageCapture
0x000000000ac9d000 	/System/Library/Frameworks/Carbon.framework/Versions/A/Frameworks/OpenScripting.framework/Versions/A/OpenScripting
0x000000000ac9d000 	/System/Library/Frameworks/Carbon.framework/Versions/A/Frameworks/Print.framework/Versions/A/Print
0x000000000ac9d000 	/System/Library/Frameworks/Carbon.framework/Versions/A/Frameworks/SecurityHI.framework/Versions/A/SecurityHI
0x000000011f318000 	/Library/Java/JavaVirtualMachines/jdk1.8.0_102.jdk/Contents/Home/jre/lib/libnio.dylib
0x000000011f328000 	/Library/Java/JavaVirtualMachines/jdk1.8.0_102.jdk/Contents/Home/jre/lib/./libnet.dylib

VM Arguments:
jvm_args: -Dfile.encoding=UTF-8 
java_command: br.inpe.cap.asniffer.ASniffer /Users/helena/Documents/workspace/vem /Users/helena/Documents/workspace/vem single
java_class_path (initial): /Library/Java/JavaVirtualMachines/jdk1.8.0_102.jdk/Contents/Home/jre/lib/resources.jar:/Library/Java/JavaVirtualMachines/jdk1.8.0_102.jdk/Contents/Home/jre/lib/rt.jar:/Library/Java/JavaVirtualMachines/jdk1.8.0_102.jdk/Contents/Home/jre/lib/jsse.jar:/Library/Java/JavaVirtualMachines/jdk1.8.0_102.jdk/Contents/Home/jre/lib/jce.jar:/Library/Java/JavaVirtualMachines/jdk1.8.0_102.jdk/Contents/Home/jre/lib/charsets.jar:/Library/Java/JavaVirtualMachines/jdk1.8.0_102.jdk/Contents/Home/jre/lib/jfr.jar:/Library/Java/JavaVirtualMachines/jdk1.8.0_102.jdk/Contents/Home/jre/lib/ext/cldrdata.jar:/Library/Java/JavaVirtualMachines/jdk1.8.0_102.jdk/Contents/Home/jre/lib/ext/dnsns.jar:/Library/Java/JavaVirtualMachines/jdk1.8.0_102.jdk/Contents/Home/jre/lib/ext/jaccess.jar:/Library/Java/JavaVirtualMachines/jdk1.8.0_102.jdk/Contents/Home/jre/lib/ext/jfxrt.jar:/Library/Java/JavaVirtualMachines/jdk1.8.0_102.jdk/Contents/Home/jre/lib/ext/localedata.jar:/Library/Java/JavaVirtualMachines/jdk1.8.0_102.jdk/Contents/Home/jre/lib/ext/nashorn.jar:/Library/Java/JavaVirtualMachines/jdk1.8.0_102.jdk/Contents/Home/jre/lib/ext/sunec.jar:/Library/Java/JavaVirtualMachines/jdk1.8.0_102.jdk/Contents/Home/jre/lib/ext/sunjce_provider.jar:/Library/Java/JavaVirtualMachines/jdk1.8.0_102.jdk/Contents/Home/jre/lib/ext/sunpkcs11.jar:/Library/Java/JavaVirtualMachines/jdk1.8.0_102.jdk/Contents/Home/jre/lib/ext/zipfs.jar:/System/Library/Java/Extensions/MRJToolkit.jar:/Users/helena/Documents/workspace/asniffer/target/classes:/Users/helena/.m2/repository/org/eclipse/jdt/org.eclipse.jdt.core/3.12.2/org.eclipse.jdt.core-3.12.2.jar:/Users/helena/.m2/repository/org/eclipse/platform/org.eclipse.core.resources/3.13.100/org.eclipse.core.resources-3.13.100.jar:/Users/helena/.m2/repository/org/eclipse/platform/org.eclipse.core.expressions/3.6.200/org.eclipse.core.expressions-3.6.200.jar:/Users/helena/.m2/repository/org/eclipse/platform/org.eclipse.core.runtime/3.15.0/org.eclipse.core.runtime-3.15.0.
Launcher Type: SUN_STANDARD

Environment Variables:
PATH=/usr/bin:/bin:/usr/sbin:/sbin
SHELL=/bin/bash
DISPLAY=/private/tmp/com.apple.launchd.yOsv1rdSq4/org.macosforge.xquartz:0

Signal Handlers:
SIGSEGV: [libjvm.dylib+0x5b0579], sa_mask[0]=11111111011111110111111111111111, sa_flags=SA_ONSTACK|SA_RESTART|SA_SIGINFO
SIGBUS: [libjvm.dylib+0x5b0579], sa_mask[0]=11111111011111110111111111111111, sa_flags=SA_RESTART|SA_SIGINFO
SIGFPE: [libjvm.dylib+0x4874e4], sa_mask[0]=11111111011111110111111111111111, sa_flags=SA_RESTART|SA_SIGINFO
SIGPIPE: [libjvm.dylib+0x4874e4], sa_mask[0]=11111111011111110111111111111111, sa_flags=SA_RESTART|SA_SIGINFO
SIGXFSZ: [libjvm.dylib+0x4874e4], sa_mask[0]=11111111011111110111111111111111, sa_flags=SA_RESTART|SA_SIGINFO
SIGILL: [libjvm.dylib+0x4874e4], sa_mask[0]=11111111011111110111111111111111, sa_flags=SA_RESTART|SA_SIGINFO
SIGUSR1: SIG_DFL, sa_mask[0]=00000000000000000000000000000000, sa_flags=none
SIGUSR2: [libjvm.dylib+0x487002], sa_mask[0]=00100000000000000000000000000000, sa_flags=SA_RESTART|SA_SIGINFO
SIGHUP: [libjvm.dylib+0x4855d9], sa_mask[0]=11111111011111110111111111111111, sa_flags=SA_RESTART|SA_SIGINFO
SIGINT: [libjvm.dylib+0x4855d9], sa_mask[0]=11111111011111110111111111111111, sa_flags=SA_RESTART|SA_SIGINFO
SIGTERM: [libjvm.dylib+0x4855d9], sa_mask[0]=11111111011111110111111111111111, sa_flags=SA_RESTART|SA_SIGINFO
SIGQUIT: [libjvm.dylib+0x4855d9], sa_mask[0]=11111111011111110111111111111111, sa_flags=SA_RESTART|SA_SIGINFO


---------------  S Y S T E M  ---------------

OS:Bsduname:Darwin 17.7.0 Darwin Kernel Version 17.7.0: Sun Jun  2 20:31:42 PDT 2019; root:xnu-4570.71.46~1/RELEASE_X86_64 x86_64
rlimit: STACK 8192k, CORE 0k, NPROC 709, NOFILE 10240, AS infinity
load average:2.21 2.10 2.80

CPU:total 4 (2 cores per cpu, 2 threads per core) family 6 model 42 stepping 7, cmov, cx8, fxsr, mmx, sse, sse2, sse3, ssse3, sse4.1, sse4.2, popcnt, avx, aes, clmul, ht, tsc, tscinvbit

Memory: 4k page, physical 8388608k(16344k free)

/proc/meminfo:


vm_info: Java HotSpot(TM) 64-Bit Server VM (25.102-b14) for bsd-amd64 JRE (1.8.0_102-b14), built on Jun 22 2016 11:42:36 by "java_re" with gcc 4.2.1 (Based on Apple Inc. build 5658) (LLVM build 2336.11.00)

time: Thu Nov  7 13:49:17 2019
elapsed time: 10 seconds (0d 0h 0m 10s)

