#
# A fatal error has been detected by the Java Runtime Environment:
#
#  SIGBUS (0xa) at pc=0x00007fffc3c3d15a, pid=3225, tid=0x0000000000002303
#
# JRE version: Java(TM) SE Runtime Environment (8.0_102-b14) (build 1.8.0_102-b14)
# Java VM: Java HotSpot(TM) 64-Bit Server VM (25.102-b14 mixed mode bsd-amd64 compressed oops)
# Problematic frame:
# C  [libsystem_platform.dylib+0x215a]  _platform_memmove$VARIANT$Nehalem+0xfa
#
# Failed to write core dump. Core dumps have been disabled. To enable core dumping, try "ulimit -c unlimited" before starting Java again
#
# If you would like to submit a bug report, please visit:
#   http://bugreport.java.com/bugreport/crash.jsp
#

---------------  T H R E A D  ---------------

Current thread (0x00007fb444804800):  GCTaskThread [stack: 0x000070000ea66000,0x000070000eb66000] [id=8963]

siginfo: si_signo: 10 (SIGBUS), si_code: 2 (BUS_ADRERR), si_addr: 0x00000007ac680000

Registers:
RAX=0x00000007460f1b30, RBX=0x0000000000000001, RCX=0x0000000000000010, RDX=0x00000000063c9700
RSP=0x000070000eb65c60, RBP=0x000070000eb65c60, RSI=0x00000007ac67ffe0, RDI=0x000000074f7f5d80
R8 =0x000000010a0e5e16, R9 =0x00000007460f1b30, R10=0x0000000755bbf4c0, R11=0xffffffffa3175da0
R12=0x00007fb443811c01, R13=0x00000007460f1b30, R14=0x00007fb443811c00, R15=0x0000000001f59b32
RIP=0x00007fffc3c3d15a, EFLAGS=0x0000000000010202, ERR=0x0000000000000004
  TRAPNO=0x000000000000000e

Top of Stack: (sp=0x000070000eb65c60)
0x000070000eb65c60:   000070000eb65c70 000000010999bf6c
0x000070000eb65c70:   000070000eb65ce0 0000000109cc6f30
0x000070000eb65c80:   00000007460c1929 00000007a2f7bd90
0x000070000eb65c90:   00000007a4ab41d0 0000000000001000
0x000070000eb65ca0:   000000010ab91681 00000007460d0010
0x000070000eb65cb0:   0000000000000009 00000007a4ab8239
0x000070000eb65cc0:   000000010a0e5e16 00000007a4ab8239
0x000070000eb65cd0:   00000007a4ab8238 00007fb443811c98
0x000070000eb65ce0:   000070000eb65d00 0000000109cc724f
0x000070000eb65cf0:   00007fb443811c00 00007fb443811c60
0x000070000eb65d00:   000070000eb65d60 0000000109cc61e2
0x000070000eb65d10:   fffffffef546e77f 0100000003a3077e
0x000070000eb65d20:   00000007a4ab8239 000000010ab91601
0x000070000eb65d30:   000070000eb65d60 0000000000000000
0x000070000eb65d40:   0000000000000000 0000000109e137ba
0x000070000eb65d50:   00007fb445818570 00007fb443811c00
0x000070000eb65d60:   000070000eb65db0 0000000109cc9e7d
0x000070000eb65d70:   0000000000000000 0000000000000000
0x000070000eb65d80:   000070000eb65db0 00007fb444804800
0x000070000eb65d90:   0000000000000000 0000000109e137ba
0x000070000eb65da0:   00007fb445818570 0000000000000001
0x000070000eb65db0:   000070000eb65e90 0000000109a761ff
0x000070000eb65dc0:   000070000eb65df0 00007fb443605930
0x000070000eb65dd0:   00007fb443605960 00007fb443605970
0x000070000eb65de0:   00007fb443605d48 00000000000003d8
0x000070000eb65df0:   00007fb444804800 00007fb443605d50
0x000070000eb65e00:   00007fb443605d90 00007fb443605da0
0x000070000eb65e10:   00007fb443605e78 00000000000000d8
0x000070000eb65e20:   000070000eb65e30 0000000000000000
0x000070000eb65e30:   00007fb444804800 00007fb443605d50
0x000070000eb65e40:   00007fb443605d90 00007fb443605da0
0x000070000eb65e50:   00007fb443605e78 00000000000000d8 

Instructions: (pc=0x00007fffc3c3d15a)
0x00007fffc3c3d13a:   d4 eb 33 0f 1f 00 0f 29 0f 0f 29 57 10 0f 29 5f
0x00007fffc3c3d14a:   20 0f 29 67 30 48 83 c7 40 0f 28 0e 0f 28 56 10
0x00007fffc3c3d15a:   0f 28 5e 20 0f 28 66 30 48 83 c6 40 48 83 ea 40
0x00007fffc3c3d16a:   77 d4 0f 1f 40 00 0f 10 2c 16 0f 10 74 16 10 0f 

Register to memory mapping:

RAX=0x00000007460f1b30 is an oop
